<?xml version="1.0" encoding="utf-8"?><testsuites name="pytest tests"><testsuite name="pytest" errors="0" failures="0" skipped="0" tests="9" time="2.564" timestamp="2026-03-09T15:02:04.980238+00:00" hostname="agent-env-1b9dd81a-9960-4526-9588-b80b90872523"><testcase classname="backend.tests.test_admin_user_removal.TestAdminUserRemoval" name="test_delete_user_requires_auth" time="0.725" /><testcase classname="backend.tests.test_admin_user_removal.TestAdminUserRemoval" name="test_admin_cannot_delete_self" time="0.118" /><testcase classname="backend.tests.test_admin_user_removal.TestAdminUserRemoval" name="test_delete_nonexistent_user_returns_404" time="0.189" /><testcase classname="backend.tests.test_admin_user_removal.TestAdminUserRemoval" name="test_non_admin_gets_403" time="0.482" /><testcase classname="backend.tests.test_admin_user_removal.TestAdminUserRemoval" name="test_admin_users_list_endpoint" time="0.130" /><testcase classname="backend.tests.test_admin_user_removal.TestAdminUserRemoval" name="test_admin_users_search_filter" time="0.197" /><testcase classname="backend.tests.test_admin_user_removal.TestAdminUserRemoval" name="test_admin_users_role_filter" time="0.133" /><testcase classname="backend.tests.test_admin_user_removal.TestAdminUserRemoval" name="test_delete_endpoint_exists" time="0.117" /><testcase classname="backend.tests.test_admin_user_removal.TestAdminUserRemovalIntegration" name="test_full_user_removal_flow" time="0.408" /></testsuite></testsuites>