<?xml version="1.0" encoding="utf-8"?><testsuites name="pytest tests"><testsuite name="pytest" errors="0" failures="0" skipped="0" tests="23" time="6.027" timestamp="2026-03-05T21:18:52.785944+00:00" hostname="agent-env-d407b817-4ef3-4eef-8d8e-e32d5c5d5ea5"><testcase classname="backend.tests.test_admin_panel.TestBetaSignups" name="test_admin_can_list_beta_signups" time="0.573" /><testcase classname="backend.tests.test_admin_panel.TestBetaSignups" name="test_admin_can_export_csv" time="0.180" /><testcase classname="backend.tests.test_admin_panel.TestBetaSignups" name="test_non_admin_cannot_list_beta_signups" time="0.513" /><testcase classname="backend.tests.test_admin_panel.TestInviteCodes" name="test_admin_can_list_invite_codes" time="0.166" /><testcase classname="backend.tests.test_admin_panel.TestInviteCodes" name="test_admin_can_generate_single_code" time="0.148" /><testcase classname="backend.tests.test_admin_panel.TestInviteCodes" name="test_non_admin_cannot_generate_codes" time="0.148" /><testcase classname="backend.tests.test_admin_panel.TestDailyPrompts" name="test_admin_can_list_all_prompts" time="0.133" /><testcase classname="backend.tests.test_admin_panel.TestDailyPrompts" name="test_admin_can_create_prompt" time="0.132" /><testcase classname="backend.tests.test_admin_panel.TestDailyPrompts" name="test_admin_can_update_prompt" time="0.271" /><testcase classname="backend.tests.test_admin_panel.TestDailyPrompts" name="test_admin_can_toggle_prompt_active" time="0.430" /><testcase classname="backend.tests.test_admin_panel.TestDailyPrompts" name="test_non_admin_cannot_access_admin_prompts" time="0.109" /><testcase classname="backend.tests.test_admin_panel.TestBingoSquares" name="test_admin_can_list_bingo_squares" time="0.105" /><testcase classname="backend.tests.test_admin_panel.TestBingoSquares" name="test_admin_can_create_square" time="0.120" /><testcase classname="backend.tests.test_admin_panel.TestBingoSquares" name="test_admin_can_toggle_square_active" time="0.332" /><testcase classname="backend.tests.test_admin_panel.TestBingoSquares" name="test_non_admin_cannot_access_admin_squares" time="0.116" /><testcase classname="backend.tests.test_admin_panel.TestReports" name="test_admin_can_list_reports" time="0.113" /><testcase classname="backend.tests.test_admin_panel.TestReports" name="test_admin_can_update_report_status" time="0.376" /><testcase classname="backend.tests.test_admin_panel.TestReports" name="test_report_status_validation" time="0.269" /><testcase classname="backend.tests.test_admin_panel.TestReports" name="test_non_admin_cannot_access_reports" time="0.121" /><testcase classname="backend.tests.test_admin_panel.TestPlatformSettings" name="test_admin_can_get_settings" time="0.114" /><testcase classname="backend.tests.test_admin_panel.TestPlatformSettings" name="test_admin_can_update_platform_fee" time="0.408" /><testcase classname="backend.tests.test_admin_panel.TestPlatformSettings" name="test_non_admin_cannot_access_settings" time="0.108" /><testcase classname="backend.tests.test_admin_panel.TestAccessControl" name="test_unauthenticated_blocked_from_admin" time="0.936" /></testsuite></testsuites>