<?xml version="1.0" encoding="utf-8"?><testsuites name="pytest tests"><testsuite name="pytest" errors="0" failures="0" skipped="0" tests="5" time="1.760" timestamp="2026-03-17T16:17:28.785448+00:00" hostname="agent-env-923d62ad-f2e0-4a3a-8f66-b75bedb00f96"><testcase classname="backend.tests.test_album_art_mood_grid.TestDiscogsSearchAlbumArt" name="test_discogs_search_lana_del_rey_returns_cover_urls" time="1.060" /><testcase classname="backend.tests.test_album_art_mood_grid.TestDiscogsSearchAlbumArt" name="test_discogs_search_taylor_swift_returns_cover_urls" time="0.288" /><testcase classname="backend.tests.test_album_art_mood_grid.TestDiscogsSearchAlbumArt" name="test_discogs_cover_url_is_jpeg_not_webp" time="0.330" /><testcase classname="backend.tests.test_album_art_mood_grid.TestMoodGridConfiguration" name="test_spin_party_emoji_is_disco_ball" time="0.001" /><testcase classname="backend.tests.test_album_art_mood_grid.TestMoodGridConfiguration" name="test_mood_buttons_have_uniform_height" time="0.000" /></testsuite></testsuites>