<?xml version="1.0" encoding="utf-8"?><testsuites name="pytest tests"><testsuite name="pytest" errors="0" failures="0" skipped="0" tests="12" time="2.609" timestamp="2026-03-06T17:26:25.542051+00:00" hostname="agent-env-e1eeaa31-52e6-43af-b515-f876435c88ba"><testcase classname="tests.test_bingo_api.TestBingoCurrentEndpoint" name="test_get_current_bingo_returns_200" time="0.574" /><testcase classname="tests.test_bingo_api.TestBingoCurrentEndpoint" name="test_bingo_card_has_25_squares" time="0.113" /><testcase classname="tests.test_bingo_api.TestBingoCurrentEndpoint" name="test_bingo_card_has_free_space_at_center" time="0.129" /><testcase classname="tests.test_bingo_api.TestBingoCurrentEndpoint" name="test_bingo_response_has_required_fields" time="0.125" /><testcase classname="tests.test_bingo_api.TestBingoCurrentEndpoint" name="test_bingo_is_not_locked" time="0.120" /><testcase classname="tests.test_bingo_api.TestBingoMarkEndpoint" name="test_mark_square_success" time="0.122" /><testcase classname="tests.test_bingo_api.TestBingoMarkEndpoint" name="test_mark_invalid_index_fails" time="0.106" /><testcase classname="tests.test_bingo_api.TestBingoMarkEndpoint" name="test_mark_free_space_fails" time="0.117" /><testcase classname="tests.test_bingo_api.TestBingoMarkEndpoint" name="test_toggle_mark_works" time="0.363" /><testcase classname="tests.test_bingo_api.TestBingoExportEndpoint" name="test_export_returns_image" time="0.532" /><testcase classname="tests.test_bingo_api.TestBingoUnauthorized" name="test_get_current_without_auth_fails" time="0.114" /><testcase classname="tests.test_bingo_api.TestBingoUnauthorized" name="test_mark_without_auth_fails" time="0.129" /></testsuite></testsuites>