<?xml version="1.0" encoding="utf-8"?><testsuites name="pytest tests"><testsuite name="pytest" errors="0" failures="0" skipped="0" tests="8" time="1.610" timestamp="2026-03-11T02:10:19.901477+00:00" hostname="agent-env-7feaeb1b-c376-4a5e-a3b3-dde98a89c34e"><testcase classname="backend.tests.test_block177_feed_lockdown.TestFeedLockdown" name="test_feed_returns_only_allowed_types" time="0.583" /><testcase classname="backend.tests.test_block177_feed_lockdown.TestFeedLockdown" name="test_feed_excludes_discogs_import" time="0.128" /><testcase classname="backend.tests.test_block177_feed_lockdown.TestFeedLockdown" name="test_feed_excludes_posts_without_required_captions" time="0.110" /><testcase classname="backend.tests.test_block177_feed_lockdown.TestFeedLockdown" name="test_feed_includes_allowed_types_without_caption_requirement" time="0.114" /><testcase classname="backend.tests.test_block177_feed_lockdown.TestExploreFeedLockdown" name="test_explore_returns_only_allowed_types" time="0.106" /><testcase classname="backend.tests.test_block177_feed_lockdown.TestExploreFeedLockdown" name="test_explore_excludes_posts_without_required_captions" time="0.117" /><testcase classname="backend.tests.test_block177_feed_lockdown.TestDatabasePurge" name="test_only_real_accounts_remain" time="0.391" /><testcase classname="backend.tests.test_block177_feed_lockdown.TestPostTypeValidation" name="test_allowed_post_types_constant" time="0.000" /></testsuite></testsuites>