<?xml version="1.0" encoding="utf-8"?><testsuites name="pytest tests"><testsuite name="pytest" errors="0" failures="0" skipped="1" tests="19" time="9.077" timestamp="2026-03-09T03:49:58.999002+00:00" hostname="agent-env-51a958b2-3fda-447a-8c30-719c74b1c94b"><testcase classname="tests.test_block3_payout_verification.TestPayoutEstimator" name="test_estimate_payout_basic" time="0.759" /><testcase classname="tests.test_block3_payout_verification.TestPayoutEstimator" name="test_estimate_payout_fee_calculation" time="0.506" /><testcase classname="tests.test_block3_payout_verification.TestPayoutEstimator" name="test_estimate_payout_zero_price" time="0.535" /><testcase classname="tests.test_block3_payout_verification.TestPulseEndpoint" name="test_pulse_returns_expected_structure" time="1.004" /><testcase classname="tests.test_block3_payout_verification.TestPulseEndpoint" name="test_pulse_hot_range_calculation" time="1.019" /><testcase classname="tests.test_block3_payout_verification.TestAutoPayoutCron" name="test_shipping_delivered_sets_payout_pending" time="0.483" /><testcase classname="tests.test_block3_payout_verification.TestAutoPayoutCron" name="test_payout_cron_module_exists" time="0.112" /><testcase classname="tests.test_block3_payout_verification.TestVerificationStatus" name="test_verification_status_returns_structure" time="0.441" /><testcase classname="tests.test_block3_payout_verification.TestVerificationSubmit" name="test_verification_submit_requires_auth" time="0.131" /><testcase classname="tests.test_block3_payout_verification.TestVerificationSubmit" name="test_verification_submit_requires_file" time="0.489" /><testcase classname="tests.test_block3_payout_verification.TestAdminVerificationEndpoints" name="test_admin_queue_requires_admin" time="0.446" /><testcase classname="tests.test_block3_payout_verification.TestAdminVerificationEndpoints" name="test_admin_queue_with_admin" time="0.434" /><testcase classname="tests.test_block3_payout_verification.TestAdminVerificationEndpoints" name="test_admin_unblur_requires_admin" time="0.453" /><testcase classname="tests.test_block3_payout_verification.TestAdminVerificationEndpoints" name="test_admin_approve_requires_admin" time="0.464" /><testcase classname="tests.test_block3_payout_verification.TestAdminVerificationEndpoints" name="test_admin_deny_requires_admin" time="0.455" /><testcase classname="tests.test_block3_payout_verification.TestGoldenHiveUserStatus" name="test_user_response_includes_golden_hive" time="0.455" /><testcase classname="tests.test_block3_payout_verification.TestListingShippingCost" name="test_listing_create_accepts_shipping_cost" time="0.476" /><testcase classname="tests.test_block3_payout_verification.TestListingShippingCost" name="test_listings_response_includes_shipping_cost" time="0.125" /><testcase classname="tests.test_block3_payout_verification.TestPricingAssist" name="test_pricing_assist_endpoint" time="0.206"><skipped type="pytest.skip" message="Could not authenticate test user: {&quot;detail&quot;:&quot;Email already registered&quot;}">/app/backend/tests/test_block3_payout_verification.py:45: Could not authenticate test user: {"detail":"Email already registered"}</skipped></testcase></testsuite></testsuites>