<?xml version="1.0" encoding="utf-8"?><testsuites name="pytest tests"><testsuite name="pytest" errors="0" failures="0" skipped="0" tests="10" time="5.619" timestamp="2026-03-11T14:44:08.544291+00:00" hostname="agent-env-c2c4194e-1898-4ec6-b245-5f7c2a5ac35a"><testcase classname="backend.tests.test_block247_valuation_wizard.TestValuationWizard" name="test_unvalued_queue_returns_200" time="0.481" /><testcase classname="backend.tests.test_block247_valuation_wizard.TestValuationWizard" name="test_unvalued_queue_requires_auth" time="0.508" /><testcase classname="backend.tests.test_block247_valuation_wizard.TestValuationWizard" name="test_wizard_save_requires_auth" time="0.498" /><testcase classname="backend.tests.test_block247_valuation_wizard.TestValuationWizard" name="test_wizard_save_rejects_zero_value" time="0.445" /><testcase classname="backend.tests.test_block247_valuation_wizard.TestValuationWizard" name="test_wizard_save_rejects_negative_value" time="0.432" /><testcase classname="backend.tests.test_block247_valuation_wizard.TestValuationWizard" name="test_wizard_save_valid_value_returns_200" time="0.465" /><testcase classname="backend.tests.test_block247_valuation_wizard.TestValuationWizard" name="test_collection_value_returns_valued_count" time="0.476" /><testcase classname="backend.tests.test_block247_valuation_wizard.TestValuationWizard" name="test_add_record_then_check_queue_then_save_value" time="0.943" /><testcase classname="backend.tests.test_block247_valuation_wizard.TestValuationWizard" name="test_queue_item_has_required_fields" time="0.728" /><testcase classname="backend.tests.test_block247_valuation_wizard.TestValuationWizard" name="test_wizard_save_creates_community_valuation" time="0.569" /></testsuite></testsuites>