<?xml version="1.0" encoding="utf-8"?><testsuites name="pytest tests"><testsuite name="pytest" errors="0" failures="0" skipped="0" tests="11" time="5.144" timestamp="2026-03-10T19:13:08.217022+00:00" hostname="agent-env-1bf61061-3c00-44c8-8354-67dbb354c978"><testcase classname="backend.tests.test_block85_rarity_demote_ui.TestBlock85RarityEngine" name="test_rarity_endpoint_returns_tier_for_igor" time="0.462" /><testcase classname="backend.tests.test_block85_rarity_demote_ui.TestBlock85RarityEngine" name="test_rarity_endpoint_returns_discogs_id" time="0.482" /><testcase classname="backend.tests.test_block85_rarity_demote_ui.TestBlock85RarityEngine" name="test_rarity_tier_thresholds" time="0.443" /><testcase classname="backend.tests.test_block85_rarity_demote_ui.TestBlock85DemoteEndpoint" name="test_demote_endpoint_exists" time="0.398" /><testcase classname="backend.tests.test_block85_rarity_demote_ui.TestBlock85DemoteEndpoint" name="test_demote_workflow_create_promote_demote" time="0.860" /><testcase classname="backend.tests.test_block85_rarity_demote_ui.TestBlock85DemoteEndpoint" name="test_demote_returns_correct_message" time="0.559" /><testcase classname="backend.tests.test_block85_rarity_demote_ui.TestBlock85DemoteEndpoint" name="test_demote_without_auth_fails" time="0.117" /><testcase classname="backend.tests.test_block85_rarity_demote_ui.TestBlock85UIComponentsBackend" name="test_iso_items_have_status_field_for_bolt_icon" time="0.489" /><testcase classname="backend.tests.test_block85_rarity_demote_ui.TestBlock85UIComponentsBackend" name="test_dreamlist_returns_all_wishlist_items" time="0.410" /><testcase classname="backend.tests.test_block85_rarity_demote_ui.TestBlock85UIComponentsBackend" name="test_iso_endpoint_excludes_wishlist_items" time="0.408" /><testcase classname="backend.tests.test_block85_rarity_demote_ui.TestBlock85RarityRarityCard" name="test_rarity_returns_owners_wantlist_for_sale" time="0.433" /></testsuite></testsuites>