<?xml version="1.0" encoding="utf-8"?><testsuites name="pytest tests"><testsuite name="pytest" errors="0" failures="0" skipped="0" tests="8" time="1.699" timestamp="2026-03-11T00:58:31.511098+00:00" hostname="agent-env-7feaeb1b-c376-4a5e-a3b3-dde98a89c34e"><testcase classname="backend.tests.test_block169_duplicate_detection.TestDuplicateDetectionBackend" name="test_check_ownership_returns_copy_count_for_owned_record" time="0.486" /><testcase classname="backend.tests.test_block169_duplicate_detection.TestDuplicateDetectionBackend" name="test_check_ownership_returns_zero_for_unowned_record" time="0.150" /><testcase classname="backend.tests.test_block169_duplicate_detection.TestDuplicateDetectionBackend" name="test_check_ownership_by_artist_title" time="0.150" /><testcase classname="backend.tests.test_block169_duplicate_detection.TestDuplicateDetectionBackend" name="test_check_ownership_no_params_returns_false" time="0.120" /><testcase classname="backend.tests.test_block169_duplicate_detection.TestDuplicateDetectionBackend" name="test_check_ownership_requires_auth" time="0.163" /><testcase classname="backend.tests.test_block169_duplicate_detection.TestDuplicateDetectionBackend" name="test_add_record_with_instance_id_allows_duplicate" time="0.341" /><testcase classname="backend.tests.test_block169_duplicate_detection.TestDuplicateDetectionBackend" name="test_user_records_endpoint_returns_records" time="0.120" /><testcase classname="backend.tests.test_block169_duplicate_detection.TestDuplicateDetectionBackend" name="test_get_my_records_endpoint" time="0.106" /></testsuite></testsuites>