<?xml version="1.0" encoding="utf-8"?><testsuites name="pytest tests"><testsuite name="pytest" errors="0" failures="0" skipped="0" tests="11" time="4.836" timestamp="2026-03-12T02:05:23.435473+00:00" hostname="agent-env-98f01c68-ad58-4d6b-8717-da632f0f9911"><testcase classname="backend.tests.test_discogs_import_intent.TestDiscogsImportIntent" name="test_update_intent_to_later" time="0.496" /><testcase classname="backend.tests.test_discogs_import_intent.TestDiscogsImportIntent" name="test_update_intent_to_declined" time="0.504" /><testcase classname="backend.tests.test_discogs_import_intent.TestDiscogsImportIntent" name="test_update_intent_to_pending" time="0.399" /><testcase classname="backend.tests.test_discogs_import_intent.TestDiscogsImportIntent" name="test_update_intent_to_connected" time="0.501" /><testcase classname="backend.tests.test_discogs_import_intent.TestDiscogsImportIntent" name="test_invalid_intent_value" time="0.389" /><testcase classname="backend.tests.test_discogs_import_intent.TestDiscogsImportIntent" name="test_empty_intent_value" time="0.383" /><testcase classname="backend.tests.test_discogs_import_intent.TestDiscogsImportIntent" name="test_lowercase_intent_value" time="0.428" /><testcase classname="backend.tests.test_discogs_import_intent.TestDiscogsImportIntent" name="test_discogs_import_intent_field_in_user_response" time="0.411" /><testcase classname="backend.tests.test_discogs_import_intent.TestDiscogsImportIntent" name="test_unauthenticated_request_rejected" time="0.450" /><testcase classname="backend.tests.test_discogs_import_intent.TestDiscogsMigrationDismiss" name="test_dismiss_migration" time="0.381" /><testcase classname="backend.tests.test_discogs_import_intent.TestDiscogsStatus" name="test_discogs_status_endpoint" time="0.425" /></testsuite></testsuites>