<?xml version="1.0" encoding="utf-8"?><testsuites name="pytest tests"><testsuite name="pytest" errors="0" failures="0" skipped="0" tests="9" time="3.614" timestamp="2026-03-12T03:35:50.004615+00:00" hostname="agent-env-7e4a75b1-e824-4fc8-9c8f-6699b796bd80"><testcase classname="backend.tests.test_block_597_features.TestRecoveryStatusEndpoint" name="test_recovery_status_requires_auth" time="0.161" /><testcase classname="backend.tests.test_block_597_features.TestRecoveryStatusEndpoint" name="test_recovery_status_returns_correct_structure" time="0.454" /><testcase classname="backend.tests.test_block_597_features.TestPurgeTestDataEndpoint" name="test_purge_requires_admin_auth" time="0.144" /><testcase classname="backend.tests.test_block_597_features.TestPurgeTestDataEndpoint" name="test_purge_requires_admin_role" time="0.686" /><testcase classname="backend.tests.test_block_597_features.TestPurgeTestDataEndpoint" name="test_purge_returns_correct_response_structure" time="0.473" /><testcase classname="backend.tests.test_block_597_features.TestPurgeTestDataEndpoint" name="test_purge_protects_founder_account" time="0.469" /><testcase classname="backend.tests.test_block_597_features.TestPurgeTestDataEndpoint" name="test_purge_identifies_test_patterns" time="0.443" /><testcase classname="backend.tests.test_block_597_features.TestRecoveryStartEndpoint" name="test_recovery_start_requires_auth" time="0.128" /><testcase classname="backend.tests.test_block_597_features.TestRecoveryStartEndpoint" name="test_recovery_start_returns_progress" time="0.586" /></testsuite></testsuites>