<?xml version="1.0" encoding="utf-8"?><testsuites name="pytest tests"><testsuite name="pytest" errors="0" failures="0" skipped="0" tests="11" time="2.737" timestamp="2026-03-11T15:04:42.299568+00:00" hostname="agent-env-c2c4194e-1898-4ec6-b245-5f7c2a5ac35a"><testcase classname="backend.tests.test_block248_250_252.TestDuplicateDetection" name="test_get_duplicates_endpoint_exists" time="0.552" /><testcase classname="backend.tests.test_block248_250_252.TestDuplicateDetection" name="test_get_duplicates_requires_auth" time="0.177" /><testcase classname="backend.tests.test_block248_250_252.TestDuplicateDetection" name="test_clean_duplicates_endpoint_exists" time="0.124" /><testcase classname="backend.tests.test_block248_250_252.TestDuplicateDetection" name="test_clean_duplicates_requires_auth" time="0.123" /><testcase classname="backend.tests.test_block248_250_252.TestDuplicateCreationAndCleanup" name="test_create_duplicate_records_and_detect" time="0.841" /><testcase classname="backend.tests.test_block248_250_252.TestDailyPromptDominantColor" name="test_prompt_today_endpoint" time="0.184" /><testcase classname="backend.tests.test_block248_250_252.TestDailyPromptDominantColor" name="test_prompt_responses_include_dominant_color" time="0.110" /><testcase classname="backend.tests.test_block248_250_252.TestImageCacheDominantColor" name="test_blur_placeholder_endpoint" time="0.120" /><testcase classname="backend.tests.test_block248_250_252.TestWeekInWaxMigration" name="test_weekly_summary_endpoint" time="0.119" /><testcase classname="backend.tests.test_block248_250_252.TestWeekInWaxMigration" name="test_user_profile_endpoint" time="0.150" /><testcase classname="backend.tests.test_block248_250_252.TestWeekInWaxMigration" name="test_user_records_endpoint" time="0.169" /></testsuite></testsuites>