<?xml version="1.0" encoding="utf-8"?><testsuites name="pytest tests"><testsuite name="pytest" errors="0" failures="0" skipped="0" tests="14" time="6.845" timestamp="2026-03-11T20:32:19.082593+00:00" hostname="agent-env-4990f1ed-f05a-47df-8cee-5010b02a964a"><testcase classname="backend.tests.test_block434_express_checkout.TestExpressCheckoutBackend" name="test_create_intent_endpoint_exists" time="0.648" /><testcase classname="backend.tests.test_block434_express_checkout.TestExpressCheckoutBackend" name="test_create_intent_requires_listing_id" time="0.448" /><testcase classname="backend.tests.test_block434_express_checkout.TestExpressCheckoutBackend" name="test_create_intent_invalid_listing" time="0.410" /><testcase classname="backend.tests.test_block434_express_checkout.TestExpressCheckoutBackend" name="test_payment_status_endpoint_exists" time="0.460" /><testcase classname="backend.tests.test_block434_express_checkout.TestExpressCheckoutBackend" name="test_payment_status_handles_pi_prefix" time="0.485" /><testcase classname="backend.tests.test_block434_express_checkout.TestExpressCheckoutBackend" name="test_payment_status_handles_cs_prefix" time="0.414" /><testcase classname="backend.tests.test_block434_express_checkout.TestExpressCheckoutBackend" name="test_payment_status_requires_auth" time="0.530" /><testcase classname="backend.tests.test_block434_express_checkout.TestExpressCheckoutBackend" name="test_webhook_endpoint_exists" time="0.749" /><testcase classname="backend.tests.test_block434_express_checkout.TestExpressCheckoutBackend" name="test_webhook_handles_payment_intent_succeeded" time="0.538" /><testcase classname="backend.tests.test_block434_express_checkout.TestExpressCheckoutBackend" name="test_webhook_handles_checkout_session_completed" time="0.549" /><testcase classname="backend.tests.test_block434_express_checkout.TestLegacyCheckoutEndpoint" name="test_checkout_endpoint_exists" time="0.499" /><testcase classname="backend.tests.test_block434_express_checkout.TestLegacyCheckoutEndpoint" name="test_checkout_requires_listing_id" time="0.428" /><testcase classname="backend.tests.test_block434_express_checkout.TestPlatformFee" name="test_platform_fee_endpoint" time="0.179" /><testcase classname="backend.tests.test_block434_express_checkout.TestStripeConnectStatus" name="test_stripe_status_endpoint" time="0.437" /></testsuite></testsuites>