<?xml version="1.0" encoding="utf-8"?><testsuites name="pytest tests"><testsuite name="pytest" errors="0" failures="0" skipped="0" tests="5" time="2.837" timestamp="2026-03-11T19:41:15.195890+00:00" hostname="agent-env-e47858db-bbaf-411e-802a-648d4e7b6636"><testcase classname="backend.tests.test_block453_457_407_413.TestBlock413VariantRarityDataFix" name="test_get_variant_release_returns_stats_source" time="0.463" /><testcase classname="backend.tests.test_block453_457_407_413.TestBlock413VariantRarityDataFix" name="test_get_variant_release_returns_master_id" time="0.372" /><testcase classname="backend.tests.test_block453_457_407_413.TestBlock413VariantRarityDataFix" name="test_force_refresh_parameter_accepted" time="0.744" /><testcase classname="backend.tests.test_block453_457_407_413.TestBlock413VariantRarityDataFix" name="test_variant_response_structure" time="0.346" /><testcase classname="backend.tests.test_block453_457_407_413.TestBlock453TracklistAPI" name="test_get_discogs_release_tracklist" time="0.854" /></testsuite></testsuites>