<?xml version="1.0" encoding="utf-8"?><testsuites name="pytest tests"><testsuite name="pytest" errors="0" failures="0" skipped="0" tests="7" time="1.773" timestamp="2026-03-11T02:39:50.907665+00:00" hostname="agent-env-be5a0de9-420a-4b90-a233-0aae9533a0e9"><testcase classname="backend.tests.test_feed_pagination.TestFeedPagination" name="test_feed_returns_posts" time="0.486" /><testcase classname="backend.tests.test_feed_pagination.TestFeedPagination" name="test_feed_respects_limit" time="0.127" /><testcase classname="backend.tests.test_feed_pagination.TestFeedPagination" name="test_feed_cursor_pagination_with_before" time="0.263" /><testcase classname="backend.tests.test_feed_pagination.TestFeedPagination" name="test_feed_allowed_post_types_only" time="0.129" /><testcase classname="backend.tests.test_feed_pagination.TestFeedPagination" name="test_feed_has_required_fields_for_frontend" time="0.119" /><testcase classname="backend.tests.test_feed_pagination.TestFeedPagination" name="test_before_parameter_empty_result_when_no_older_posts" time="0.124" /><testcase classname="backend.tests.test_feed_pagination.TestExploreEndpoint" name="test_explore_returns_allowed_types" time="0.458" /></testsuite></testsuites>