<?xml version="1.0" encoding="utf-8"?><testsuites name="pytest tests"><testsuite name="pytest" errors="0" failures="0" skipped="0" tests="12" time="2.159" timestamp="2026-03-12T02:23:02.795815+00:00" hostname="agent-env-98f01c68-ad58-4d6b-8717-da632f0f9911"><testcase classname="backend.tests.test_block592_unofficial_compliance.TestUnofficialRecordAPI" name="test_get_records_returns_is_unofficial_field" time="0.507" /><testcase classname="backend.tests.test_block592_unofficial_compliance.TestUnofficialRecordAPI" name="test_get_specific_record_unofficial_flag" time="0.119" /><testcase classname="backend.tests.test_block592_unofficial_compliance.TestUnofficialRecordAPI" name="test_get_record_detail_unofficial_flag" time="0.104" /><testcase classname="backend.tests.test_block592_unofficial_compliance.TestUnofficialListingCreation" name="test_listing_unofficial_without_acknowledgement_returns_400" time="0.112" /><testcase classname="backend.tests.test_block592_unofficial_compliance.TestUnofficialListingCreation" name="test_listing_unofficial_with_acknowledgement_succeeds" time="0.316" /><testcase classname="backend.tests.test_block592_unofficial_compliance.TestUnofficialListingCreation" name="test_listing_non_unofficial_without_acknowledgement_succeeds" time="0.232" /><testcase classname="backend.tests.test_block592_unofficial_compliance.TestDiscogsImportIntent" name="test_update_intent_later" time="0.149" /><testcase classname="backend.tests.test_block592_unofficial_compliance.TestDiscogsImportIntent" name="test_update_intent_declined" time="0.116" /><testcase classname="backend.tests.test_block592_unofficial_compliance.TestDiscogsImportIntent" name="test_update_intent_connected" time="0.109" /><testcase classname="backend.tests.test_block592_unofficial_compliance.TestDiscogsImportIntent" name="test_update_intent_pending" time="0.114" /><testcase classname="backend.tests.test_block592_unofficial_compliance.TestDiscogsImportIntent" name="test_update_intent_invalid_returns_400" time="0.112" /><testcase classname="backend.tests.test_block592_unofficial_compliance.TestListingResponse" name="test_get_listings_returns_is_unofficial_field" time="0.100" /></testsuite></testsuites>