<?xml version="1.0" encoding="utf-8"?><testsuites name="pytest tests"><testsuite name="pytest" errors="0" failures="0" skipped="0" tests="9" time="1.881" timestamp="2026-03-09T20:25:00.029873+00:00" hostname="agent-env-1b9dd81a-9960-4526-9588-b80b90872523"><testcase classname="backend.tests.test_block27_iso_promote.TestValuationWishlist" name="test_wishlist_valuation_endpoint_exists" time="0.531" /><testcase classname="backend.tests.test_block27_iso_promote.TestValuationWishlist" name="test_wishlist_valuation_requires_auth" time="0.111" /><testcase classname="backend.tests.test_block27_iso_promote.TestValuationWishlist" name="test_wishlist_valuation_returns_proper_structure" time="0.127" /><testcase classname="backend.tests.test_block27_iso_promote.TestISOPromote" name="test_promote_endpoint_requires_auth" time="0.115" /><testcase classname="backend.tests.test_block27_iso_promote.TestISOPromote" name="test_promote_nonexistent_iso_returns_404" time="0.115" /><testcase classname="backend.tests.test_block27_iso_promote.TestISOPromote" name="test_get_user_isos" time="0.130" /><testcase classname="backend.tests.test_block27_iso_promote.TestISOPromote" name="test_iso_items_have_status_field" time="0.108" /><testcase classname="backend.tests.test_block27_iso_promote.TestISOPromote" name="test_promote_changes_status_from_wishlist_to_open" time="0.362" /><testcase classname="backend.tests.test_block27_iso_promote.TestISOEndpointIntegration" name="test_iso_and_valuation_wishlist_consistency" time="0.217" /></testsuite></testsuites>