<?xml version="1.0" encoding="utf-8"?><testsuites name="pytest tests"><testsuite name="pytest" errors="0" failures="0" skipped="1" tests="12" time="5.326" timestamp="2026-03-12T00:05:42.915238+00:00" hostname="agent-env-069b9eab-c624-46ca-b99d-70e7c697c807"><testcase classname="backend.tests.test_block476_value_recovery.TestValueRecoveryEndpoints" name="test_recovery_status_endpoint_exists" time="0.439" /><testcase classname="backend.tests.test_block476_value_recovery.TestValueRecoveryEndpoints" name="test_recovery_start_endpoint_exists" time="0.426" /><testcase classname="backend.tests.test_block476_value_recovery.TestValueRecoveryEndpoints" name="test_recovery_start_without_auth_fails" time="0.541" /><testcase classname="backend.tests.test_block476_value_recovery.TestValueRecoveryEndpoints" name="test_recovery_status_without_auth_fails" time="0.496" /><testcase classname="backend.tests.test_block476_value_recovery.TestValueRecoveryEndpoints" name="test_recovery_status_structure" time="0.454" /><testcase classname="backend.tests.test_block476_value_recovery.TestValueRecoveryEndpoints" name="test_recovery_for_empty_collection" time="1.482" /><testcase classname="backend.tests.test_block476_value_recovery.TestValueRecoveryEndpoints" name="test_double_recovery_start_returns_progress" time="0.450" /><testcase classname="backend.tests.test_block476_value_recovery.TestCollectionValueWithRecovery" name="test_collection_value_endpoint" time="0.411" /><testcase classname="backend.tests.test_block476_value_recovery.TestCollectionValueWithRecovery" name="test_collection_value_shows_unvalued_records" time="0.437" /><testcase classname="backend.tests.test_block476_value_recovery.TestWeeklyWaxIntegration" name="test_weekly_wax_preview_endpoint_exists" time="0.118"><skipped type="pytest.skip" message="Admin user not available">/app/backend/tests/test_block476_value_recovery.py:255: Admin user not available</skipped></testcase><testcase classname="backend.tests.test_block476_value_recovery.TestNightlyRecoveryScheduler" name="test_server_startup_registers_scheduler" time="0.000" /><testcase classname="backend.tests.test_block476_value_recovery.TestNightlyRecoveryScheduler" name="test_value_recovery_module_has_scheduler" time="0.000" /></testsuite></testsuites>