<?xml version="1.0" encoding="utf-8"?><testsuites name="pytest tests"><testsuite name="pytest" errors="0" failures="0" skipped="1" tests="9" time="2.574" timestamp="2026-03-09T22:32:14.737757+00:00" hostname="agent-env-a8524c17-662d-44e9-8f32-d99368acf505"><testcase classname="backend.tests.test_block51_prompt_gatekeeper.TestBlock51PromptGatekeeper" name="test_prompts_today_returns_buzz_count" time="0.648" /><testcase classname="backend.tests.test_block51_prompt_gatekeeper.TestBlock51PromptGatekeeper" name="test_prompts_today_returns_has_buzzed_in" time="0.000" /><testcase classname="backend.tests.test_block51_prompt_gatekeeper.TestBlock51PromptGatekeeper" name="test_prompts_today_returns_prompt" time="0.000" /><testcase classname="backend.tests.test_block51_prompt_gatekeeper.TestBlock51PromptGatekeeper" name="test_responses_endpoint_requires_buzzin_403" time="0.111" /><testcase classname="backend.tests.test_block51_prompt_gatekeeper.TestBlock51PromptGatekeeper" name="test_responses_endpoint_requires_auth" time="0.146" /><testcase classname="backend.tests.test_block51_prompt_gatekeeper.TestBlock51PromptGatekeeper" name="test_responses_endpoint_returns_list_after_buzzin" time="0.000"><skipped type="pytest.skip" message="User hasn't buzzed in - can't test responses">/app/backend/tests/test_block51_prompt_gatekeeper.py:109: User hasn't buzzed in - can't test responses</skipped></testcase><testcase classname="backend.tests.test_block51_prompt_gatekeeper.TestBlock51TasteMatchInCommon" name="test_taste_match_endpoint_exists" time="0.546" /><testcase classname="backend.tests.test_block51_prompt_gatekeeper.TestBlock51TasteMatchInCommon" name="test_my_kinda_people_endpoint" time="0.116" /><testcase classname="backend.tests.test_block51_prompt_gatekeeper.TestBuzzInFlow" name="test_buzz_in_flow_complete" time="0.932" /></testsuite></testsuites>