<?xml version="1.0" encoding="utf-8"?><testsuites name="pytest tests"><testsuite name="pytest" errors="0" failures="0" skipped="1" tests="8" time="1.272" timestamp="2026-03-11T01:13:08.825662+00:00" hostname="agent-env-7feaeb1b-c376-4a5e-a3b3-dde98a89c34e"><testcase classname="backend.tests.test_block171_collectors_notebook.TestCollectorsNotebookEndpoint" name="test_owner_can_update_notes" time="0.505" /><testcase classname="backend.tests.test_block171_collectors_notebook.TestCollectorsNotebookEndpoint" name="test_notes_persist_after_update" time="0.105" /><testcase classname="backend.tests.test_block171_collectors_notebook.TestCollectorsNotebookEndpoint" name="test_non_owner_cannot_update_notes" time="0.118"><skipped type="pytest.skip" message="Test user login failed: 422 - {&quot;detail&quot;:[{&quot;type&quot;:&quot;value_error&quot;,&quot;loc&quot;:[&quot;body&quot;,&quot;email&quot;],&quot;msg&quot;:&quot;value is not a valid email address: An email address must have an @-sign.&quot;,&quot;input&quot;:&quot;testuser1&quot;,&quot;ctx&quot;:{&quot;reason&quot;:&quot;An email address must have an @-sign.&quot;}}]}">/app/backend/tests/test_block171_collectors_notebook.py:94: Test user login failed: 422 - {"detail":[{"type":"value_error","loc":["body","email"],"msg":"value is not a valid email address: An email address must have an @-sign.","input":"testuser1","ctx":{"reason":"An email address must have an @-sign."}}]}</skipped></testcase><testcase classname="backend.tests.test_block171_collectors_notebook.TestCollectorsNotebookEndpoint" name="test_update_notes_empty_string" time="0.122" /><testcase classname="backend.tests.test_block171_collectors_notebook.TestCollectorsNotebookEndpoint" name="test_update_notes_nonexistent_record" time="0.053" /><testcase classname="backend.tests.test_block171_collectors_notebook.TestCollectorsNotebookEndpoint" name="test_unauthenticated_cannot_update_notes" time="0.134" /><testcase classname="backend.tests.test_block171_collectors_notebook.TestRecordDetailForNotebook" name="test_owner_sees_notes_in_detail" time="0.111" /><testcase classname="backend.tests.test_block171_collectors_notebook.TestRecordDetailForNotebook" name="test_detail_returns_owner_info" time="0.059" /></testsuite></testsuites>