<?xml version="1.0" encoding="utf-8"?><testsuites name="pytest tests"><testsuite name="pytest" errors="0" failures="0" skipped="0" tests="6" time="1.858" timestamp="2026-03-11T17:47:01.702659+00:00" hostname="agent-env-4c37ea53-cedd-4e08-b72a-7d21d4d57f43"><testcase classname="backend.tests.test_block369_mobile_image_fix.TestImageProxyCORS" name="test_image_proxy_cors_headers_on_get" time="0.299" /><testcase classname="backend.tests.test_block369_mobile_image_fix.TestImageProxyCORS" name="test_image_proxy_options_preflight" time="0.111" /><testcase classname="backend.tests.test_block369_mobile_image_fix.TestImageProxyCORS" name="test_image_proxy_https_enforcement" time="0.312" /><testcase classname="backend.tests.test_block369_mobile_image_fix.TestImageProxyCORS" name="test_image_proxy_invalid_url_rejected" time="0.108" /><testcase classname="backend.tests.test_block369_mobile_image_fix.TestAuthAndFeed" name="test_feed_loads" time="0.494" /><testcase classname="backend.tests.test_block369_mobile_image_fix.TestAuthAndFeed" name="test_daily_prompt_endpoint" time="0.466" /></testsuite></testsuites>