<?xml version="1.0" encoding="utf-8"?><testsuites name="pytest tests"><testsuite name="pytest" errors="0" failures="0" skipped="0" tests="11" time="4.972" timestamp="2026-03-11T22:19:52.901273+00:00" hostname="agent-env-4990f1ed-f05a-47df-8cee-5010b02a964a"><testcase classname="backend.tests.test_block472_473_great_disconnect.TestBlock472OAuthDynamicCallback" name="test_oauth_start_returns_authorization_url" time="0.783" /><testcase classname="backend.tests.test_block472_473_great_disconnect.TestBlock472OAuthDynamicCallback" name="test_oauth_start_with_origin_header" time="0.654" /><testcase classname="backend.tests.test_block472_473_great_disconnect.TestBlock472OAuthDynamicCallback" name="test_oauth_start_requires_auth" time="0.101" /><testcase classname="backend.tests.test_block472_473_great_disconnect.TestBlock472OAuthDynamicCallback" name="test_deprecated_connect_token_returns_400" time="0.529" /><testcase classname="backend.tests.test_block472_473_great_disconnect.TestBlock473GreatDisconnect" name="test_great_disconnect_admin_only" time="0.599" /><testcase classname="backend.tests.test_block472_473_great_disconnect.TestBlock473GreatDisconnect" name="test_great_disconnect_requires_auth" time="0.146" /><testcase classname="backend.tests.test_block472_473_great_disconnect.TestBlock473GreatDisconnect" name="test_great_disconnect_admin_access" time="0.532" /><testcase classname="backend.tests.test_block472_473_great_disconnect.TestBlock473GreatDisconnect" name="test_great_disconnect_result_fields" time="0.542" /><testcase classname="backend.tests.test_block472_473_great_disconnect.TestBlock473PostDisconnectState" name="test_user_discogs_fields_reset" time="0.473" /><testcase classname="backend.tests.test_block472_473_great_disconnect.TestBlock473PostDisconnectState" name="test_discogs_status_disconnected" time="0.437" /><testcase classname="backend.tests.test_block472_473_great_disconnect.TestOAuthCallbackOrigin" name="test_oauth_callback_invalid_token" time="0.104" /></testsuite></testsuites>