<?xml version="1.0" encoding="utf-8"?><testsuites name="pytest tests"><testsuite name="pytest" errors="0" failures="0" skipped="0" tests="9" time="5.409" timestamp="2026-03-11T22:34:07.017711+00:00" hostname="agent-env-1969033e-18df-4019-b943-a592b6d2ee8c"><testcase classname="backend.tests.test_block480_481_discogs_oauth.TestBlock480OAuthDynamicOrigin" name="test_oauth_start_accepts_frontend_origin_param" time="0.747" /><testcase classname="backend.tests.test_block480_481_discogs_oauth.TestBlock480OAuthDynamicOrigin" name="test_oauth_start_returns_authorization_url" time="0.754" /><testcase classname="backend.tests.test_block480_481_discogs_oauth.TestBlock480OAuthDynamicOrigin" name="test_oauth_start_without_frontend_origin_uses_fallback" time="0.654" /><testcase classname="backend.tests.test_block480_481_discogs_oauth.TestBlock480OAuthDynamicOrigin" name="test_oauth_start_requires_auth" time="0.172" /><testcase classname="backend.tests.test_block480_481_discogs_oauth.TestBlock481ErrorLogging" name="test_oauth_callback_invalid_token" time="0.717" /><testcase classname="backend.tests.test_block480_481_discogs_oauth.TestDiscogsConnectionStatus" name="test_discogs_status_endpoint" time="0.512" /><testcase classname="backend.tests.test_block480_481_discogs_oauth.TestDiscogsConnectionStatus" name="test_discogs_import_progress_endpoint" time="0.491" /><testcase classname="backend.tests.test_block480_481_discogs_oauth.TestBackendEnvConfiguration" name="test_discogs_keys_configured" time="0.609" /><testcase classname="backend.tests.test_block480_481_discogs_oauth.TestHMacSHA1Signature" name="test_oauth_start_uses_hmac_sha1" time="0.679" /></testsuite></testsuites>