<?xml version="1.0" encoding="utf-8"?><testsuites name="pytest tests"><testsuite name="pytest" errors="0" failures="0" skipped="0" tests="7" time="2.778" timestamp="2026-03-11T22:55:46.902737+00:00" hostname="agent-env-1969033e-18df-4019-b943-a592b6d2ee8c"><testcase classname="backend.tests.test_block491_492_debug_reset_migration.TestBlockDebugResetMigration" name="test_admin_cannot_use_debug_reset" time="0.783" /><testcase classname="backend.tests.test_block491_492_debug_reset_migration.TestBlockDebugResetMigration" name="test_regular_user_cannot_use_debug_reset" time="0.467" /><testcase classname="backend.tests.test_block491_492_debug_reset_migration.TestBlockDebugResetMigration" name="test_unauthenticated_cannot_use_debug_reset" time="0.102" /><testcase classname="backend.tests.test_block491_492_debug_reset_migration.TestBlockMigrationCheck" name="test_auth_me_returns_needs_migration_field" time="0.452" /><testcase classname="backend.tests.test_block491_492_debug_reset_migration.TestBlockMigrationCheck" name="test_admin_needs_migration_field_type" time="0.113" /><testcase classname="backend.tests.test_block491_492_debug_reset_migration.TestBlockMigrationCheck" name="test_login_response_includes_migration_flag" time="0.324" /><testcase classname="backend.tests.test_block491_492_debug_reset_migration.TestMigrationDismissedFlow" name="test_discogs_migration_dismissed_field_exists" time="0.469" /></testsuite></testsuites>