<?xml version="1.0" encoding="utf-8"?><testsuites name="pytest tests"><testsuite name="pytest" errors="0" failures="2" skipped="0" tests="9" time="6.162" timestamp="2026-03-09T20:48:36.771035+00:00" hostname="agent-env-1b9dd81a-9960-4526-9588-b80b90872523"><testcase classname="backend.tests.test_block30_context_add_button.TestBlock30ContextAddButton" name="test_add_record_with_color_variant" time="0.830"><failure message="AssertionError: color_variant not returned: {'id': '8168adb4-7c32-4586-91f4-80aff9d17299', 'discogs_id': None, 'title': 'TEST_B30_8802b0_Reality_Album', 'artist': 'TEST_B30_8802b0_Artist', 'cover_url': None, 'year': 2024, 'format': 'Vinyl', 'notes': None, 'color_variant': None, 'user_id': '63dcf386-b4aa-4061-9333-99adc0a770bd', 'created_at': '2026-03-09T20:48:37.430398+00:00', 'spin_count': 0}&#10;assert None == 'Limited Edition Blue Marble'">backend/tests/test_block30_context_add_button.py:80: in test_add_record_with_color_variant
    assert data["color_variant"] == "Limited Edition Blue Marble", f"color_variant not returned: {data}"
E   AssertionError: color_variant not returned: {'id': '8168adb4-7c32-4586-91f4-80aff9d17299', 'discogs_id': None, 'title': 'TEST_B30_8802b0_Reality_Album', 'artist': 'TEST_B30_8802b0_Artist', 'cover_url': None, 'year': 2024, 'format': 'Vinyl', 'notes': None, 'color_variant': None, 'user_id': '63dcf386-b4aa-4061-9333-99adc0a770bd', 'created_at': '2026-03-09T20:48:37.430398+00:00', 'spin_count': 0}
E   assert None == 'Limited Edition Blue Marble'</failure></testcase><testcase classname="backend.tests.test_block30_context_add_button.TestBlock30ContextAddButton" name="test_add_record_without_color_variant" time="0.664" /><testcase classname="backend.tests.test_block30_context_add_button.TestBlock30ContextAddButton" name="test_get_record_includes_color_variant" time="0.673" /><testcase classname="backend.tests.test_block30_context_add_button.TestBlock30ContextAddButton" name="test_create_iso_wishlist_item" time="0.593" /><testcase classname="backend.tests.test_block30_context_add_button.TestBlock30ContextAddButton" name="test_create_iso_without_color_variant" time="0.661" /><testcase classname="backend.tests.test_block30_context_add_button.TestBlock30ContextAddButton" name="test_iso_appears_in_get_iso_list" time="0.610" /><testcase classname="backend.tests.test_block30_context_add_button.TestBlock30ContextAddButton" name="test_iso_promote_to_open" time="0.709" /><testcase classname="backend.tests.test_block30_context_add_button.TestBlock30ContextAddButton" name="test_iso_delete" time="0.687" /><testcase classname="backend.tests.test_block30_context_add_button.TestBlock30ContextAddButton" name="test_reality_vs_dreaming_mode_difference" time="0.615"><failure message="AssertionError: assert None == 'Red Splatter'">backend/tests/test_block30_context_add_button.py:243: in test_reality_vs_dreaming_mode_difference
    assert reality_record["color_variant"] == "Red Splatter"
E   AssertionError: assert None == 'Red Splatter'</failure></testcase></testsuite></testsuites>