<?xml version="1.0" encoding="utf-8"?><testsuites name="pytest tests"><testsuite name="pytest" errors="0" failures="0" skipped="0" tests="10" time="5.662" timestamp="2026-03-09T21:26:27.195316+00:00" hostname="agent-env-a8524c17-662d-44e9-8f32-d99368acf505"><testcase classname="backend.tests.test_block37_collection_cleanse.TestBlock37CollectionCleanse" name="test_move_to_iso_adds_seeking_upgrade_tag" time="0.880" /><testcase classname="backend.tests.test_block37_collection_cleanse.TestBlock37CollectionCleanse" name="test_move_to_wishlist_returns_success" time="0.545" /><testcase classname="backend.tests.test_block37_collection_cleanse.TestBlock37CollectionCleanse" name="test_bulk_move_to_wishlist" time="0.686" /><testcase classname="backend.tests.test_block37_collection_cleanse.TestBlock37CollectionCleanse" name="test_bulk_move_to_iso_adds_seeking_upgrade_tag" time="0.726" /><testcase classname="backend.tests.test_block37_collection_cleanse.TestBlock37CollectionCleanse" name="test_bulk_move_empty_array" time="0.466" /><testcase classname="backend.tests.test_block37_collection_cleanse.TestBlock37CollectionCleanse" name="test_bulk_move_nonexistent_records" time="0.426" /><testcase classname="backend.tests.test_block37_collection_cleanse.TestBlock37CollectionCleanse" name="test_get_record_value_by_discogs_id" time="0.432" /><testcase classname="backend.tests.test_block37_collection_cleanse.TestBlock37CollectionCleanse" name="test_get_record_value_requires_auth" time="0.456" /><testcase classname="backend.tests.test_block37_collection_cleanse.TestBlock37CollectionCleanse" name="test_move_to_iso_requires_auth" time="0.449" /><testcase classname="backend.tests.test_block37_collection_cleanse.TestBlock37CollectionCleanse" name="test_bulk_move_requires_auth" time="0.532" /></testsuite></testsuites>