<?xml version="1.0" encoding="utf-8"?><testsuites name="pytest tests"><testsuite name="pytest" errors="0" failures="0" skipped="0" tests="10" time="3.486" timestamp="2026-03-11T21:11:45.551504+00:00" hostname="agent-env-4990f1ed-f05a-47df-8cee-5010b02a964a"><testcase classname="backend.tests.test_block447_449_performance.TestImageProxyPerformance" name="test_image_proxy_works_with_valid_url" time="0.611" /><testcase classname="backend.tests.test_block447_449_performance.TestImageProxyPerformance" name="test_image_proxy_cors_headers" time="0.109" /><testcase classname="backend.tests.test_block447_449_performance.TestImageProxyPerformance" name="test_image_proxy_options_preflight" time="0.080" /><testcase classname="backend.tests.test_block447_449_performance.TestImageProxyPerformance" name="test_image_proxy_invalid_url_returns_400" time="0.134" /><testcase classname="backend.tests.test_block447_449_performance.TestDatabaseIndexesExist" name="test_listings_api_works_with_filters" time="0.140" /><testcase classname="backend.tests.test_block447_449_performance.TestDatabaseIndexesExist" name="test_posts_api_works_with_type_filter" time="0.482" /><testcase classname="backend.tests.test_block447_449_performance.TestDatabaseIndexesExist" name="test_prompts_responses_api_works" time="0.470" /><testcase classname="backend.tests.test_block447_449_performance.TestDailyPromptAPI" name="test_daily_prompt_today_endpoint" time="0.472" /><testcase classname="backend.tests.test_block447_449_performance.TestDailyPromptAPI" name="test_prompt_archive_endpoint" time="0.469" /><testcase classname="backend.tests.test_block447_449_performance.TestListingAlertIndex" name="test_listing_alerts_api" time="0.456" /></testsuite></testsuites>