<?xml version="1.0" encoding="utf-8"?><testsuites name="pytest tests"><testsuite name="pytest" errors="0" failures="0" skipped="0" tests="24" time="5.489" timestamp="2026-03-09T04:16:36.363777+00:00" hostname="agent-env-51a958b2-3fda-447a-8c30-719c74b1c94b"><testcase classname="backend.tests.test_block34_reports_pulse.TestReportReasons" name="test_get_listing_reasons" time="0.536" /><testcase classname="backend.tests.test_block34_reports_pulse.TestReportReasons" name="test_get_seller_reasons" time="0.105" /><testcase classname="backend.tests.test_block34_reports_pulse.TestReportReasons" name="test_get_order_reasons" time="0.191" /><testcase classname="backend.tests.test_block34_reports_pulse.TestReportReasons" name="test_get_bug_reasons" time="0.117" /><testcase classname="backend.tests.test_block34_reports_pulse.TestReportReasons" name="test_invalid_target_type" time="0.114" /><testcase classname="backend.tests.test_block34_reports_pulse.TestReportSubmission" name="test_submit_bug_report" time="0.459" /><testcase classname="backend.tests.test_block34_reports_pulse.TestReportSubmission" name="test_submit_listing_report" time="0.109" /><testcase classname="backend.tests.test_block34_reports_pulse.TestReportSubmission" name="test_submit_without_reason_fails" time="0.111" /><testcase classname="backend.tests.test_block34_reports_pulse.TestReportSubmission" name="test_submit_invalid_target_type_fails" time="0.106" /><testcase classname="backend.tests.test_block34_reports_pulse.TestAdminReportQueue" name="test_admin_queue_access" time="0.478" /><testcase classname="backend.tests.test_block34_reports_pulse.TestAdminReportQueue" name="test_admin_queue_filter_by_type" time="0.099" /><testcase classname="backend.tests.test_block34_reports_pulse.TestAdminReportQueue" name="test_admin_queue_filter_by_status" time="0.119" /><testcase classname="backend.tests.test_block34_reports_pulse.TestAdminReportQueue" name="test_admin_queue_enriched_data" time="0.110" /><testcase classname="backend.tests.test_block34_reports_pulse.TestAdminReportActions" name="test_admin_action_reviewing" time="0.586" /><testcase classname="backend.tests.test_block34_reports_pulse.TestAdminReportActions" name="test_admin_action_invalid" time="0.114" /><testcase classname="backend.tests.test_block34_reports_pulse.TestAdminReportActions" name="test_valid_action_types" time="0.144" /><testcase classname="backend.tests.test_block34_reports_pulse.TestHoneyPulse" name="test_pulse_endpoint_exists" time="0.466" /><testcase classname="backend.tests.test_block34_reports_pulse.TestHoneyPulse" name="test_pulse_data_structure" time="0.107" /><testcase classname="backend.tests.test_block34_reports_pulse.TestHoneyPulse" name="test_pulse_confidence_calculation" time="0.100" /><testcase classname="backend.tests.test_block34_reports_pulse.TestHoneyPulse" name="test_pulse_hot_range" time="0.107" /><testcase classname="backend.tests.test_block34_reports_pulse.TestHeartButtonOptimistic" name="test_like_unlike_endpoints_exist" time="0.459" /><testcase classname="backend.tests.test_block34_reports_pulse.TestSEOAltTags" name="test_records_have_artist_and_title" time="0.458" /><testcase classname="backend.tests.test_block34_reports_pulse.TestSEOAltTags" name="test_feed_posts_have_record_data" time="0.103" /><testcase classname="backend.tests.test_block34_reports_pulse.TestNonAdminAccess" name="test_admin_queue_requires_admin" time="0.098" /></testsuite></testsuites>