<?xml version="1.0" encoding="utf-8"?><testsuites name="pytest tests"><testsuite name="pytest" errors="0" failures="0" skipped="0" tests="12" time="5.340" timestamp="2026-03-11T20:59:13.923568+00:00" hostname="agent-env-4990f1ed-f05a-47df-8cee-5010b02a964a"><testcase classname="backend.tests.test_block442_test_listing_filter" name="test_toggle_test_flag_admin_success" time="0.551" /><testcase classname="backend.tests.test_block442_test_listing_filter" name="test_toggle_test_flag_non_admin_returns_403" time="0.490" /><testcase classname="backend.tests.test_block442_test_listing_filter" name="test_toggle_test_flag_no_auth_returns_403" time="0.147" /><testcase classname="backend.tests.test_block442_test_listing_filter" name="test_toggle_test_flag_nonexistent_listing_returns_404" time="0.559" /><testcase classname="backend.tests.test_block442_test_listing_filter" name="test_get_admin_test_listings_admin_success" time="0.517" /><testcase classname="backend.tests.test_block442_test_listing_filter" name="test_get_admin_test_listings_non_admin_returns_403" time="0.506" /><testcase classname="backend.tests.test_block442_test_listing_filter" name="test_listings_exclude_test_for_non_admin" time="0.448" /><testcase classname="backend.tests.test_block442_test_listing_filter" name="test_listings_exclude_test_for_unauthenticated" time="0.117" /><testcase classname="backend.tests.test_block442_test_listing_filter" name="test_listings_api_for_admin" time="0.478" /><testcase classname="backend.tests.test_block442_test_listing_filter" name="test_listing_response_includes_is_test_listing" time="0.459" /><testcase classname="backend.tests.test_block442_test_listing_filter" name="test_iso_matches_exclude_test_listings" time="0.474" /><testcase classname="backend.tests.test_block442_test_listing_filter" name="test_similar_listings_exclude_test_listings" time="0.526" /></testsuite></testsuites>