<?xml version="1.0" encoding="utf-8"?><testsuites name="pytest tests"><testsuite name="pytest" errors="0" failures="0" skipped="0" tests="14" time="4.239" timestamp="2026-03-09T21:10:51.383160+00:00" hostname="agent-env-a8524c17-662d-44e9-8f32-d99368acf505"><testcase classname="tests.test_block34_dream_debt.TestRecordValueEndpoint" name="test_record_value_returns_200" time="0.542" /><testcase classname="tests.test_block34_dream_debt.TestRecordValueEndpoint" name="test_record_value_returns_median_value" time="0.108" /><testcase classname="tests.test_block34_dream_debt.TestRecordValueEndpoint" name="test_record_value_requires_auth" time="0.117" /><testcase classname="tests.test_block34_dream_debt.TestRecordValueEndpoint" name="test_record_value_with_invalid_discogs_id" time="0.131" /><testcase classname="tests.test_block34_dream_debt.TestWishlistValueEndpoint" name="test_wishlist_value_returns_200" time="0.448" /><testcase classname="tests.test_block34_dream_debt.TestWishlistValueEndpoint" name="test_wishlist_value_response_structure" time="0.131" /><testcase classname="tests.test_block34_dream_debt.TestWishlistValueEndpoint" name="test_wishlist_value_requires_auth" time="0.119" /><testcase classname="tests.test_block34_dream_debt.TestCollectionValueEndpoint" name="test_collection_value_returns_200" time="0.455" /><testcase classname="tests.test_block34_dream_debt.TestCollectionValueEndpoint" name="test_collection_value_response_structure" time="0.108" /><testcase classname="tests.test_block34_dream_debt.TestBringToRealityEndpoint" name="test_promote_wishlist_to_wantlist" time="0.900" /><testcase classname="tests.test_block34_dream_debt.TestBringToRealityEndpoint" name="test_promote_requires_auth" time="0.423" /><testcase classname="tests.test_block34_dream_debt.TestBringToRealityEndpoint" name="test_promote_nonexistent_item_returns_404" time="0.114" /><testcase classname="tests.test_block34_dream_debt.TestHiddenGemsEndpoint" name="test_hidden_gems_returns_200" time="0.462" /><testcase classname="tests.test_block34_dream_debt.TestHiddenGemsEndpoint" name="test_hidden_gems_returns_list" time="0.116" /></testsuite></testsuites>