<?xml version="1.0" encoding="utf-8"?><testsuites name="pytest tests"><testsuite name="pytest" errors="0" failures="0" skipped="1" tests="14" time="2.527" timestamp="2026-03-09T22:23:15.597969+00:00" hostname="agent-env-a8524c17-662d-44e9-8f32-d99368acf505"><testcase classname="tests.test_block49_discovery.TestBlock49_1_MyKindaPeople" name="test_endpoint_exists" time="0.603" /><testcase classname="tests.test_block49_discovery.TestBlock49_1_MyKindaPeople" name="test_returns_list" time="0.142" /><testcase classname="tests.test_block49_discovery.TestBlock49_1_MyKindaPeople" name="test_result_structure" time="0.131"><skipped type="pytest.skip" message="No matching users found (expected if collection is small)">/app/backend/tests/test_block49_discovery.py:57: No matching users found (expected if collection is small)</skipped></testcase><testcase classname="tests.test_block49_discovery.TestBlock49_1_MyKindaPeople" name="test_requires_auth" time="0.179" /><testcase classname="tests.test_block49_discovery.TestBlock49_4_BuzzCount" name="test_prompts_today_exists" time="0.113" /><testcase classname="tests.test_block49_discovery.TestBlock49_4_BuzzCount" name="test_buzz_count_field_present" time="0.141" /><testcase classname="tests.test_block49_discovery.TestBlock49_4_BuzzCount" name="test_prompts_today_structure" time="0.118" /><testcase classname="tests.test_block49_discovery.TestBlock49_4_BuzzCount" name="test_prompt_has_id" time="0.122" /><testcase classname="tests.test_block49_discovery.TestTasteMatchEndpoint" name="test_taste_match_endpoint" time="0.116" /><testcase classname="tests.test_block49_discovery.TestTasteMatchEndpoint" name="test_taste_match_structure" time="0.102" /><testcase classname="tests.test_block49_discovery.TestFeedEndpoint" name="test_feed_returns_posts" time="0.177" /><testcase classname="tests.test_block49_discovery.TestFeedEndpoint" name="test_daily_prompt_posts_have_prompt_id" time="0.138" /><testcase classname="tests.test_block49_discovery.TestProfileEndpoint" name="test_get_user_profile" time="0.162" /><testcase classname="tests.test_block49_discovery.TestProfileEndpoint" name="test_get_user_records" time="0.219" /></testsuite></testsuites>