<?xml version="1.0" encoding="utf-8"?><testsuites name="pytest tests"><testsuite name="pytest" errors="0" failures="0" skipped="0" tests="7" time="1.955" timestamp="2026-03-11T23:20:44.747285+00:00" hostname="agent-env-1969033e-18df-4019-b943-a592b6d2ee8c"><testcase classname="backend.tests.test_block510_511_513.TestBlock511AdminOverride" name="test_admin_override_applied" time="0.492" /><testcase classname="backend.tests.test_block510_511_513.TestBlock510GoldenHivePayment" name="test_golden_hive_checkout_endpoint_exists" time="0.109" /><testcase classname="backend.tests.test_block510_511_513.TestBlock510GoldenHivePayment" name="test_golden_hive_status_endpoint" time="0.126" /><testcase classname="backend.tests.test_block510_511_513.TestBlock510GoldenHivePayment" name="test_golden_hive_checkout_authenticated" time="0.457" /><testcase classname="backend.tests.test_block510_511_513.TestBlock509GoldenHiveBadge" name="test_profile_includes_golden_hive_verified" time="0.468" /><testcase classname="backend.tests.test_block510_511_513.TestApiHealth" name="test_api_health" time="0.138" /><testcase classname="backend.tests.test_block510_511_513.TestApiHealth" name="test_webhook_endpoint_exists" time="0.106" /></testsuite></testsuites>