<?xml version="1.0" encoding="utf-8"?><testsuites name="pytest tests"><testsuite name="pytest" errors="0" failures="1" skipped="0" tests="9" time="3.838" timestamp="2026-03-11T17:19:17.498015+00:00" hostname="agent-env-4c37ea53-cedd-4e08-b72a-7d21d4d57f43"><testcase classname="backend.tests.test_block349_image_proxy.TestImageProxyEndpoint" name="test_image_proxy_proxies_external_discogs_image" time="0.430" /><testcase classname="backend.tests.test_block349_image_proxy.TestImageProxyEndpoint" name="test_image_proxy_returns_proper_content_type_jpeg" time="1.629" /><testcase classname="backend.tests.test_block349_image_proxy.TestImageProxyEndpoint" name="test_image_proxy_handles_invalid_url_with_400" time="0.292" /><testcase classname="backend.tests.test_block349_image_proxy.TestImageProxyEndpoint" name="test_image_proxy_handles_failing_url_gracefully" time="0.394" /><testcase classname="backend.tests.test_block349_image_proxy.TestImageProxyEndpoint" name="test_image_proxy_cache_control_header" time="0.140"><failure message="AssertionError: Expected max-age in Cache-Control, got no-store, no-cache, must-revalidate&#10;assert 'max-age' in 'no-store, no-cache, must-revalidate'">backend/tests/test_block349_image_proxy.py:101: in test_image_proxy_cache_control_header
    assert "max-age" in cache_control, f"Expected max-age in Cache-Control, got {cache_control}"
E   AssertionError: Expected max-age in Cache-Control, got no-store, no-cache, must-revalidate
E   assert 'max-age' in 'no-store, no-cache, must-revalidate'</failure></testcase><testcase classname="backend.tests.test_block349_image_proxy.TestImageProxyEndpoint" name="test_image_proxy_follows_redirects" time="0.137" /><testcase classname="backend.tests.test_block349_image_proxy.TestWeeklyReportEndpoints" name="test_records_endpoint_returns_data" time="0.498" /><testcase classname="backend.tests.test_block349_image_proxy.TestWeeklyReportEndpoints" name="test_spins_endpoint_returns_data" time="0.117" /><testcase classname="backend.tests.test_block349_image_proxy.TestWeeklyReportEndpoints" name="test_collection_value_endpoint" time="0.114" /></testsuite></testsuites>