<?xml version="1.0" encoding="utf-8"?><testsuites name="pytest tests"><testsuite name="pytest" errors="0" failures="0" skipped="0" tests="10" time="4.599" timestamp="2026-03-10T23:53:22.356944+00:00" hostname="agent-env-7edab766-74c6-46d1-8a60-64a6857c5926"><testcase classname="backend.tests.test_block147_clutter_free_feed.TestClutterFreeFeed" name="test_feed_endpoint_returns_200" time="0.483" /><testcase classname="backend.tests.test_block147_clutter_free_feed.TestClutterFreeFeed" name="test_feed_excludes_discogs_import_posts" time="0.523" /><testcase classname="backend.tests.test_block147_clutter_free_feed.TestClutterFreeFeed" name="test_feed_excludes_captionless_now_spinning" time="0.416" /><testcase classname="backend.tests.test_block147_clutter_free_feed.TestClutterFreeFeed" name="test_feed_excludes_captionless_collection_update" time="0.533" /><testcase classname="backend.tests.test_block147_clutter_free_feed.TestClutterFreeFeed" name="test_feed_excludes_captionless_randomizer" time="0.439" /><testcase classname="backend.tests.test_block147_clutter_free_feed.TestClutterFreeFeed" name="test_explore_feed_also_filters_correctly" time="0.483" /><testcase classname="backend.tests.test_block147_clutter_free_feed.TestClutterFreeFeed" name="test_posts_with_captions_are_included" time="0.448" /><testcase classname="backend.tests.test_block147_clutter_free_feed.TestComposerEndpoints" name="test_now_spinning_requires_record" time="0.415" /><testcase classname="backend.tests.test_block147_clutter_free_feed.TestComposerEndpoints" name="test_randomizer_requires_record" time="0.397" /><testcase classname="backend.tests.test_block147_clutter_free_feed.TestComposerEndpoints" name="test_iso_requires_artist_album" time="0.398" /></testsuite></testsuites>