<?xml version="1.0" encoding="utf-8"?><testsuites name="pytest tests"><testsuite name="pytest" errors="0" failures="0" skipped="1" tests="13" time="2.500" timestamp="2026-03-06T09:20:01.368824+00:00" hostname="agent-env-ed11395f-3f80-437c-9c04-2add4c361c0c"><testcase classname="tests.test_brand_polish.TestEmailTemplates" name="test_base_template_structure" time="0.001" /><testcase classname="tests.test_brand_polish.TestEmailTemplates" name="test_email_service_sender_name" time="0.000" /><testcase classname="tests.test_brand_polish.TestEmailTemplates" name="test_welcome_email_template" time="0.000" /><testcase classname="tests.test_brand_polish.TestEmailTemplates" name="test_invite_email_template" time="0.000" /><testcase classname="tests.test_brand_polish.TestStaticAssets" name="test_favicon_endpoints" time="0.487" /><testcase classname="tests.test_brand_polish.TestStaticAssets" name="test_logo_wordmark" time="0.101" /><testcase classname="tests.test_brand_polish.TestStaticAssets" name="test_honey_drip_image" time="0.102" /><testcase classname="tests.test_brand_polish.TestAPIHealth" name="test_health_endpoint" time="0.099"><skipped type="pytest.skip" message="Health endpoint not available: Health check failed: 404&#10;assert 404 == 200&#10; +  where 404 = &lt;Response [404]&gt;.status_code">/app/backend/tests/test_brand_polish.py:130: Health endpoint not available: Health check failed: 404
assert 404 == 200
 +  where 404 = &lt;Response [404]&gt;.status_code</skipped></testcase><testcase classname="tests.test_brand_polish.TestAPIHealth" name="test_login_endpoint_exists" time="0.103" /><testcase classname="tests.test_brand_polish.TestAPIHealth" name="test_prompts_endpoint" time="0.097" /><testcase classname="tests.test_brand_polish.TestAuthenticatedFeatures" name="test_daily_prompt_with_auth" time="0.482" /><testcase classname="tests.test_brand_polish.TestAuthenticatedFeatures" name="test_hive_feed_with_auth" time="0.535" /><testcase classname="tests.test_brand_polish.TestAuthenticatedFeatures" name="test_notifications_with_auth" time="0.432" /></testsuite></testsuites>