<?xml version="1.0" encoding="utf-8"?><testsuites name="pytest tests"><testsuite name="pytest" errors="0" failures="0" skipped="0" tests="16" time="6.688" timestamp="2026-03-06T02:01:47.781485+00:00" hostname="agent-env-f1ba16d8-110c-4303-b568-954cd4b0b990"><testcase classname="tests.test_buyer_protection.TestSellerTransactionCount" name="test_auth_me_returns_completed_transactions" time="0.661" /><testcase classname="tests.test_buyer_protection.TestSellerTransactionCount" name="test_user_profile_returns_completed_transactions" time="0.283" /><testcase classname="tests.test_buyer_protection.TestSellerStatsOnListings" name="test_get_listings_returns_seller_stats" time="0.486" /><testcase classname="tests.test_buyer_protection.TestSellerStatsOnListings" name="test_get_single_listing_returns_seller_stats" time="0.234" /><testcase classname="tests.test_buyer_protection.TestNewSellerRestrictions" name="test_seller_stats_endpoint" time="0.441" /><testcase classname="tests.test_buyer_protection.TestNewSellerRestrictions" name="test_listing_restriction_for_established_seller" time="0.278" /><testcase classname="tests.test_buyer_protection.TestOffPlatformDetection" name="test_listing_with_offplatform_keywords_gets_flagged" time="0.630" /><testcase classname="tests.test_buyer_protection.TestOffPlatformDetection" name="test_admin_offplatform_alerts_endpoint" time="0.129" /><testcase classname="tests.test_buyer_protection.TestOffPlatformDetection" name="test_offplatform_keywords_detection" time="0.994" /><testcase classname="tests.test_buyer_protection.TestShippingInsurance" name="test_listing_accepts_insured_boolean" time="0.598" /><testcase classname="tests.test_buyer_protection.TestShippingInsurance" name="test_listing_detail_shows_insured_status" time="0.472" /><testcase classname="tests.test_buyer_protection.TestSellerStatsEndpoint" name="test_seller_stats_requires_auth" time="0.112" /><testcase classname="tests.test_buyer_protection.TestSellerStatsEndpoint" name="test_seller_stats_returns_transaction_count" time="0.464" /><testcase classname="tests.test_buyer_protection.TestAdminOffPlatformAlerts" name="test_admin_alerts_requires_admin" time="0.139" /><testcase classname="tests.test_buyer_protection.TestAdminOffPlatformAlerts" name="test_admin_alerts_accessible_by_admin" time="0.462" /><testcase classname="tests.test_buyer_protection.TestAdminOffPlatformAlerts" name="test_admin_can_dismiss_alert" time="0.235" /></testsuite></testsuites>