<?xml version="1.0" encoding="utf-8"?><testsuites name="pytest tests"><testsuite name="pytest" errors="0" failures="0" skipped="4" tests="12" time="1.813" timestamp="2026-03-10T00:32:57.561548+00:00" hostname="agent-env-939654a4-329b-435a-8ce2-416893b6de91"><testcase classname="backend.tests.test_color_variant_bugfix.TestColorVariantBugFix" name="test_post_response_model_has_color_variant_field" time="0.088" /><testcase classname="backend.tests.test_color_variant_bugfix.TestColorVariantBugFix" name="test_record_creation_with_color_variant" time="0.979"><skipped type="pytest.skip" message="Record creation failed">/app/backend/tests/test_color_variant_bugfix.py:96: Record creation failed</skipped></testcase><testcase classname="backend.tests.test_color_variant_bugfix.TestColorVariantBugFix" name="test_added_to_collection_post_has_color_variant" time="0.120"><skipped type="pytest.skip" message="Record creation failed: {&quot;id&quot;:&quot;c74569fc-22c6-4062-849f-90ea4c923315&quot;,&quot;discogs_id&quot;:null,&quot;title&quot;:&quot;TEST_Album_ATC_70366176&quot;,&quot;artist&quot;:&quot;TEST_Artist_ATC_70366176&quot;,&quot;cover_url&quot;:null,&quot;year&quot;:2024,&quot;format&quot;:&quot;Vinyl&quot;,&quot;notes&quot;:null,&quot;color_variant&quot;:&quot;Blue Splatter&quot;,&quot;user_id&quot;:&quot;427fae69-374f-4960-a81c-8ff8098b333d&quot;,&quot;created_at&quot;:&quot;2026-03-10T00:32:58.787389+00:00&quot;,&quot;spin_count&quot;:0}">/app/backend/tests/test_color_variant_bugfix.py:115: Record creation failed: {"id":"c74569fc-22c6-4062-849f-90ea4c923315","discogs_id":null,"title":"TEST_Album_ATC_70366176","artist":"TEST_Artist_ATC_70366176","cover_url":null,"year":2024,"format":"Vinyl","notes":null,"color_variant":"Blue Splatter","user_id":"427fae69-374f-4960-a81c-8ff8098b333d","created_at":"2026-03-10T00:32:58.787389+00:00","spin_count":0}</skipped></testcase><testcase classname="backend.tests.test_color_variant_bugfix.TestColorVariantBugFix" name="test_now_spinning_post_stores_color_variant" time="0.120"><skipped type="pytest.skip" message="Record creation failed: {&quot;id&quot;:&quot;6dd6b438-9e56-4731-8a56-93804942c2b9&quot;,&quot;discogs_id&quot;:null,&quot;title&quot;:&quot;TEST_Album_Spin_197cff5e&quot;,&quot;artist&quot;:&quot;TEST_Artist_Spin_197cff5e&quot;,&quot;cover_url&quot;:null,&quot;year&quot;:2024,&quot;format&quot;:&quot;Vinyl&quot;,&quot;notes&quot;:null,&quot;color_variant&quot;:&quot;Gold Metallic&quot;,&quot;user_id&quot;:&quot;427fae69-374f-4960-a81c-8ff8098b333d&quot;,&quot;created_at&quot;:&quot;2026-03-10T00:32:58.908260+00:00&quot;,&quot;spin_count&quot;:0}">/app/backend/tests/test_color_variant_bugfix.py:160: Record creation failed: {"id":"6dd6b438-9e56-4731-8a56-93804942c2b9","discogs_id":null,"title":"TEST_Album_Spin_197cff5e","artist":"TEST_Artist_Spin_197cff5e","cover_url":null,"year":2024,"format":"Vinyl","notes":null,"color_variant":"Gold Metallic","user_id":"427fae69-374f-4960-a81c-8ff8098b333d","created_at":"2026-03-10T00:32:58.908260+00:00","spin_count":0}</skipped></testcase><testcase classname="backend.tests.test_color_variant_bugfix.TestColorVariantBugFix" name="test_build_post_response_resolves_color_variant" time="0.124"><skipped type="pytest.skip" message="Record creation failed: {&quot;id&quot;:&quot;bc69200c-c9b5-4c1a-8124-d1ade47ecea6&quot;,&quot;discogs_id&quot;:null,&quot;title&quot;:&quot;TEST_Album_Resolve_f953d429&quot;,&quot;artist&quot;:&quot;TEST_Artist_Resolve_f953d429&quot;,&quot;cover_url&quot;:null,&quot;year&quot;:2024,&quot;format&quot;:&quot;Vinyl&quot;,&quot;notes&quot;:null,&quot;color_variant&quot;:&quot;Picture Disc&quot;,&quot;user_id&quot;:&quot;427fae69-374f-4960-a81c-8ff8098b333d&quot;,&quot;created_at&quot;:&quot;2026-03-10T00:32:59.034546+00:00&quot;,&quot;spin_count&quot;:0}">/app/backend/tests/test_color_variant_bugfix.py:206: Record creation failed: {"id":"bc69200c-c9b5-4c1a-8124-d1ade47ecea6","discogs_id":null,"title":"TEST_Album_Resolve_f953d429","artist":"TEST_Artist_Resolve_f953d429","cover_url":null,"year":2024,"format":"Vinyl","notes":null,"color_variant":"Picture Disc","user_id":"427fae69-374f-4960-a81c-8ff8098b333d","created_at":"2026-03-10T00:32:59.034546+00:00","spin_count":0}</skipped></testcase><testcase classname="backend.tests.test_color_variant_bugfix.TestColorVariantBugFix" name="test_feed_post_structure_has_color_variant_field" time="0.149" /><testcase classname="backend.tests.test_color_variant_bugfix.TestColorVariantBugFix" name="test_explore_feed_has_color_variant" time="0.167" /><testcase classname="backend.tests.test_color_variant_bugfix.TestColorVariantCodeReview" name="test_hive_build_post_response_has_resolved_color_variant_logic" time="0.000" /><testcase classname="backend.tests.test_color_variant_bugfix.TestColorVariantCodeReview" name="test_composer_now_spinning_stores_color_variant" time="0.000" /><testcase classname="backend.tests.test_color_variant_bugfix.TestColorVariantCodeReview" name="test_collection_add_record_stores_color_variant_on_post" time="0.000" /><testcase classname="backend.tests.test_color_variant_bugfix.TestColorVariantCodeReview" name="test_post_response_model_has_color_variant" time="0.000" /><testcase classname="backend.tests.test_color_variant_bugfix.TestColorVariantCodeReview" name="test_frontend_postcards_prioritizes_post_color_variant" time="0.000" /></testsuite></testsuites>