<?xml version="1.0" encoding="utf-8"?><testsuites name="pytest tests"><testsuite name="pytest" errors="0" failures="0" skipped="0" tests="14" time="11.717" timestamp="2026-03-14T18:47:57.705812+00:00" hostname="agent-env-a5ea89eb-59b0-459a-9a02-f4494c57870e"><testcase classname="backend.tests.test_comment_deletion_loadinghoney.TestCommentDeletion" name="test_create_and_delete_own_comment" time="2.240" /><testcase classname="backend.tests.test_comment_deletion_loadinghoney.TestCommentDeletion" name="test_deleted_comment_appears_with_is_deleted_flag" time="2.046" /><testcase classname="backend.tests.test_comment_deletion_loadinghoney.TestCommentDeletion" name="test_deleted_comment_without_replies_filtered_out" time="1.953" /><testcase classname="backend.tests.test_comment_deletion_loadinghoney.TestCommentDeletion" name="test_delete_nonexistent_comment_returns_404" time="0.139" /><testcase classname="backend.tests.test_comment_deletion_loadinghoney.TestCommentDeletion" name="test_unauthorized_user_cannot_delete_others_comment" time="0.961" /><testcase classname="backend.tests.test_comment_deletion_loadinghoney.TestCommentDeletion" name="test_admin_can_delete_any_comment" time="0.349" /><testcase classname="backend.tests.test_comment_deletion_loadinghoney.TestGetCommentsFiltering" name="test_comments_endpoint_returns_nested_structure" time="3.956" /><testcase classname="backend.tests.test_comment_deletion_loadinghoney.TestLoadingHoneyCSS" name="test_pulse_honey_animation_exists" time="0.001" /><testcase classname="backend.tests.test_comment_deletion_loadinghoney.TestLoadingHoneyCSS" name="test_loading_honey_container_styles" time="0.000" /><testcase classname="backend.tests.test_comment_deletion_loadinghoney.TestLoadingHoneyComponent" name="test_loading_honey_component_exists" time="0.000" /><testcase classname="backend.tests.test_comment_deletion_loadinghoney.TestLoadingHoneyComponent" name="test_loading_honey_size_variants" time="0.000" /><testcase classname="backend.tests.test_comment_deletion_loadinghoney.TestLoadingHoneyUsage" name="test_hive_page_uses_loading_honey" time="0.000" /><testcase classname="backend.tests.test_comment_deletion_loadinghoney.TestLoadingHoneyUsage" name="test_profile_page_uses_loading_honey" time="0.000" /><testcase classname="backend.tests.test_comment_deletion_loadinghoney.TestLoadingHoneyUsage" name="test_search_page_uses_loading_honey" time="0.000" /></testsuite></testsuites>