<?xml version="1.0" encoding="utf-8"?><testsuites name="pytest tests"><testsuite name="pytest" errors="14" failures="0" skipped="0" tests="21" time="1.233" timestamp="2026-03-07T20:09:14.586437+00:00" hostname="agent-env-fab3668f-548f-447c-854b-0f1409833ebb"><testcase classname="backend.tests.test_comment_features.TestCommentBasics" name="test_create_comment" time="0.588" /><testcase classname="backend.tests.test_comment_features.TestCommentBasics" name="test_get_comments" time="0.069" /><testcase classname="backend.tests.test_comment_features.TestCommentReplies" name="test_create_reply_with_parent_id" time="0.059"><error message="failed on setup with &quot;Failed: Second user registration failed: {&quot;detail&quot;:&quot;Too many attempts. Try again in 15 minutes.&quot;}&quot;">backend/tests/test_comment_features.py:123: in second_user
    pytest.fail(f"Second user registration failed: {response.text}")
E   Failed: Second user registration failed: {"detail":"Too many attempts. Try again in 15 minutes."}</error></testcase><testcase classname="backend.tests.test_comment_features.TestCommentReplies" name="test_get_comments_returns_nested_structure" time="0.053" /><testcase classname="backend.tests.test_comment_features.TestCommentLikes" name="test_like_comment" time="0.000"><error message="failed on setup with &quot;Failed: Second user registration failed: {&quot;detail&quot;:&quot;Too many attempts. Try again in 15 minutes.&quot;}&quot;">backend/tests/test_comment_features.py:123: in second_user
    pytest.fail(f"Second user registration failed: {response.text}")
E   Failed: Second user registration failed: {"detail":"Too many attempts. Try again in 15 minutes."}</error></testcase><testcase classname="backend.tests.test_comment_features.TestCommentLikes" name="test_like_comment_already_liked" time="0.000"><error message="failed on setup with &quot;Failed: Second user registration failed: {&quot;detail&quot;:&quot;Too many attempts. Try again in 15 minutes.&quot;}&quot;">backend/tests/test_comment_features.py:123: in second_user
    pytest.fail(f"Second user registration failed: {response.text}")
E   Failed: Second user registration failed: {"detail":"Too many attempts. Try again in 15 minutes."}</error></testcase><testcase classname="backend.tests.test_comment_features.TestCommentLikes" name="test_unlike_comment" time="0.000"><error message="failed on setup with &quot;Failed: Second user registration failed: {&quot;detail&quot;:&quot;Too many attempts. Try again in 15 minutes.&quot;}&quot;">backend/tests/test_comment_features.py:123: in second_user
    pytest.fail(f"Second user registration failed: {response.text}")
E   Failed: Second user registration failed: {"detail":"Too many attempts. Try again in 15 minutes."}</error></testcase><testcase classname="backend.tests.test_comment_features.TestCommentLikes" name="test_unlike_not_liked" time="0.000"><error message="failed on setup with &quot;Failed: Second user registration failed: {&quot;detail&quot;:&quot;Too many attempts. Try again in 15 minutes.&quot;}&quot;">backend/tests/test_comment_features.py:123: in second_user
    pytest.fail(f"Second user registration failed: {response.text}")
E   Failed: Second user registration failed: {"detail":"Too many attempts. Try again in 15 minutes."}</error></testcase><testcase classname="backend.tests.test_comment_features.TestCommentLikes" name="test_comments_include_likes_count_and_is_liked" time="0.000"><error message="failed on setup with &quot;Failed: Second user registration failed: {&quot;detail&quot;:&quot;Too many attempts. Try again in 15 minutes.&quot;}&quot;">backend/tests/test_comment_features.py:123: in second_user
    pytest.fail(f"Second user registration failed: {response.text}")
E   Failed: Second user registration failed: {"detail":"Too many attempts. Try again in 15 minutes."}</error></testcase><testcase classname="backend.tests.test_comment_features.TestMentionNotifications" name="test_mention_creates_notification" time="0.000"><error message="failed on setup with &quot;Failed: Second user registration failed: {&quot;detail&quot;:&quot;Too many attempts. Try again in 15 minutes.&quot;}&quot;">backend/tests/test_comment_features.py:123: in second_user
    pytest.fail(f"Second user registration failed: {response.text}")
E   Failed: Second user registration failed: {"detail":"Too many attempts. Try again in 15 minutes."}</error></testcase><testcase classname="backend.tests.test_comment_features.TestMentionNotifications" name="test_reply_creates_comment_reply_notification" time="0.000"><error message="failed on setup with &quot;Failed: Second user registration failed: {&quot;detail&quot;:&quot;Too many attempts. Try again in 15 minutes.&quot;}&quot;">backend/tests/test_comment_features.py:123: in second_user
    pytest.fail(f"Second user registration failed: {response.text}")
E   Failed: Second user registration failed: {"detail":"Too many attempts. Try again in 15 minutes."}</error></testcase><testcase classname="backend.tests.test_comment_features.TestCommentLikeNotifications" name="test_like_comment_creates_notification" time="0.000"><error message="failed on setup with &quot;Failed: Second user registration failed: {&quot;detail&quot;:&quot;Too many attempts. Try again in 15 minutes.&quot;}&quot;">backend/tests/test_comment_features.py:123: in second_user
    pytest.fail(f"Second user registration failed: {response.text}")
E   Failed: Second user registration failed: {"detail":"Too many attempts. Try again in 15 minutes."}</error></testcase><testcase classname="backend.tests.test_comment_features.TestMentionSearch" name="test_mention_search_returns_users" time="0.000"><error message="failed on setup with &quot;Failed: Second user registration failed: {&quot;detail&quot;:&quot;Too many attempts. Try again in 15 minutes.&quot;}&quot;">backend/tests/test_comment_features.py:123: in second_user
    pytest.fail(f"Second user registration failed: {response.text}")
E   Failed: Second user registration failed: {"detail":"Too many attempts. Try again in 15 minutes."}</error></testcase><testcase classname="backend.tests.test_comment_features.TestMentionSearch" name="test_mention_search_empty_query" time="0.052" /><testcase classname="backend.tests.test_comment_features.TestMentionSearch" name="test_mention_search_requires_auth" time="0.065" /><testcase classname="backend.tests.test_comment_features.TestAdminPinPost" name="test_pin_post_requires_admin" time="0.049" /><testcase classname="backend.tests.test_comment_features.TestAdminPinPost" name="test_admin_can_pin_post" time="0.055"><error message="failed on setup with &quot;Failed: Admin user registration failed: {&quot;detail&quot;:&quot;Too many attempts. Try again in 15 minutes.&quot;}&quot;">backend/tests/test_comment_features.py:162: in admin_user
    pytest.fail(f"Admin user registration failed: {response.text}")
E   Failed: Admin user registration failed: {"detail":"Too many attempts. Try again in 15 minutes."}</error></testcase><testcase classname="backend.tests.test_comment_features.TestAdminPinPost" name="test_unpin_post_requires_admin" time="0.055" /><testcase classname="backend.tests.test_comment_features.TestAdminPinPost" name="test_admin_can_unpin_post" time="0.000"><error message="failed on setup with &quot;Failed: Admin user registration failed: {&quot;detail&quot;:&quot;Too many attempts. Try again in 15 minutes.&quot;}&quot;">backend/tests/test_comment_features.py:162: in admin_user
    pytest.fail(f"Admin user registration failed: {response.text}")
E   Failed: Admin user registration failed: {"detail":"Too many attempts. Try again in 15 minutes."}</error></testcase><testcase classname="backend.tests.test_comment_features.TestFeedPinnedPost" name="test_feed_shows_pinned_post_first" time="0.000"><error message="failed on setup with &quot;Failed: Admin user registration failed: {&quot;detail&quot;:&quot;Too many attempts. Try again in 15 minutes.&quot;}&quot;">backend/tests/test_comment_features.py:162: in admin_user
    pytest.fail(f"Admin user registration failed: {response.text}")
E   Failed: Admin user registration failed: {"detail":"Too many attempts. Try again in 15 minutes."}</error></testcase><testcase classname="backend.tests.test_comment_features.TestFeedPinnedPost" name="test_pinning_new_post_unpins_previous" time="0.006"><error message="failed on setup with &quot;Failed: Admin user registration failed: {&quot;detail&quot;:&quot;Too many attempts. Try again in 15 minutes.&quot;}&quot;">backend/tests/test_comment_features.py:162: in admin_user
    pytest.fail(f"Admin user registration failed: {response.text}")
E   Failed: Admin user registration failed: {"detail":"Too many attempts. Try again in 15 minutes."}</error></testcase></testsuite></testsuites>