<?xml version="1.0" encoding="utf-8"?><testsuites name="pytest tests"><testsuite name="pytest" errors="0" failures="0" skipped="3" tests="8" time="3.541" timestamp="2026-03-06T21:53:02.403312+00:00" hostname="agent-env-2b50fe44-3f13-4385-88a7-63d52fbefee6"><testcase classname="tests.test_compact_listings_delete_account.TestDeleteAccountEndpoint" name="test_delete_account_returns_401_without_auth" time="0.180" /><testcase classname="tests.test_compact_listings_delete_account.TestDeleteAccountEndpoint" name="test_delete_account_success_with_auth" time="0.746" /><testcase classname="tests.test_compact_listings_delete_account.TestDeleteAccountEndpoint" name="test_account_deletion_logged_in_collection" time="0.844" /><testcase classname="tests.test_compact_listings_delete_account.TestListingCreation" name="test_get_listings_endpoint" time="0.531" /><testcase classname="tests.test_compact_listings_delete_account.TestListingCreation" name="test_get_my_listings_endpoint" time="0.627" /><testcase classname="tests.test_compact_listings_delete_account.TestHoneypotPageAccess" name="test_iso_endpoint" time="0.129"><skipped type="pytest.skip" message="Could not login with demo account: {&quot;detail&quot;:&quot;Too many attempts. Please try again in a few minutes.&quot;}">/app/backend/tests/test_compact_listings_delete_account.py:172: Could not login with demo account: {"detail":"Too many attempts. Please try again in a few minutes."}</skipped></testcase><testcase classname="tests.test_compact_listings_delete_account.TestHoneypotPageAccess" name="test_iso_community_endpoint" time="0.204"><skipped type="pytest.skip" message="Could not login with demo account: {&quot;detail&quot;:&quot;Too many attempts. Please try again in a few minutes.&quot;}">/app/backend/tests/test_compact_listings_delete_account.py:181: Could not login with demo account: {"detail":"Too many attempts. Please try again in a few minutes."}</skipped></testcase><testcase classname="tests.test_compact_listings_delete_account.TestHoneypotPageAccess" name="test_trades_endpoint" time="0.226"><skipped type="pytest.skip" message="Could not login with demo account: {&quot;detail&quot;:&quot;Too many attempts. Please try again in a few minutes.&quot;}">/app/backend/tests/test_compact_listings_delete_account.py:190: Could not login with demo account: {"detail":"Too many attempts. Please try again in a few minutes."}</skipped></testcase></testsuite></testsuites>