<?xml version="1.0" encoding="utf-8"?><testsuites name="pytest tests"><testsuite name="pytest" errors="0" failures="0" skipped="0" tests="6" time="3.875" timestamp="2026-03-07T21:04:34.437557+00:00" hostname="agent-env-fab3668f-548f-447c-854b-0f1409833ebb"><testcase classname="backend.tests.test_country_gate_features.TestCountryGateFeatures" name="test_update_country_field" time="0.622" /><testcase classname="backend.tests.test_country_gate_features.TestCountryGateFeatures" name="test_update_country_to_other_values" time="0.629" /><testcase classname="backend.tests.test_country_gate_features.TestCheckoutShippingAddressCollection" name="test_checkout_domestic_only_listing_validation" time="1.137" /><testcase classname="backend.tests.test_country_gate_features.TestCheckoutShippingAddressCollection" name="test_checkout_international_shipping_listing_allowed" time="1.437" /><testcase classname="backend.tests.test_country_gate_features.TestCodeVerification" name="test_checkout_has_shipping_address_collection" time="0.000" /><testcase classname="backend.tests.test_country_gate_features.TestCodeVerification" name="test_checkout_validates_domestic_shipping" time="0.000" /></testsuite></testsuites>