<?xml version="1.0" encoding="utf-8"?><testsuites name="pytest tests"><testsuite name="pytest" errors="0" failures="0" skipped="0" tests="19" time="6.212" timestamp="2026-03-05T18:12:16.715892+00:00" hostname="agent-env-96a9ed05-b101-442a-86b8-1fa3325438af"><testcase classname="backend.tests.test_daily_prompts.TestDailyPromptsAuth" name="test_login_works" time="0.744" /><testcase classname="backend.tests.test_daily_prompts.TestTodaysPrompt" name="test_get_todays_prompt" time="0.523" /><testcase classname="backend.tests.test_daily_prompts.TestTodaysPrompt" name="test_todays_prompt_requires_auth" time="0.179" /><testcase classname="backend.tests.test_daily_prompts.TestStreak" name="test_get_user_streak" time="0.115" /><testcase classname="backend.tests.test_daily_prompts.TestStreak" name="test_streak_invalid_user" time="0.146" /><testcase classname="backend.tests.test_daily_prompts.TestBuzzIn" name="test_buzz_in_requires_auth" time="0.139" /><testcase classname="backend.tests.test_daily_prompts.TestBuzzIn" name="test_buzz_in_requires_prompt_id" time="0.497" /><testcase classname="backend.tests.test_daily_prompts.TestBuzzIn" name="test_buzz_in_requires_record_id" time="0.232" /><testcase classname="backend.tests.test_daily_prompts.TestBuzzIn" name="test_buzz_in_already_responded" time="0.298" /><testcase classname="backend.tests.test_daily_prompts.TestExportCard" name="test_export_card_requires_auth" time="0.112" /><testcase classname="backend.tests.test_daily_prompts.TestExportCard" name="test_export_card_requires_response_id" time="0.580" /><testcase classname="backend.tests.test_daily_prompts.TestExportCard" name="test_export_card_invalid_response" time="0.109" /><testcase classname="backend.tests.test_daily_prompts.TestExportCard" name="test_export_card_generates_png" time="0.427" /><testcase classname="backend.tests.test_daily_prompts.TestAdminEndpoints" name="test_admin_get_all_prompts" time="0.485" /><testcase classname="backend.tests.test_daily_prompts.TestAdminEndpoints" name="test_admin_get_all_prompts_requires_auth" time="0.134" /><testcase classname="backend.tests.test_daily_prompts.TestAdminEndpoints" name="test_admin_create_prompt" time="0.123" /><testcase classname="backend.tests.test_daily_prompts.TestAdminEndpoints" name="test_admin_create_prompt_requires_auth" time="0.108" /><testcase classname="backend.tests.test_daily_prompts.TestDiscogsImageCache" name="test_discogs_hires_endpoint" time="1.063" /><testcase classname="backend.tests.test_daily_prompts.TestDiscogsImageCache" name="test_discogs_hires_requires_auth" time="0.113" /></testsuite></testsuites>