<?xml version="1.0" encoding="utf-8"?><testsuites name="pytest tests"><testsuite name="pytest" errors="0" failures="0" skipped="0" tests="10" time="7.698" timestamp="2026-03-13T17:42:15.241218+00:00" hostname="agent-env-1b684f93-569b-40de-acb5-0fa31c7173a5"><testcase classname="backend.tests.test_data_migration_fixes.TestHealthAndExport" name="test_health_check" time="1.497" /><testcase classname="backend.tests.test_data_migration_fixes.TestHealthAndExport" name="test_export_list_endpoint" time="0.177" /><testcase classname="backend.tests.test_data_migration_fixes.TestAdminAuth" name="test_admin_login_success" time="0.628" /><testcase classname="backend.tests.test_data_migration_fixes.TestAdminAuth" name="test_admin_user_has_admin_flag" time="0.621" /><testcase classname="backend.tests.test_data_migration_fixes.TestAdminAuth" name="test_login_invalid_credentials" time="0.341" /><testcase classname="backend.tests.test_data_migration_fixes.TestHoneypotAPI" name="test_listings_endpoint" time="0.872" /><testcase classname="backend.tests.test_data_migration_fixes.TestHoneypotAPI" name="test_my_listings_endpoint" time="0.829" /><testcase classname="backend.tests.test_data_migration_fixes.TestHoneypotAPI" name="test_iso_endpoint" time="0.907" /><testcase classname="backend.tests.test_data_migration_fixes.TestHoneypotAPI" name="test_community_iso_endpoint" time="0.881" /><testcase classname="backend.tests.test_data_migration_fixes.TestHiveFeed" name="test_explore_endpoint" time="0.863" /></testsuite></testsuites>