<?xml version="1.0" encoding="utf-8"?><testsuites name="pytest tests"><testsuite name="pytest" errors="0" failures="1" skipped="0" tests="10" time="3.081" timestamp="2026-03-07T16:10:33.400115+00:00" hostname="agent-env-5c2d4fed-99e0-4743-83c3-3cff3aa1a889"><testcase classname="backend.tests.test_delete_features.TestDeletePostEndpoint" name="test_delete_post_requires_auth" time="0.188" /><testcase classname="backend.tests.test_delete_features.TestDeletePostEndpoint" name="test_delete_post_not_found" time="0.433" /><testcase classname="backend.tests.test_delete_features.TestDeletePostEndpoint" name="test_delete_post_forbidden_for_non_owner" time="0.678" /><testcase classname="backend.tests.test_delete_features.TestDeletePostEndpoint" name="test_delete_own_post_success" time="0.227" /><testcase classname="backend.tests.test_delete_features.TestDeletePostEndpoint" name="test_delete_post_removes_likes_and_comments" time="0.427"><failure message="AssertionError: Comments should return 404 after post deletion, got 200&#10;assert 200 == 404&#10; +  where 200 = &lt;Response [200]&gt;.status_code">backend/tests/test_delete_features.py:222: in test_delete_post_removes_likes_and_comments
    assert get_resp.status_code == 404, f"Comments should return 404 after post deletion, got {get_resp.status_code}"
E   AssertionError: Comments should return 404 after post deletion, got 200
E   assert 200 == 404
E    +  where 200 = &lt;Response [200]&gt;.status_code</failure></testcase><testcase classname="backend.tests.test_delete_features.TestDeleteListingEndpoint" name="test_delete_listing_requires_auth" time="0.143" /><testcase classname="backend.tests.test_delete_features.TestDeleteListingEndpoint" name="test_delete_listing_not_found" time="0.332" /><testcase classname="backend.tests.test_delete_features.TestDeleteISOEndpoint" name="test_delete_iso_requires_auth" time="0.111" /><testcase classname="backend.tests.test_delete_features.TestDeleteISOEndpoint" name="test_delete_iso_not_found" time="0.329" /><testcase classname="backend.tests.test_delete_features.TestDeleteISOEndpoint" name="test_create_and_delete_iso" time="0.131" /></testsuite></testsuites>