<?xml version="1.0" encoding="utf-8"?><testsuites name="pytest tests"><testsuite name="pytest" errors="0" failures="0" skipped="0" tests="13" time="2.743" timestamp="2026-03-07T05:53:57.121766+00:00" hostname="agent-env-f269cf0e-e9e5-4e49-b539-de5fd3db3c6f"><testcase classname="tests.test_demo_cleanup_files.TestFileServeEndpoint" name="test_wrong_namespace_returns_403" time="0.217" /><testcase classname="tests.test_demo_cleanup_files.TestFileServeEndpoint" name="test_valid_namespace_serves_image" time="0.283" /><testcase classname="tests.test_demo_cleanup_files.TestFileServeEndpoint" name="test_missing_file_returns_error" time="0.344" /><testcase classname="tests.test_demo_cleanup_files.TestUploadEndpoint" name="test_upload_returns_url_field" time="0.642" /><testcase classname="tests.test_demo_cleanup_files.TestHiddenUserFiltering" name="test_no_demo_users_in_explore_feed" time="0.126" /><testcase classname="tests.test_demo_cleanup_files.TestHiddenUserFiltering" name="test_no_demo_content_in_hive_feed" time="0.117" /><testcase classname="tests.test_demo_cleanup_files.TestHiddenUserFiltering" name="test_admin_authentication_works" time="0.106" /><testcase classname="tests.test_demo_cleanup_files.TestRecordDetailListingButtons" name="test_record_detail_endpoint_returns_owner" time="0.276" /><testcase classname="tests.test_demo_cleanup_files.TestRecordDetailListingButtons" name="test_record_has_info_for_listing_prefill" time="0.127" /><testcase classname="tests.test_demo_cleanup_files.TestDemoContentCleanup" name="test_suggested_collectors_no_demo" time="0.103" /><testcase classname="tests.test_demo_cleanup_files.TestDemoContentCleanup" name="test_buzzing_feed_no_demo" time="0.106" /><testcase classname="tests.test_demo_cleanup_files.TestListingsEndpoints" name="test_listings_endpoint_exists" time="0.101" /><testcase classname="tests.test_demo_cleanup_files.TestListingsEndpoints" name="test_my_listings_endpoint" time="0.101" /></testsuite></testsuites>