<?xml version="1.0" encoding="utf-8"?><testsuites name="pytest tests"><testsuite name="pytest" errors="0" failures="0" skipped="0" tests="27" time="69.020" timestamp="2026-03-05T22:36:49.273499+00:00" hostname="agent-env-87b310ec-698b-456c-b6d5-aed1fbe59afe"><testcase classname="backend.tests.test_discogs_import.TestDiscogsStatus" name="test_discogs_status_returns_connection_info" time="0.649" /><testcase classname="backend.tests.test_discogs_import.TestDiscogsStatus" name="test_discogs_status_requires_auth" time="0.156" /><testcase classname="backend.tests.test_discogs_import.TestDiscogsConnectToken" name="test_connect_with_valid_username" time="1.215" /><testcase classname="backend.tests.test_discogs_import.TestDiscogsConnectToken" name="test_connect_with_invalid_username_returns_400" time="0.701" /><testcase classname="backend.tests.test_discogs_import.TestDiscogsConnectToken" name="test_connect_token_requires_auth" time="0.137" /><testcase classname="backend.tests.test_discogs_import.TestDiscogsStatusAfterConnect" name="test_status_shows_connected_after_connect" time="1.030" /><testcase classname="backend.tests.test_discogs_import.TestDiscogsImportProgress" name="test_import_progress_returns_status" time="0.463" /><testcase classname="backend.tests.test_discogs_import.TestDiscogsImportProgress" name="test_import_progress_requires_auth" time="0.155" /><testcase classname="backend.tests.test_discogs_import.TestDiscogsDisconnect" name="test_disconnect_removes_connection" time="1.285" /><testcase classname="backend.tests.test_discogs_import.TestDiscogsDisconnect" name="test_disconnect_requires_auth" time="0.132" /><testcase classname="backend.tests.test_discogs_import.TestDiscogsImportStartAndSync" name="test_import_requires_connection" time="1.430" /><testcase classname="backend.tests.test_discogs_import.TestDiscogsImportStartAndSync" name="test_import_starts_when_connected" time="2.574" /><testcase classname="backend.tests.test_discogs_import.TestRecordCountAfterImport" name="test_user_has_imported_records" time="1.448" /><testcase classname="backend.tests.test_discogs_summary_platformfee.TestDiscogsImportSummary" name="test_summary_endpoint_returns_200" time="0.933" /><testcase classname="backend.tests.test_discogs_summary_platformfee.TestDiscogsImportSummary" name="test_summary_returns_has_import_field" time="0.572" /><testcase classname="backend.tests.test_discogs_summary_platformfee.TestDiscogsImportSummary" name="test_summary_returns_rich_data_when_has_import" time="0.566" /><testcase classname="backend.tests.test_discogs_summary_platformfee.TestDiscogsImportSummary" name="test_summary_returns_collection_stats" time="0.618" /><testcase classname="backend.tests.test_discogs_summary_platformfee.TestDiscogsImportSummary" name="test_summary_requires_auth" time="0.135" /><testcase classname="backend.tests.test_discogs_summary_platformfee.TestDiscogsImportProgressFields" name="test_progress_returns_sample_covers_field" time="0.499" /><testcase classname="backend.tests.test_discogs_summary_platformfee.TestDiscogsImportProgressFields" name="test_progress_returns_errors_field" time="36.751" /><testcase classname="backend.tests.test_discogs_summary_platformfee.TestPlatformFee" name="test_platform_fee_returns_200" time="7.340" /><testcase classname="backend.tests.test_discogs_summary_platformfee.TestPlatformFee" name="test_platform_fee_returns_fee_percent" time="3.270" /><testcase classname="backend.tests.test_discogs_summary_platformfee.TestPlatformFee" name="test_platform_fee_is_reasonable" time="0.153" /><testcase classname="backend.tests.test_discogs_summary_platformfee.TestDiscogsConnectPrivateCollection" name="test_connect_shows_private_error_message" time="1.530" /><testcase classname="backend.tests.test_discogs_summary_platformfee.TestDiscogsStatusFields" name="test_status_returns_last_synced" time="0.495" /><testcase classname="backend.tests.test_discogs_summary_platformfee.TestDiscogsStatusFields" name="test_status_returns_connected_at" time="0.474" /><testcase classname="backend.tests.test_discogs_summary_platformfee.TestDuplicateHandling" name="test_sync_shows_skipped_duplicates" time="4.209" /></testsuite></testsuites>