<?xml version="1.0" encoding="utf-8"?><testsuites name="pytest tests"><testsuite name="pytest" errors="0" failures="0" skipped="0" tests="13" time="7.375" timestamp="2026-03-05T05:19:56.978518+00:00" hostname="agent-env-2bc664b3-e43f-4c1e-beb5-f827e349d63c"><testcase classname="backend.tests.test_discogs_import.TestDiscogsStatus" name="test_discogs_status_returns_connection_info" time="0.515" /><testcase classname="backend.tests.test_discogs_import.TestDiscogsStatus" name="test_discogs_status_requires_auth" time="0.101" /><testcase classname="backend.tests.test_discogs_import.TestDiscogsConnectToken" name="test_connect_with_valid_username" time="0.792" /><testcase classname="backend.tests.test_discogs_import.TestDiscogsConnectToken" name="test_connect_with_invalid_username_returns_400" time="0.731" /><testcase classname="backend.tests.test_discogs_import.TestDiscogsConnectToken" name="test_connect_token_requires_auth" time="0.110" /><testcase classname="backend.tests.test_discogs_import.TestDiscogsStatusAfterConnect" name="test_status_shows_connected_after_connect" time="0.688" /><testcase classname="backend.tests.test_discogs_import.TestDiscogsImportProgress" name="test_import_progress_returns_status" time="0.429" /><testcase classname="backend.tests.test_discogs_import.TestDiscogsImportProgress" name="test_import_progress_requires_auth" time="0.106" /><testcase classname="backend.tests.test_discogs_import.TestDiscogsDisconnect" name="test_disconnect_removes_connection" time="0.843" /><testcase classname="backend.tests.test_discogs_import.TestDiscogsDisconnect" name="test_disconnect_requires_auth" time="0.121" /><testcase classname="backend.tests.test_discogs_import.TestDiscogsImportStartAndSync" name="test_import_requires_connection" time="0.931" /><testcase classname="backend.tests.test_discogs_import.TestDiscogsImportStartAndSync" name="test_import_starts_when_connected" time="0.719" /><testcase classname="backend.tests.test_discogs_import.TestRecordCountAfterImport" name="test_user_has_imported_records" time="1.226" /></testsuite></testsuites>