<?xml version="1.0" encoding="utf-8"?><testsuites name="pytest tests"><testsuite name="pytest" errors="0" failures="0" skipped="0" tests="11" time="2.549" timestamp="2026-03-05T08:30:18.054677+00:00" hostname="agent-env-6bc4b0b9-6546-4573-b8d2-b11557548bd6"><testcase classname="backend.tests.test_dm_feature.TestDMFeature" name="test_cannot_message_self" time="0.517" /><testcase classname="backend.tests.test_dm_feature.TestDMFeature" name="test_create_conversation_and_send_message" time="0.438" /><testcase classname="backend.tests.test_dm_feature.TestDMFeature" name="test_list_conversations" time="0.105" /><testcase classname="backend.tests.test_dm_feature.TestDMFeature" name="test_get_conversation_by_id" time="0.228" /><testcase classname="backend.tests.test_dm_feature.TestDMFeature" name="test_send_message_in_conversation" time="0.212" /><testcase classname="backend.tests.test_dm_feature.TestDMFeature" name="test_unread_count" time="0.134" /><testcase classname="backend.tests.test_dm_feature.TestDMFeature" name="test_conversation_with_user" time="0.099" /><testcase classname="backend.tests.test_dm_feature.TestDMFeature" name="test_user_by_id" time="0.099" /><testcase classname="backend.tests.test_dm_feature.TestDMFeature" name="test_user_by_id_not_found" time="0.139" /><testcase classname="backend.tests.test_dm_feature.TestDMFeature" name="test_dm_notification_created" time="0.213" /><testcase classname="backend.tests.test_dm_feature.TestDMFeature" name="test_unauth_dm_endpoints" time="0.301" /></testsuite></testsuites>