<?xml version="1.0" encoding="utf-8"?><testsuites name="pytest tests"><testsuite name="pytest" errors="0" failures="0" skipped="0" tests="7" time="3.910" timestamp="2026-03-10T06:47:38.381778+00:00" hostname="agent-env-8d33ef68-b2a0-4669-bfc0-8ac8e8ee9896"><testcase classname="backend.tests.test_dreamlist_zero_value.TestDreamlistZeroValue" name="test_dreamlist_value_endpoint_authenticated" time="0.447" /><testcase classname="backend.tests.test_dreamlist_zero_value.TestDreamlistZeroValue" name="test_dreamlist_value_public_endpoint" time="0.431" /><testcase classname="backend.tests.test_dreamlist_zero_value.TestDreamlistZeroValue" name="test_collection_value_endpoint" time="0.446" /><testcase classname="backend.tests.test_dreamlist_zero_value.TestDreamlistZeroValue" name="test_iso_wishlist_counts" time="0.594" /><testcase classname="backend.tests.test_dreamlist_zero_value.TestDreamlistZeroValue" name="test_records_count" time="1.035" /><testcase classname="backend.tests.test_dreamlist_zero_value.TestDreamlistZeroValueEdgeCase" name="test_zero_count_always_zero_value" time="0.438" /><testcase classname="backend.tests.test_dreamlist_zero_value.TestDreamlistZeroValueEdgeCase" name="test_public_endpoint_zero_count_always_zero_value" time="0.454" /></testsuite></testsuites>