<?xml version="1.0" encoding="utf-8"?><testsuites name="pytest tests"><testsuite name="pytest" errors="0" failures="0" skipped="0" tests="10" time="2.719" timestamp="2026-03-10T16:36:32.204302+00:00" hostname="agent-env-111eb5d6-3a99-4212-ab7b-4567a1ab3af1"><testcase classname="backend.tests.test_dreamlist_bugfix.TestDreamlistEndpoint" name="test_dreamlist_endpoint_exists" time="0.500" /><testcase classname="backend.tests.test_dreamlist_bugfix.TestDreamlistEndpoint" name="test_dreamlist_returns_empty_initially" time="0.126" /><testcase classname="backend.tests.test_dreamlist_bugfix.TestCreateWishlistItem" name="test_create_wishlist_item" time="0.108" /><testcase classname="backend.tests.test_dreamlist_bugfix.TestCreateWishlistItem" name="test_created_item_appears_in_dreamlist" time="0.415" /><testcase classname="backend.tests.test_dreamlist_bugfix.TestDreamlistValuation" name="test_valuation_dreamlist_endpoint_exists" time="0.157" /><testcase classname="backend.tests.test_dreamlist_bugfix.TestDreamlistValuation" name="test_valuation_returns_correct_structure" time="0.129" /><testcase classname="backend.tests.test_dreamlist_bugfix.TestDreamlistValuation" name="test_valuation_returns_zero_when_empty" time="0.118" /><testcase classname="backend.tests.test_dreamlist_bugfix.TestDeleteWishlistItem" name="test_delete_wishlist_item" time="0.370" /><testcase classname="backend.tests.test_dreamlist_bugfix.TestIsoEndpointExcludesWishlist" name="test_iso_excludes_wishlist" time="0.470" /><testcase classname="backend.tests.test_dreamlist_bugfix.TestCleanup" name="test_cleanup_test_items" time="0.253" /></testsuite></testsuites>