<?xml version="1.0" encoding="utf-8"?><testsuites name="pytest tests"><testsuite name="pytest" errors="0" failures="0" skipped="0" tests="11" time="5.084" timestamp="2026-03-09T20:12:41.407475+00:00" hostname="agent-env-1b9dd81a-9960-4526-9588-b80b90872523"><testcase classname="backend.tests.test_dream_debt_wishlist.TestDreamDebtCalculator" name="test_wishlist_valuation_endpoint_exists" time="0.446" /><testcase classname="backend.tests.test_dream_debt_wishlist.TestDreamDebtCalculator" name="test_wishlist_valuation_requires_auth" time="0.479" /><testcase classname="backend.tests.test_dream_debt_wishlist.TestDreamDebtCalculator" name="test_wishlist_valuation_returns_proper_structure" time="0.400" /><testcase classname="backend.tests.test_dream_debt_wishlist.TestDreamDebtCalculator" name="test_wishlist_valuation_values_are_non_negative" time="0.608" /><testcase classname="backend.tests.test_dream_debt_wishlist.TestDreamDebtCalculator" name="test_valued_count_not_exceeds_total_count" time="0.454" /><testcase classname="backend.tests.test_dream_debt_wishlist.TestISOWishlistStatus" name="test_get_iso_items_endpoint" time="0.382" /><testcase classname="backend.tests.test_dream_debt_wishlist.TestISOWishlistStatus" name="test_iso_items_have_status_field" time="0.384" /><testcase classname="backend.tests.test_dream_debt_wishlist.TestISOWishlistStatus" name="test_wishlist_items_from_iso_endpoint" time="0.411" /><testcase classname="backend.tests.test_dream_debt_wishlist.TestCollectionValuation" name="test_collection_valuation_endpoint" time="0.381" /><testcase classname="backend.tests.test_dream_debt_wishlist.TestCreateWishlistFlow" name="test_move_to_wishlist_creates_wishlist_iso" time="0.577" /><testcase classname="backend.tests.test_dream_debt_wishlist.TestWishlistValuationConsistency" name="test_wishlist_count_matches_iso_filter" time="0.491" /></testsuite></testsuites>