<?xml version="1.0" encoding="utf-8"?><testsuites name="pytest tests"><testsuite name="pytest" errors="0" failures="0" skipped="0" tests="11" time="3.841" timestamp="2026-03-11T13:23:14.196744+00:00" hostname="agent-env-e6863b64-236d-43a6-bfce-4f03c8068320"><testcase classname="backend.tests.test_dream_value_recalculator.TestDreamlistValueEndpoint" name="test_dreamlist_value_returns_expected_structure" time="0.540" /><testcase classname="backend.tests.test_dream_value_recalculator.TestPendingItemsEndpoint" name="test_pending_items_returns_list" time="0.119" /><testcase classname="backend.tests.test_dream_value_recalculator.TestManualValueEndpoint" name="test_manual_value_requires_positive_value" time="0.133" /><testcase classname="backend.tests.test_dream_value_recalculator.TestManualValueEndpoint" name="test_manual_value_rejects_negative" time="0.116" /><testcase classname="backend.tests.test_dream_value_recalculator.TestDreamlistEndpoint" name="test_dreamlist_returns_list_with_value_fields" time="0.153" /><testcase classname="backend.tests.test_dream_value_recalculator.TestFullValuationFlow" name="test_create_wishlist_item_appears_in_dreamlist" time="0.347" /><testcase classname="backend.tests.test_dream_value_recalculator.TestFullValuationFlow" name="test_manual_value_sets_value_and_returns_dream_value" time="0.391" /><testcase classname="backend.tests.test_dream_value_recalculator.TestFullValuationFlow" name="test_manual_value_item_not_pending" time="0.485" /><testcase classname="backend.tests.test_dream_value_recalculator.TestFullValuationFlow" name="test_manual_value_removes_from_pending_items" time="0.564" /><testcase classname="backend.tests.test_dream_value_recalculator.TestDreamlistValueForOtherUser" name="test_public_dreamlist_value_endpoint" time="0.461" /><testcase classname="backend.tests.test_dream_value_recalculator.TestCommunityValuations" name="test_manual_value_creates_community_valuation" time="0.457" /></testsuite></testsuites>