<?xml version="1.0" encoding="utf-8"?><testsuites name="pytest tests"><testsuite name="pytest" errors="0" failures="0" skipped="0" tests="9" time="5.676" timestamp="2026-03-10T18:53:58.424963+00:00" hostname="agent-env-1bf61061-3c00-44c8-8354-67dbb354c978"><testcase classname="backend.tests.test_dual_hunter_buttons.TestDualHunterButtons" name="test_get_dreamlist" time="0.559" /><testcase classname="backend.tests.test_dual_hunter_buttons.TestDualHunterButtons" name="test_create_and_convert_to_collection" time="0.825" /><testcase classname="backend.tests.test_dual_hunter_buttons.TestDualHunterButtons" name="test_create_and_promote_to_active" time="0.997" /><testcase classname="backend.tests.test_dual_hunter_buttons.TestDualHunterButtons" name="test_delete_dream_item" time="0.731" /><testcase classname="backend.tests.test_dual_hunter_buttons.TestDualHunterButtons" name="test_convert_nonexistent_item" time="0.564" /><testcase classname="backend.tests.test_dual_hunter_buttons.TestDualHunterButtons" name="test_promote_nonexistent_item" time="0.498" /><testcase classname="backend.tests.test_dual_hunter_buttons.TestDualHunterButtons" name="test_delete_nonexistent_item" time="0.496" /><testcase classname="backend.tests.test_dual_hunter_buttons.TestDualHunterButtons" name="test_convert_requires_auth" time="0.467" /><testcase classname="backend.tests.test_dual_hunter_buttons.TestDualHunterButtons" name="test_promote_requires_auth" time="0.465" /></testsuite></testsuites>