<?xml version="1.0" encoding="utf-8"?><testsuites name="pytest tests"><testsuite name="pytest" errors="0" failures="0" skipped="1" tests="20" time="2.356" timestamp="2026-03-10T00:19:18.595828+00:00" hostname="agent-env-939654a4-329b-435a-8ce2-416893b6de91"><testcase classname="backend.tests.test_editable_listings.TestEditableListingsBackend" name="test_put_listings_endpoint_exists" time="0.882" /><testcase classname="backend.tests.test_editable_listings.TestEditableListingsBackend" name="test_only_owner_can_edit" time="0.278"><skipped type="pytest.skip" message="Could not create another test user">/app/backend/tests/test_editable_listings.py:111: Could not create another test user</skipped></testcase><testcase classname="backend.tests.test_editable_listings.TestEditableListingsBackend" name="test_rejects_edit_on_non_active_listing" time="0.061" /><testcase classname="backend.tests.test_editable_listings.TestEditableListingsBackend" name="test_update_price" time="0.052" /><testcase classname="backend.tests.test_editable_listings.TestEditableListingsBackend" name="test_update_description" time="0.051" /><testcase classname="backend.tests.test_editable_listings.TestEditableListingsBackend" name="test_update_condition" time="0.052" /><testcase classname="backend.tests.test_editable_listings.TestEditableListingsBackend" name="test_update_shipping_cost" time="0.059" /><testcase classname="backend.tests.test_editable_listings.TestEditableListingsBackend" name="test_update_pressing_notes" time="0.060" /><testcase classname="backend.tests.test_editable_listings.TestEditableListingsBackend" name="test_update_listing_type" time="0.066" /><testcase classname="backend.tests.test_editable_listings.TestEditableListingsBackend" name="test_update_insured" time="0.055" /><testcase classname="backend.tests.test_editable_listings.TestEditableListingsBackend" name="test_update_international_shipping" time="0.068" /><testcase classname="backend.tests.test_editable_listings.TestEditableListingsBackend" name="test_update_color_variant" time="0.055" /><testcase classname="backend.tests.test_editable_listings.TestEditableListingsBackend" name="test_offplatform_keyword_detection" time="0.059" /><testcase classname="backend.tests.test_editable_listings.TestEditableListingsBackend" name="test_offplatform_flag_cleared_when_keywords_removed" time="0.058" /><testcase classname="backend.tests.test_editable_listings.TestEditableListingsBackend" name="test_rejects_empty_photo_urls" time="0.057" /><testcase classname="backend.tests.test_editable_listings.TestEditableListingsBackend" name="test_accepts_valid_photo_urls" time="0.059" /><testcase classname="backend.tests.test_editable_listings.TestEditableListingsBackend" name="test_new_seller_price_limit" time="0.072" /><testcase classname="backend.tests.test_editable_listings.TestEditableListingsBackend" name="test_rejects_empty_update" time="0.052" /><testcase classname="backend.tests.test_editable_listings.TestEditableListingsBackend" name="test_updates_persist_on_get" time="0.124" /><testcase classname="backend.tests.test_editable_listings.TestEditableListingsBackend" name="test_unauthenticated_request_fails" time="0.052" /></testsuite></testsuites>