<?xml version="1.0" encoding="utf-8"?><testsuites name="pytest tests"><testsuite name="pytest" errors="0" failures="0" skipped="0" tests="9" time="1.078" timestamp="2026-03-07T16:32:21.187670+00:00" hostname="agent-env-5c2d4fed-99e0-4743-83c3-3cff3aa1a889"><testcase classname="backend.tests.test_email_nectar_rename.TestEmailConfiguration" name="test_admin_notify_email_is_hello_at_thehoneygroove" time="0.001" /><testcase classname="backend.tests.test_email_nectar_rename.TestEmailConfiguration" name="test_sender_email_contains_honey_groove" time="0.000" /><testcase classname="backend.tests.test_email_nectar_rename.TestEmailConfiguration" name="test_no_old_email_references_in_backend" time="0.026" /><testcase classname="backend.tests.test_email_nectar_rename.TestExploreAPIRoutes" name="test_explore_trending_endpoint" time="0.524" /><testcase classname="backend.tests.test_email_nectar_rename.TestExploreAPIRoutes" name="test_explore_suggested_collectors_endpoint" time="0.115" /><testcase classname="backend.tests.test_email_nectar_rename.TestExploreAPIRoutes" name="test_explore_trending_in_collections_endpoint" time="0.130" /><testcase classname="backend.tests.test_email_nectar_rename.TestExploreAPIRoutes" name="test_explore_most_wanted_endpoint" time="0.113" /><testcase classname="backend.tests.test_email_nectar_rename.TestExploreAPIRoutes" name="test_explore_near_you_endpoint" time="0.105" /><testcase classname="backend.tests.test_email_nectar_rename.TestNoExploreRouteInFrontend" name="test_no_explore_route_in_frontend_js" time="0.005" /></testsuite></testsuites>