<?xml version="1.0" encoding="utf-8"?><testsuites name="pytest tests"><testsuite name="pytest" errors="0" failures="0" skipped="0" tests="15" time="2.947" timestamp="2026-03-05T09:10:19.930842+00:00" hostname="agent-env-be988d59-df03-40f1-bb74-c6d8743383e0"><testcase classname="backend.tests.test_explore_about_pages.TestExploreEndpoints" name="test_trending_endpoint_requires_auth" time="0.202" /><testcase classname="backend.tests.test_explore_about_pages.TestExploreEndpoints" name="test_trending_endpoint_returns_records" time="0.468" /><testcase classname="backend.tests.test_explore_about_pages.TestExploreEndpoints" name="test_fresh_pressings_requires_auth" time="0.121" /><testcase classname="backend.tests.test_explore_about_pages.TestExploreEndpoints" name="test_fresh_pressings_returns_discogs_results" time="0.321" /><testcase classname="backend.tests.test_explore_about_pages.TestExploreEndpoints" name="test_most_wanted_requires_auth" time="0.100" /><testcase classname="backend.tests.test_explore_about_pages.TestExploreEndpoints" name="test_most_wanted_returns_wantlist_data" time="0.109" /><testcase classname="backend.tests.test_explore_about_pages.TestExploreEndpoints" name="test_near_you_requires_auth" time="0.103" /><testcase classname="backend.tests.test_explore_about_pages.TestExploreEndpoints" name="test_near_you_returns_location_data" time="0.113" /><testcase classname="backend.tests.test_explore_about_pages.TestExploreEndpoints" name="test_suggested_collectors_requires_auth" time="0.100" /><testcase classname="backend.tests.test_explore_about_pages.TestExploreEndpoints" name="test_suggested_collectors_returns_users" time="0.107" /><testcase classname="backend.tests.test_explore_about_pages.TestTrendingRecordPosts" name="test_trending_posts_requires_auth" time="0.113" /><testcase classname="backend.tests.test_explore_about_pages.TestTrendingRecordPosts" name="test_trending_posts_returns_404_for_invalid_record" time="0.457" /><testcase classname="backend.tests.test_explore_about_pages.TestAboutPageRoute" name="test_about_page_frontend_loads" time="0.112" /><testcase classname="backend.tests.test_explore_about_pages.TestAPIRoot" name="test_api_root_returns_welcome" time="0.124" /><testcase classname="backend.tests.test_explore_about_pages.TestAPIRoot" name="test_login_endpoint_works" time="0.342" /></testsuite></testsuites>