<?xml version="1.0" encoding="utf-8"?><testsuites name="pytest tests"><testsuite name="pytest" errors="0" failures="0" skipped="0" tests="15" time="6.880" timestamp="2026-03-05T09:23:28.481059+00:00" hostname="agent-env-be988d59-df03-40f1-bb74-c6d8743383e0"><testcase classname="backend.tests.test_explore_see_all.TestExploreSeeAllEndpoints" name="test_trending_requires_auth" time="0.568" /><testcase classname="backend.tests.test_explore_see_all.TestExploreSeeAllEndpoints" name="test_trending_with_limit_50" time="0.386" /><testcase classname="backend.tests.test_explore_see_all.TestExploreSeeAllEndpoints" name="test_suggested_collectors_requires_auth" time="0.465" /><testcase classname="backend.tests.test_explore_see_all.TestExploreSeeAllEndpoints" name="test_suggested_collectors_with_limit_50" time="0.403" /><testcase classname="backend.tests.test_explore_see_all.TestExploreSeeAllEndpoints" name="test_fresh_pressings_requires_auth" time="0.427" /><testcase classname="backend.tests.test_explore_see_all.TestExploreSeeAllEndpoints" name="test_fresh_pressings_with_limit_50" time="0.615" /><testcase classname="backend.tests.test_explore_see_all.TestExploreSeeAllEndpoints" name="test_most_wanted_requires_auth" time="0.486" /><testcase classname="backend.tests.test_explore_see_all.TestExploreSeeAllEndpoints" name="test_most_wanted_with_limit_100" time="0.377" /><testcase classname="backend.tests.test_explore_see_all.TestExploreSeeAllEndpoints" name="test_near_you_requires_auth" time="0.551" /><testcase classname="backend.tests.test_explore_see_all.TestExploreSeeAllEndpoints" name="test_near_you_with_new_params" time="0.400" /><testcase classname="backend.tests.test_explore_see_all.TestExploreSeeAllEndpoints" name="test_near_you_default_params" time="0.401" /><testcase classname="backend.tests.test_explore_see_all.TestExploreSeeAllEndpoints" name="test_trending_posts_requires_auth" time="0.499" /><testcase classname="backend.tests.test_explore_see_all.TestExploreSeeAllEndpoints" name="test_trending_posts_returns_404_for_invalid_id" time="0.387" /><testcase classname="backend.tests.test_explore_see_all.TestExploreSeeAllPageRoutes" name="test_main_explore_page_accessible" time="0.436" /><testcase classname="backend.tests.test_explore_see_all.TestExploreSeeAllPageRoutes" name="test_api_root_endpoint" time="0.407" /></testsuite></testsuites>