<?xml version="1.0" encoding="utf-8"?><testsuites name="pytest tests"><testsuite name="pytest" errors="0" failures="0" skipped="0" tests="10" time="46.767" timestamp="2026-03-14T15:25:40.859615+00:00" hostname="agent-env-d5ee6e66-d095-4bf2-ae62-90fda53d427e"><testcase classname="backend.tests.test_feed_skeleton_issue.TestFeedSkeletonFixes" name="test_health_check" time="1.249" /><testcase classname="backend.tests.test_feed_skeleton_issue.TestFeedSkeletonFixes" name="test_login_returns_token" time="0.599" /><testcase classname="backend.tests.test_feed_skeleton_issue.TestFeedSkeletonFixes" name="test_daily_prompt_today" time="1.085" /><testcase classname="backend.tests.test_feed_skeleton_issue.TestFeedSkeletonFixes" name="test_feed_returns_hydrated_posts" time="3.401" /><testcase classname="backend.tests.test_feed_skeleton_issue.TestFeedSkeletonFixes" name="test_feed_post_types" time="7.958" /><testcase classname="backend.tests.test_feed_skeleton_issue.TestFeedSkeletonFixes" name="test_daily_prompt_responses_structure" time="1.265" /><testcase classname="backend.tests.test_feed_skeleton_issue.TestFeedSkeletonFixes" name="test_feed_iso_posts_have_data" time="15.413" /><testcase classname="backend.tests.test_feed_skeleton_issue.TestFeedSkeletonFixes" name="test_now_spinning_posts_have_records" time="14.829" /><testcase classname="backend.tests.test_feed_skeleton_issue.TestBuzzInEndpoint" name="test_buzz_in_requires_prompt_id" time="0.726" /><testcase classname="backend.tests.test_feed_skeleton_issue.TestBuzzInEndpoint" name="test_buzz_in_validates_prompt_exists" time="0.170" /></testsuite></testsuites>