<?xml version="1.0" encoding="utf-8"?><testsuites name="pytest tests"><testsuite name="pytest" errors="0" failures="0" skipped="0" tests="8" time="3.284" timestamp="2026-03-09T18:03:37.177622+00:00" hostname="agent-env-1b9dd81a-9960-4526-9588-b80b90872523"><testcase classname="backend.tests.test_feed_all_users_bugfix.TestFeedAllUsersBugFix" name="test_feed_requires_authentication" time="0.173" /><testcase classname="backend.tests.test_feed_all_users_bugfix.TestFeedAllUsersBugFix" name="test_feed_returns_posts_from_non_followed_users" time="1.018" /><testcase classname="backend.tests.test_feed_all_users_bugfix.TestFeedAllUsersBugFix" name="test_feed_pagination_works" time="0.214" /><testcase classname="backend.tests.test_feed_all_users_bugfix.TestFeedAllUsersBugFix" name="test_feed_returns_valid_post_structure" time="0.164" /><testcase classname="backend.tests.test_feed_all_users_bugfix.TestFeedAllUsersBugFix" name="test_explore_endpoint_returns_all_posts" time="0.159" /><testcase classname="backend.tests.test_feed_all_users_bugfix.TestPinnedPostInFeed" name="test_pinned_post_at_top" time="0.583" /><testcase classname="backend.tests.test_feed_all_users_bugfix.TestFollowingEndpoint" name="test_following_endpoint_exists" time="0.402" /><testcase classname="backend.tests.test_feed_all_users_bugfix.TestHiddenUsersExclusion" name="test_feed_structure_includes_user_data" time="0.496" /></testsuite></testsuites>