<?xml version="1.0" encoding="utf-8"?><testsuites name="pytest tests"><testsuite name="pytest" errors="0" failures="1" skipped="0" tests="7" time="1.439" timestamp="2026-03-07T21:54:19.068867+00:00" hostname="agent-env-12eca9e8-dc19-4db6-82f0-50a2567e6eb1"><testcase classname="backend.tests.test_feed_pagination.TestFeedPagination" name="test_feed_default_params" time="0.490" /><testcase classname="backend.tests.test_feed_pagination.TestFeedPagination" name="test_feed_with_limit" time="0.124" /><testcase classname="backend.tests.test_feed_pagination.TestFeedPagination" name="test_feed_with_limit_50" time="0.123" /><testcase classname="backend.tests.test_feed_pagination.TestFeedPagination" name="test_feed_pagination_skip" time="0.253" /><testcase classname="backend.tests.test_feed_pagination.TestFeedPagination" name="test_feed_pagination_full_cycle" time="0.139" /><testcase classname="backend.tests.test_feed_pagination.TestFeedPagination" name="test_feed_skip_beyond_data" time="0.116" /><testcase classname="backend.tests.test_feed_pagination.TestFeedPagination" name="test_feed_invalid_params" time="0.124"><failure message="AssertionError: Unexpected status: 500&#10;assert 500 in [200, 422]&#10; +  where 500 = &lt;Response [500]&gt;.status_code">backend/tests/test_feed_pagination.py:123: in test_feed_invalid_params
    assert response.status_code in [200, 422], f"Unexpected status: {response.status_code}"
E   AssertionError: Unexpected status: 500
E   assert 500 in [200, 422]
E    +  where 500 = &lt;Response [500]&gt;.status_code</failure></testcase></testsuite></testsuites>