<?xml version="1.0" encoding="utf-8"?><testsuites name="pytest tests"><testsuite name="pytest" errors="0" failures="0" skipped="0" tests="9" time="39.081" timestamp="2026-03-15T23:42:43.516754+00:00" hostname="agent-env-fee7e3c9-7405-42b2-92c7-81d7a18b5408"><testcase classname="backend.tests.test_feed_filters_user_posts.TestFeedFilters" name="test_feed_no_filter_returns_mixed" time="4.971" /><testcase classname="backend.tests.test_feed_filters_user_posts.TestFeedFilters" name="test_feed_filter_note_returns_notes" time="3.181" /><testcase classname="backend.tests.test_feed_filters_user_posts.TestFeedFilters" name="test_feed_filter_iso_returns_iso" time="3.964" /><testcase classname="backend.tests.test_feed_filters_user_posts.TestFeedFilters" name="test_feed_filter_now_spinning_returns_spinning_and_randomizer" time="4.180" /><testcase classname="backend.tests.test_feed_filters_user_posts.TestFeedFilters" name="test_feed_pagination_with_filter" time="2.369" /><testcase classname="backend.tests.test_feed_filters_user_posts.TestUserPosts" name="test_user_posts_returns_posts" time="3.996" /><testcase classname="backend.tests.test_feed_filters_user_posts.TestUserPosts" name="test_user_posts_cursor_pagination" time="2.030" /><testcase classname="backend.tests.test_feed_filters_user_posts.TestUserPosts" name="test_user_posts_without_auth" time="2.654" /><testcase classname="backend.tests.test_feed_filters_user_posts.TestFeedFilterIntegration" name="test_filter_returns_different_results" time="11.514" /></testsuite></testsuites>