<?xml version="1.0" encoding="utf-8"?><testsuites name="pytest tests"><testsuite name="pytest" errors="0" failures="0" skipped="0" tests="25" time="4.832" timestamp="2026-03-05T19:44:25.710112+00:00" hostname="agent-env-e4c11a12-a768-4d6d-8c65-bdeb68364fd2"><testcase classname="backend.tests.test_global_search_reports.TestSearchPosts" name="test_search_posts_returns_200" time="0.600" /><testcase classname="backend.tests.test_global_search_reports.TestSearchPosts" name="test_search_posts_minimum_length" time="0.145" /><testcase classname="backend.tests.test_global_search_reports.TestSearchPosts" name="test_search_posts_returns_structure" time="0.153" /><testcase classname="backend.tests.test_global_search_reports.TestSearchPosts" name="test_search_posts_requires_auth" time="0.125" /><testcase classname="backend.tests.test_global_search_reports.TestProfileFields" name="test_get_user_profile_has_new_fields" time="0.325" /><testcase classname="backend.tests.test_global_search_reports.TestProfileFields" name="test_update_profile_setup_field" time="0.117" /><testcase classname="backend.tests.test_global_search_reports.TestProfileFields" name="test_update_profile_location_field" time="0.128" /><testcase classname="backend.tests.test_global_search_reports.TestProfileFields" name="test_update_profile_genre_field" time="0.145" /><testcase classname="backend.tests.test_global_search_reports.TestProfileFields" name="test_update_profile_multiple_fields" time="0.193" /><testcase classname="backend.tests.test_global_search_reports.TestProfileFields" name="test_profile_persists_new_fields" time="0.244" /><testcase classname="backend.tests.test_global_search_reports.TestFoundingMember" name="test_demo_user_is_founding_member" time="0.000" /><testcase classname="backend.tests.test_global_search_reports.TestFoundingMember" name="test_founding_member_in_profile_response" time="0.146" /><testcase classname="backend.tests.test_global_search_reports.TestFoundingMember" name="test_founding_member_in_post_user_object" time="0.255" /><testcase classname="backend.tests.test_global_search_reports.TestReportSystem" name="test_create_report_post" time="0.406" /><testcase classname="backend.tests.test_global_search_reports.TestReportSystem" name="test_create_report_user" time="0.275" /><testcase classname="backend.tests.test_global_search_reports.TestReportSystem" name="test_create_report_requires_all_fields" time="0.155" /><testcase classname="backend.tests.test_global_search_reports.TestReportSystem" name="test_create_report_invalid_type" time="0.129" /><testcase classname="backend.tests.test_global_search_reports.TestReportSystem" name="test_create_report_invalid_reason" time="0.113" /><testcase classname="backend.tests.test_global_search_reports.TestReportSystem" name="test_admin_get_reports" time="0.126" /><testcase classname="backend.tests.test_global_search_reports.TestUserSearch" name="test_search_users_endpoint" time="0.111" /><testcase classname="backend.tests.test_global_search_reports.TestUserSearch" name="test_search_users_structure" time="0.116" /><testcase classname="backend.tests.test_global_search_reports.TestDiscogsSearch" name="test_discogs_search_endpoint" time="0.467" /><testcase classname="backend.tests.test_global_search_reports.TestOnboardingCompleted" name="test_user_response_has_onboarding_completed" time="0.140" /><testcase classname="backend.tests.test_global_search_reports.TestOnboardingCompleted" name="test_demo_user_onboarding_completed" time="0.000" /><testcase classname="backend.tests.test_global_search_reports.TestOnboardingCompleted" name="test_update_onboarding_completed" time="0.118" /></testsuite></testsuites>