<?xml version="1.0" encoding="utf-8"?><testsuites name="pytest tests"><testsuite name="pytest" errors="0" failures="0" skipped="0" tests="12" time="4.637" timestamp="2026-03-10T16:52:22.198923+00:00" hostname="agent-env-111eb5d6-3a99-4212-ab7b-4567a1ab3af1"><testcase classname="backend.tests.test_golden_hive_id.TestGoldenHiveStatus" name="test_golden_hive_status_returns_200" time="0.551" /><testcase classname="backend.tests.test_golden_hive_id.TestGoldenHiveStatus" name="test_golden_hive_status_returns_required_fields" time="0.165" /><testcase classname="backend.tests.test_golden_hive_id.TestGoldenHiveStatus" name="test_golden_hive_status_requires_auth" time="0.120" /><testcase classname="backend.tests.test_golden_hive_id.TestGoldenHiveCheckout" name="test_checkout_creates_session_or_returns_400" time="1.189" /><testcase classname="backend.tests.test_golden_hive_id.TestGoldenHiveCheckout" name="test_checkout_requires_auth" time="0.165" /><testcase classname="backend.tests.test_golden_hive_id.TestGoldenHiveVerifyPayment" name="test_verify_payment_with_invalid_session" time="0.619" /><testcase classname="backend.tests.test_golden_hive_id.TestGoldenHiveVerifyPayment" name="test_verify_payment_requires_auth" time="0.125" /><testcase classname="backend.tests.test_golden_hive_id.TestGoldenHiveAdmin" name="test_admin_pending_endpoint_exists" time="0.608" /><testcase classname="backend.tests.test_golden_hive_id.TestGoldenHiveAdmin" name="test_admin_approve_endpoint_exists" time="0.147" /><testcase classname="backend.tests.test_golden_hive_id.TestGoldenHiveAdmin" name="test_admin_reject_endpoint_exists" time="0.120" /><testcase classname="backend.tests.test_golden_hive_id.TestGoldenHiveInUserData" name="test_user_profile_includes_golden_hive_verified" time="0.604" /><testcase classname="backend.tests.test_golden_hive_id.TestGoldenHiveInUserData" name="test_hive_posts_include_golden_hive_in_user_data" time="0.153" /></testsuite></testsuites>