<?xml version="1.0" encoding="utf-8"?><testsuites name="pytest tests"><testsuite name="pytest" errors="0" failures="0" skipped="0" tests="6" time="5.083" timestamp="2026-03-11T02:21:44.327352+00:00" hostname="agent-env-7feaeb1b-c376-4a5e-a3b3-dde98a89c34e"><testcase classname="backend.tests.test_haul_bundle.TestHaulBundleAggregation" name="test_add_single_record_creates_auto_bundle" time="0.626" /><testcase classname="backend.tests.test_haul_bundle.TestHaulBundleAggregation" name="test_multiple_records_within_10min_bundle_together" time="2.331" /><testcase classname="backend.tests.test_haul_bundle.TestHaulBundleAggregation" name="test_first_record_notes_become_caption" time="0.674" /><testcase classname="backend.tests.test_haul_bundle.TestHaulBundleAggregation" name="test_feed_returns_bundle_records_field" time="0.469" /><testcase classname="backend.tests.test_haul_bundle.TestHaulBundleAggregation" name="test_allowed_post_types_in_feed" time="0.474" /><testcase classname="backend.tests.test_haul_bundle.TestExistingBundleData" name="test_existing_bundle_has_3_records" time="0.448" /></testsuite></testsuites>