<?xml version="1.0" encoding="utf-8"?><testsuites name="pytest tests"><testsuite name="pytest" errors="0" failures="0" skipped="0" tests="15" time="8.389" timestamp="2026-03-07T14:27:21.060017+00:00" hostname="agent-env-f804b847-1515-489e-9b0b-d7d9de63c99b"><testcase classname="tests.test_heic_upload.TestUploadWithAuth" name="test_upload_requires_auth" time="0.186" /><testcase classname="tests.test_heic_upload.TestUploadWithAuth" name="test_upload_jpeg_resize_compress" time="1.476" /><testcase classname="tests.test_heic_upload.TestUploadWithAuth" name="test_upload_png_resize" time="0.766" /><testcase classname="tests.test_heic_upload.TestUploadWithAuth" name="test_upload_webp" time="0.489" /><testcase classname="tests.test_heic_upload.TestUploadWithAuth" name="test_upload_rgba_png_to_jpeg" time="0.993" /><testcase classname="tests.test_heic_upload.TestUploadWithAuth" name="test_upload_palette_png_to_jpeg" time="0.296" /><testcase classname="tests.test_heic_upload.TestUploadWithAuth" name="test_upload_small_image_no_resize" time="0.750" /><testcase classname="tests.test_heic_upload.TestUploadWithAuth" name="test_upload_reject_pdf" time="0.108" /><testcase classname="tests.test_heic_upload.TestUploadWithAuth" name="test_upload_reject_text" time="0.129" /><testcase classname="tests.test_heic_upload.TestUploadWithAuth" name="test_upload_heic_extension_with_jpeg_content" time="0.281" /><testcase classname="tests.test_heic_upload.TestAdminReprocessHeic" name="test_reprocess_heic_requires_auth" time="0.110" /><testcase classname="tests.test_heic_upload.TestAdminReprocessHeic" name="test_reprocess_heic_requires_admin" time="0.440" /><testcase classname="tests.test_heic_upload.TestFileServe" name="test_serve_requires_valid_namespace" time="0.110" /><testcase classname="tests.test_heic_upload.TestFileServe" name="test_serve_returns_correct_content_type" time="0.974" /><testcase classname="tests.test_heic_upload.TestAllowedFileTypes" name="test_allowed_image_types" time="1.218" /></testsuite></testsuites>