<?xml version="1.0" encoding="utf-8"?><testsuites name="pytest tests"><testsuite name="pytest" errors="0" failures="0" skipped="0" tests="8" time="11.932" timestamp="2026-03-16T04:03:20.996378+00:00" hostname="agent-env-f0459414-3cf6-4446-a8c6-407a384d4936"><testcase classname="backend.tests.test_heic_upload_fix.TestAuth" name="test_login_success" time="1.473" /><testcase classname="backend.tests.test_heic_upload_fix.TestImageUpload" name="test_jpeg_upload" time="0.728" /><testcase classname="backend.tests.test_heic_upload_fix.TestFeedCoverUrlHydration" name="test_haul_feed_cover_url" time="2.450" /><testcase classname="backend.tests.test_heic_upload_fix.TestFeedCoverUrlHydration" name="test_iso_feed_cover_url" time="1.931" /><testcase classname="backend.tests.test_heic_upload_fix.TestFeedCoverUrlHydration" name="test_general_feed_loads" time="3.335" /><testcase classname="backend.tests.test_heic_upload_fix.TestNowSpinningPhotoUpload" name="test_now_spinning_without_photo" time="1.146" /><testcase classname="backend.tests.test_heic_upload_fix.TestUploadEndpoint" name="test_upload_endpoint_exists" time="0.695" /><testcase classname="backend.tests.test_heic_upload_fix.TestUploadEndpoint" name="test_upload_requires_auth" time="0.085" /></testsuite></testsuites>