<?xml version="1.0" encoding="utf-8"?><testsuites name="pytest tests"><testsuite name="pytest" errors="0" failures="2" skipped="3" tests="8" time="6.572" timestamp="2026-03-07T16:55:11.837053+00:00" hostname="agent-env-5c2d4fed-99e0-4743-83c3-3cff3aa1a889"><testcase classname="backend.tests.test_hive_honeypot_bugfix.TestHiveFeedEndpoints" name="test_feed_endpoint_returns_200" time="0.957"><failure message="AssertionError: Feed returned 401&#10;assert 401 == 200&#10; +  where 401 = &lt;Response [401]&gt;.status_code">backend/tests/test_hive_honeypot_bugfix.py:50: in test_feed_endpoint_returns_200
    assert resp.status_code == 200, f"Feed returned {resp.status_code}"
E   AssertionError: Feed returned 401
E   assert 401 == 200
E    +  where 401 = &lt;Response [401]&gt;.status_code</failure></testcase><testcase classname="backend.tests.test_hive_honeypot_bugfix.TestHiveFeedEndpoints" name="test_feed_endpoint_post_structure" time="0.830"><failure message="assert 401 == 200&#10; +  where 401 = &lt;Response [401]&gt;.status_code">backend/tests/test_hive_honeypot_bugfix.py:58: in test_feed_endpoint_post_structure
    assert resp.status_code == 200
E   assert 401 == 200
E    +  where 401 = &lt;Response [401]&gt;.status_code</failure></testcase><testcase classname="backend.tests.test_hive_honeypot_bugfix.TestHoneypotListings" name="test_listings_endpoint_returns_200" time="0.825" /><testcase classname="backend.tests.test_hive_honeypot_bugfix.TestHoneypotListings" name="test_listings_have_photo_urls_field" time="0.820" /><testcase classname="backend.tests.test_hive_honeypot_bugfix.TestHoneypotListings" name="test_single_listing_has_photo_urls" time="0.887" /><testcase classname="backend.tests.test_hive_honeypot_bugfix.TestPostDeletion" name="test_delete_post_endpoint_exists" time="0.686"><skipped type="pytest.skip" message="No auth token">/app/backend/tests/test_hive_honeypot_bugfix.py:197: No auth token</skipped></testcase><testcase classname="backend.tests.test_hive_honeypot_bugfix.TestPostDeletion" name="test_cannot_delete_others_post" time="0.739"><skipped type="pytest.skip" message="No auth token">/app/backend/tests/test_hive_honeypot_bugfix.py:225: No auth token</skipped></testcase><testcase classname="backend.tests.test_hive_honeypot_bugfix.TestComposerEndpoints" name="test_composer_iso_creates_post_with_iso_data" time="0.735"><skipped type="pytest.skip" message="No auth token">/app/backend/tests/test_hive_honeypot_bugfix.py:266: No auth token</skipped></testcase></testsuite></testsuites>