<?xml version="1.0" encoding="utf-8"?><testsuites name="pytest tests"><testsuite name="pytest" errors="0" failures="0" skipped="0" tests="12" time="5.099" timestamp="2026-03-05T08:14:23.640902+00:00" hostname="agent-env-6bc4b0b9-6546-4573-b8d2-b11557548bd6"><testcase classname="backend.tests.test_honeypot_rename.TestHoneypotAPIs" name="test_iso_community_requires_auth" time="0.551" /><testcase classname="backend.tests.test_honeypot_rename.TestHoneypotAPIs" name="test_iso_community_returns_list" time="0.378" /><testcase classname="backend.tests.test_honeypot_rename.TestHoneypotAPIs" name="test_iso_community_excludes_own_isos" time="0.460" /><testcase classname="backend.tests.test_honeypot_rename.TestHoneypotAPIs" name="test_iso_community_includes_user_info" time="0.392" /><testcase classname="backend.tests.test_honeypot_rename.TestHoneypotAPIs" name="test_iso_community_only_open_status" time="0.412" /><testcase classname="backend.tests.test_honeypot_rename.TestHoneypotAPIs" name="test_listings_endpoint_works" time="0.392" /><testcase classname="backend.tests.test_honeypot_rename.TestHoneypotAPIs" name="test_listings_have_listing_type" time="0.389" /><testcase classname="backend.tests.test_honeypot_rename.TestHoneypotAPIs" name="test_listings_filter_buy_now_offer_only" time="0.386" /><testcase classname="backend.tests.test_honeypot_rename.TestHoneypotAPIs" name="test_trades_endpoint_works" time="0.454" /><testcase classname="backend.tests.test_honeypot_rename.TestHoneypotAPIs" name="test_trades_have_status" time="0.477" /><testcase classname="backend.tests.test_honeypot_rename.TestHoneypotAPIs" name="test_my_isos_endpoint_works" time="0.375" /><testcase classname="backend.tests.test_honeypot_rename.TestHoneypotAPIs" name="test_iso_matches_endpoint_works" time="0.377" /></testsuite></testsuites>