<?xml version="1.0" encoding="utf-8"?><testsuites name="pytest tests"><testsuite name="pytest" errors="0" failures="0" skipped="0" tests="6" time="5.612" timestamp="2026-03-13T15:26:21.465717+00:00" hostname="agent-env-960151d2-bafe-42e2-bd4d-07ce673316b9"><testcase classname="backend.tests.test_hotfix_bugs.TestHealthAndAuth" name="test_health_endpoint" time="1.045" /><testcase classname="backend.tests.test_hotfix_bugs.TestHealthAndAuth" name="test_admin_login" time="0.612" /><testcase classname="backend.tests.test_hotfix_bugs.TestAdminPromptsSorting" name="test_prompts_sorted_descending" time="3.602" /><testcase classname="backend.tests.test_hotfix_bugs.TestFrontendURLHardcoded" name="test_forgot_password_endpoint_exists" time="0.288" /><testcase classname="backend.tests.test_hotfix_bugs.TestFrontendURLHardcoded" name="test_frontend_url_in_database_py" time="0.000" /><testcase classname="backend.tests.test_hotfix_bugs.TestISOPageBottomPadding" name="test_isopage_has_pb32_class" time="0.000" /></testsuite></testsuites>