<?xml version="1.0" encoding="utf-8"?><testsuites name="pytest tests"><testsuite name="pytest" errors="0" failures="0" skipped="0" tests="13" time="5.873" timestamp="2026-03-09T19:25:07.511661+00:00" hostname="agent-env-1b9dd81a-9960-4526-9588-b80b90872523"><testcase classname="backend.tests.test_hunt_completed_block18.TestHuntCompletedWorkflow" name="test_convert_iso_to_collection_endpoint_exists" time="0.606" /><testcase classname="backend.tests.test_hunt_completed_block18.TestHuntCompletedWorkflow" name="test_convert_iso_to_collection_requires_auth" time="0.136" /><testcase classname="backend.tests.test_hunt_completed_block18.TestHuntCompletedWorkflow" name="test_convert_iso_to_collection_full_flow" time="0.817" /><testcase classname="backend.tests.test_hunt_completed_block18.TestHuntCompletedWorkflow" name="test_convert_iso_returns_proper_fields" time="0.454" /><testcase classname="backend.tests.test_hunt_completed_block18.TestHuntCompletedWorkflow" name="test_move_to_wishlist_endpoint_exists" time="0.166" /><testcase classname="backend.tests.test_hunt_completed_block18.TestHuntCompletedWorkflow" name="test_move_to_iso_endpoint_exists" time="0.141" /><testcase classname="backend.tests.test_hunt_completed_block18.TestHuntCompletedWorkflow" name="test_move_to_wishlist_requires_auth" time="0.121" /><testcase classname="backend.tests.test_hunt_completed_block18.TestHuntCompletedWorkflow" name="test_move_to_iso_requires_auth" time="0.111" /><testcase classname="backend.tests.test_hunt_completed_block18.TestHuntCompletedWorkflow" name="test_move_to_wishlist_full_flow" time="0.596" /><testcase classname="backend.tests.test_hunt_completed_block18.TestHuntCompletedWorkflow" name="test_move_to_iso_full_flow" time="0.566" /><testcase classname="backend.tests.test_hunt_completed_block18.TestHuntCompletedWorkflow" name="test_delete_record_endpoint" time="0.364" /><testcase classname="backend.tests.test_hunt_completed_block18.TestConvertedRecordFields" name="test_converted_record_has_found_via_iso_notes" time="0.961" /><testcase classname="backend.tests.test_hunt_completed_block18.TestConvertedRecordFields" name="test_converted_record_has_iso_source" time="0.761" /></testsuite></testsuites>