<?xml version="1.0" encoding="utf-8"?><testsuites name="pytest tests"><testsuite name="pytest" errors="0" failures="0" skipped="4" tests="9" time="2.110" timestamp="2026-03-10T15:40:31.926265+00:00" hostname="agent-env-111eb5d6-3a99-4212-ab7b-4567a1ab3af1"><testcase classname="backend.tests.test_international_shipping.TestInternationalShippingCostBackend" name="test_get_listing_includes_intl_shipping_cost_field" time="0.625" /><testcase classname="backend.tests.test_international_shipping.TestInternationalShippingCostBackend" name="test_listing_response_model_has_intl_shipping_fields" time="0.117" /><testcase classname="backend.tests.test_international_shipping.TestInternationalShippingCostBackend" name="test_listing_with_intl_shipping_enabled_shows_cost" time="0.117" /><testcase classname="backend.tests.test_international_shipping.TestInternationalShippingCostBackend" name="test_listing_with_intl_shipping_disabled_has_null_cost" time="0.137" /><testcase classname="backend.tests.test_international_shipping.TestInternationalShippingCostCRUD" name="test_create_listing_with_intl_shipping_and_cost" time="0.579"><skipped type="pytest.skip" message="No user with Stripe connected available for listing creation">/app/backend/tests/test_international_shipping.py:149: No user with Stripe connected available for listing creation</skipped></testcase><testcase classname="backend.tests.test_international_shipping.TestInternationalShippingCostCRUD" name="test_create_listing_without_intl_shipping" time="0.000"><skipped type="pytest.skip" message="No user with Stripe connected available for listing creation">/app/backend/tests/test_international_shipping.py:189: No user with Stripe connected available for listing creation</skipped></testcase><testcase classname="backend.tests.test_international_shipping.TestInternationalShippingCostCRUD" name="test_update_listing_intl_shipping_cost" time="0.000"><skipped type="pytest.skip" message="No user with Stripe connected available">/app/backend/tests/test_international_shipping.py:229: No user with Stripe connected available</skipped></testcase><testcase classname="backend.tests.test_international_shipping.TestInternationalShippingCostCRUD" name="test_update_disable_intl_shipping_clears_cost" time="0.000"><skipped type="pytest.skip" message="No user with Stripe connected available">/app/backend/tests/test_international_shipping.py:283: No user with Stripe connected available</skipped></testcase><testcase classname="backend.tests.test_international_shipping.TestGetListingDetailIntlShipping" name="test_get_listing_detail_has_all_shipping_fields" time="0.481" /></testsuite></testsuites>