<?xml version="1.0" encoding="utf-8"?><testsuites name="pytest tests"><testsuite name="pytest" errors="0" failures="0" skipped="0" tests="14" time="10.350" timestamp="2026-03-13T15:58:26.880804+00:00" hostname="agent-env-960151d2-bafe-42e2-bd4d-07ce673316b9"><testcase classname="backend.tests.test_invite_claim_flow.TestValidateInvite" name="test_validate_invite_invalid_token_returns_400" time="6.134" /><testcase classname="backend.tests.test_invite_claim_flow.TestValidateInvite" name="test_validate_invite_missing_token_returns_error" time="0.195" /><testcase classname="backend.tests.test_invite_claim_flow.TestResendInvite" name="test_resend_invite_empty_email_returns_400" time="0.140" /><testcase classname="backend.tests.test_invite_claim_flow.TestResendInvite" name="test_resend_invite_missing_email_returns_400" time="0.127" /><testcase classname="backend.tests.test_invite_claim_flow.TestResendInvite" name="test_resend_invite_valid_email_returns_success" time="0.869" /><testcase classname="backend.tests.test_invite_claim_flow.TestResendInvite" name="test_resend_invite_for_known_admin_email" time="0.501" /><testcase classname="backend.tests.test_invite_claim_flow.TestClaimInvite" name="test_claim_invite_invalid_token_returns_400" time="0.267" /><testcase classname="backend.tests.test_invite_claim_flow.TestClaimInvite" name="test_claim_invite_missing_token_returns_400" time="0.112" /><testcase classname="backend.tests.test_invite_claim_flow.TestClaimInvite" name="test_claim_invite_short_password_returns_400" time="0.140" /><testcase classname="backend.tests.test_invite_claim_flow.TestValidateInviteDoesNotBurnToken" name="test_validate_invite_can_be_called_multiple_times" time="0.387" /><testcase classname="backend.tests.test_invite_claim_flow.TestLoginStillWorks" name="test_admin_login_success" time="0.629" /><testcase classname="backend.tests.test_invite_claim_flow.TestLoginStillWorks" name="test_login_invalid_credentials_returns_401" time="0.314" /><testcase classname="backend.tests.test_invite_claim_flow.TestCaseInsensitiveTokenLookup" name="test_validate_invite_uppercase_token" time="0.245" /><testcase classname="backend.tests.test_invite_claim_flow.TestCaseInsensitiveTokenLookup" name="test_validate_invite_lowercase_token" time="0.214" /></testsuite></testsuites>