<?xml version="1.0" encoding="utf-8"?><testsuites name="pytest tests"><testsuite name="pytest" errors="0" failures="0" skipped="0" tests="6" time="1.614" timestamp="2026-03-10T22:02:40.267870+00:00" hostname="agent-env-71e2a3b2-d46a-45b7-8ea6-720dcc53a666"><testcase classname="backend.tests.test_iso_intent.TestISOIntentBackend" name="test_iso_dreaming_intent_creates_wishlist_status" time="0.579" /><testcase classname="backend.tests.test_iso_intent.TestISOIntentBackend" name="test_iso_seeking_intent_creates_open_status" time="0.209" /><testcase classname="backend.tests.test_iso_intent.TestISOIntentBackend" name="test_iso_default_intent_is_seeking" time="0.165" /><testcase classname="backend.tests.test_iso_intent.TestISOIntentFeed" name="test_explore_feed_returns_intent_field" time="0.201" /><testcase classname="backend.tests.test_iso_intent.TestISOIntentValidation" name="test_iso_requires_artist_and_album" time="0.222" /><testcase classname="backend.tests.test_iso_intent.TestISOIntentValidation" name="test_iso_with_discogs_data" time="0.161" /></testsuite></testsuites>