<?xml version="1.0" encoding="utf-8"?><testsuites name="pytest tests"><testsuite name="pytest" errors="0" failures="0" skipped="0" tests="8" time="1.689" timestamp="2026-03-10T03:55:59.062881+00:00" hostname="agent-env-aa5969af-1389-4f49-bb3f-078668024e68"><testcase classname="backend.tests.test_iso_wishlist_bugfix.TestISOWishlistBugfix" name="test_api_iso_get_excludes_wishlist" time="0.481" /><testcase classname="backend.tests.test_iso_wishlist_bugfix.TestISOWishlistBugfix" name="test_user_iso_endpoint_excludes_wishlist" time="0.068" /><testcase classname="backend.tests.test_iso_wishlist_bugfix.TestISOWishlistBugfix" name="test_user_dreaming_endpoint_only_returns_wishlist" time="0.096" /><testcase classname="backend.tests.test_iso_wishlist_bugfix.TestISOPromote" name="test_promote_endpoint_exists" time="0.077" /><testcase classname="backend.tests.test_iso_wishlist_bugfix.TestISOPromote" name="test_create_and_promote_wishlist_item" time="0.410" /><testcase classname="backend.tests.test_iso_wishlist_bugfix.TestISOCreation" name="test_api_iso_creates_wishlist_by_default" time="0.120" /><testcase classname="backend.tests.test_iso_wishlist_bugfix.TestISOCreation" name="test_composer_iso_creates_open_status" time="0.184" /><testcase classname="backend.tests.test_iso_wishlist_bugfix.TestEndpointAvailability" name="test_all_endpoints_accessible" time="0.184" /></testsuite></testsuites>