<?xml version="1.0" encoding="utf-8"?><testsuites name="pytest tests"><testsuite name="pytest" errors="0" failures="0" skipped="0" tests="5" time="4.333" timestamp="2026-03-13T03:12:25.382015+00:00" hostname="agent-env-f71b4bc1-6774-44da-be3e-c31148fd974d"><testcase classname="backend.tests.test_iteration_231.TestPromptsTodayEndpoint" name="test_prompts_today_has_missed_yesterday_field" time="1.423" /><testcase classname="backend.tests.test_iteration_231.TestAuthMeEndpoint" name="test_auth_me_returns_first_name" time="0.368" /><testcase classname="backend.tests.test_iteration_231.TestAuthMeEndpoint" name="test_auth_me_update_first_name" time="1.349" /><testcase classname="backend.tests.test_iteration_231.TestUserResponseModel" name="test_login_returns_first_name" time="0.700" /><testcase classname="backend.tests.test_iteration_231.TestStreakLogic" name="test_missed_yesterday_logic" time="0.437" /></testsuite></testsuites>