<?xml version="1.0" encoding="utf-8"?><testsuites name="pytest tests"><testsuite name="pytest" errors="0" failures="0" skipped="0" tests="14" time="1.568" timestamp="2026-03-05T08:00:55.420524+00:00" hostname="agent-env-6bc4b0b9-6546-4573-b8d2-b11557548bd6"><testcase classname="tests.test_landing_payments_disputes.TestNotificationsAPI" name="test_get_notifications" time="0.424" /><testcase classname="tests.test_landing_payments_disputes.TestNotificationsAPI" name="test_get_notifications_requires_auth" time="0.054" /><testcase classname="tests.test_landing_payments_disputes.TestNotificationsAPI" name="test_get_unread_count" time="0.059" /><testcase classname="tests.test_landing_payments_disputes.TestPaymentsAPI" name="test_checkout_requires_auth" time="0.047" /><testcase classname="tests.test_landing_payments_disputes.TestPaymentsAPI" name="test_checkout_invalid_listing" time="0.048" /><testcase classname="tests.test_landing_payments_disputes.TestPaymentsAPI" name="test_payment_status_invalid_session" time="0.050" /><testcase classname="tests.test_landing_payments_disputes.TestAdminDisputesAPI" name="test_get_disputes_as_admin" time="0.049" /><testcase classname="tests.test_landing_payments_disputes.TestAdminDisputesAPI" name="test_get_all_disputes_as_admin" time="0.053" /><testcase classname="tests.test_landing_payments_disputes.TestAdminDisputesAPI" name="test_get_disputes_requires_auth" time="0.045" /><testcase classname="tests.test_landing_payments_disputes.TestListingsForPaymentFlow" name="test_get_all_listings" time="0.070" /><testcase classname="tests.test_landing_payments_disputes.TestListingsForPaymentFlow" name="test_get_iso_matches" time="0.051" /><testcase classname="tests.test_landing_payments_disputes.TestCheckoutFlowValidation" name="test_cannot_buy_own_listing" time="0.379" /><testcase classname="tests.test_landing_payments_disputes.TestStripeStatus" name="test_stripe_status" time="0.045" /><testcase classname="tests.test_landing_payments_disputes.TestLandingPageAPIs" name="test_explore_feed_public" time="0.142" /></testsuite></testsuites>