<?xml version="1.0" encoding="utf-8"?><testsuites name="pytest tests"><testsuite name="pytest" errors="0" failures="0" skipped="0" tests="11" time="2.354" timestamp="2026-03-06T00:00:45.919664+00:00" hostname="agent-env-87b310ec-698b-456c-b6d5-aed1fbe59afe"><testcase classname="backend.tests.test_listing_detail_modal.TestListingDetailEndpoint" name="test_listing_detail_returns_200" time="0.715" /><testcase classname="backend.tests.test_listing_detail_modal.TestListingDetailEndpoint" name="test_listing_detail_has_user_object" time="0.159" /><testcase classname="backend.tests.test_listing_detail_modal.TestListingDetailEndpoint" name="test_listing_detail_user_has_rating" time="0.116" /><testcase classname="backend.tests.test_listing_detail_modal.TestListingDetailEndpoint" name="test_listing_detail_user_has_completed_sales" time="0.118" /><testcase classname="backend.tests.test_listing_detail_modal.TestListingDetailEndpoint" name="test_listing_detail_has_similar_listings" time="0.126" /><testcase classname="backend.tests.test_listing_detail_modal.TestListingDetailEndpoint" name="test_listing_detail_has_on_wantlist" time="0.134" /><testcase classname="backend.tests.test_listing_detail_modal.TestListingDetailEndpoint" name="test_listing_detail_basic_fields" time="0.138" /><testcase classname="backend.tests.test_listing_detail_modal.TestListingDetailEndpoint" name="test_listing_detail_nonexistent_returns_404" time="0.106" /><testcase classname="backend.tests.test_listing_detail_modal.TestListingDetailEndpoint" name="test_listing_detail_without_auth" time="0.144" /><testcase classname="backend.tests.test_listing_detail_modal.TestListingsListEndpoint" name="test_listings_returns_200" time="0.136" /><testcase classname="backend.tests.test_listing_detail_modal.TestListingsListEndpoint" name="test_listings_filter_by_type" time="0.395" /></testsuite></testsuites>