<?xml version="1.0" encoding="utf-8"?><testsuites name="pytest tests"><testsuite name="pytest" errors="0" failures="0" skipped="0" tests="13" time="3.952" timestamp="2026-03-05T06:20:45.229559+00:00" hostname="agent-env-2bc664b3-e43f-4c1e-beb5-f827e349d63c"><testcase classname="backend.tests.test_marketplace_listings.TestISOWithDiscogs" name="test_discogs_search" time="0.804" /><testcase classname="backend.tests.test_marketplace_listings.TestISOWithDiscogs" name="test_create_iso_with_discogs_id_and_cover" time="0.338" /><testcase classname="backend.tests.test_marketplace_listings.TestMarketplaceListings" name="test_create_buy_now_listing" time="0.544" /><testcase classname="backend.tests.test_marketplace_listings.TestMarketplaceListings" name="test_create_make_offer_listing" time="0.107" /><testcase classname="backend.tests.test_marketplace_listings.TestMarketplaceListings" name="test_create_trade_listing" time="0.114" /><testcase classname="backend.tests.test_marketplace_listings.TestMarketplaceListings" name="test_get_listings_returns_active" time="0.113" /><testcase classname="backend.tests.test_marketplace_listings.TestMarketplaceListings" name="test_get_my_listings" time="0.152" /><testcase classname="backend.tests.test_marketplace_listings.TestMarketplaceListings" name="test_get_iso_matches" time="0.127" /><testcase classname="backend.tests.test_marketplace_listings.TestMarketplaceListings" name="test_delete_listing" time="0.354" /><testcase classname="backend.tests.test_marketplace_listings.TestMarketplaceListings" name="test_delete_nonexistent_listing" time="0.532" /><testcase classname="backend.tests.test_marketplace_listings.TestListingFilters" name="test_filter_by_listing_type" time="0.453" /><testcase classname="backend.tests.test_marketplace_listings.TestListingFilters" name="test_search_listings" time="0.105" /><testcase classname="backend.tests.test_marketplace_listings.TestExistingData" name="test_existing_listing_exists" time="0.127" /></testsuite></testsuites>