<?xml version="1.0" encoding="utf-8"?><testsuites name="pytest tests"><testsuite name="pytest" errors="0" failures="0" skipped="0" tests="10" time="3.941" timestamp="2026-03-09T23:54:28.317367+00:00" hostname="agent-env-6d1d3cf6-7358-4670-9111-08dfee025ca7"><testcase classname="backend.tests.test_mention_feature.TestMentionFeature" name="test_mention_search_requires_auth" time="0.338" /><testcase classname="backend.tests.test_mention_feature.TestMentionFeature" name="test_mention_search_returns_users" time="1.752" /><testcase classname="backend.tests.test_mention_feature.TestMentionFeature" name="test_mention_search_empty_query_returns_empty" time="0.120" /><testcase classname="backend.tests.test_mention_feature.TestMentionFeature" name="test_mention_search_no_results_for_gibberish" time="0.117" /><testcase classname="backend.tests.test_mention_feature.TestMentionFeature" name="test_composer_note_with_mention" time="0.126" /><testcase classname="backend.tests.test_mention_feature.TestMentionFeature" name="test_mention_creates_notification" time="0.245" /><testcase classname="backend.tests.test_mention_feature.TestMentionFeature" name="test_composer_iso_with_mention" time="0.119" /><testcase classname="backend.tests.test_mention_feature.TestMentionFeature" name="test_mention_search_endpoint_exists" time="0.107" /><testcase classname="backend.tests.test_mention_feature.TestMentionFeature" name="test_mention_regex_pattern" time="0.130" /><testcase classname="backend.tests.test_mention_feature.TestMentionSearchPagination" name="test_mention_search_limits_results" time="0.815" /></testsuite></testsuites>