<?xml version="1.0" encoding="utf-8"?><testsuites name="pytest tests"><testsuite name="pytest" errors="0" failures="0" skipped="0" tests="8" time="7.830" timestamp="2026-03-11T00:48:32.389750+00:00" hostname="agent-env-7feaeb1b-c376-4a5e-a3b3-dde98a89c34e"><testcase classname="backend.tests.test_block167_multi_copy.TestMultiCopyRecords" name="test_post_record_with_instance_id" time="0.642" /><testcase classname="backend.tests.test_block167_multi_copy.TestMultiCopyRecords" name="test_create_multi_copy_records" time="1.952" /><testcase classname="backend.tests.test_block167_multi_copy.TestMultiCopyRecords" name="test_get_records_returns_copy_numbers" time="1.279" /><testcase classname="backend.tests.test_block167_multi_copy.TestMultiCopyRecords" name="test_unique_record_has_null_copy_fields" time="0.698" /><testcase classname="backend.tests.test_block167_multi_copy.TestMultiCopyRecords" name="test_different_notes_per_copy" time="1.168" /><testcase classname="backend.tests.test_block167_multi_copy.TestFeedIntegrity" name="test_feed_filters_discogs_import_posts" time="0.515" /><testcase classname="backend.tests.test_block167_multi_copy.TestFeedIntegrity" name="test_explore_feed_filters_discogs_import_posts" time="0.478" /><testcase classname="backend.tests.test_block167_multi_copy.TestUserRecordsMultiCopy" name="test_user_records_endpoint_returns_copy_fields" time="1.023" /></testsuite></testsuites>