<?xml version="1.0" encoding="utf-8"?><testsuites name="pytest tests"><testsuite name="pytest" errors="0" failures="0" skipped="2" tests="8" time="5.975" timestamp="2026-03-05T20:03:44.096013+00:00" hostname="agent-env-e4c11a12-a768-4d6d-8c65-bdeb68364fd2"><testcase classname="backend.tests.test_nav_fee_updates.TestPlatformFeeSettings" name="test_get_platform_settings_returns_fee" time="0.866" /><testcase classname="backend.tests.test_nav_fee_updates.TestPlatformFeeSettings" name="test_put_platform_settings_updates_fee" time="0.993" /><testcase classname="backend.tests.test_nav_fee_updates.TestPlatformFeeSettings" name="test_non_admin_cannot_get_settings" time="0.638"><skipped type="pytest.skip" message="Non-admin user not available">/app/backend/tests/test_nav_fee_updates.py:89: Non-admin user not available</skipped></testcase><testcase classname="backend.tests.test_nav_fee_updates.TestPlatformFeeSettings" name="test_non_admin_cannot_put_settings" time="0.599"><skipped type="pytest.skip" message="Non-admin user not available">/app/backend/tests/test_nav_fee_updates.py:97: Non-admin user not available</skipped></testcase><testcase classname="backend.tests.test_nav_fee_updates.TestPlatformFeeSettings" name="test_unauthenticated_cannot_access_settings" time="0.708" /><testcase classname="backend.tests.test_nav_fee_updates.TestPlatformFeeSettings" name="test_fee_validation_boundaries" time="0.824" /><testcase classname="backend.tests.test_nav_fee_updates.TestPlatformFeeSettings" name="test_admin_user_has_is_admin_flag" time="0.757" /><testcase classname="backend.tests.test_nav_fee_updates.TestFeeInPaymentFlow" name="test_fee_default_is_6_percent" time="0.533" /></testsuite></testsuites>