<?xml version="1.0" encoding="utf-8"?><testsuites name="pytest tests"><testsuite name="pytest" errors="0" failures="0" skipped="0" tests="9" time="4.024" timestamp="2026-03-09T14:36:00.752980+00:00" hostname="agent-env-1b9dd81a-9960-4526-9588-b80b90872523"><testcase classname="tests.test_new_feature_tag.TestNewFeatureTag" name="test_new_feature_endpoint_requires_auth" time="0.286" /><testcase classname="tests.test_new_feature_tag.TestNewFeatureTag" name="test_non_admin_gets_403" time="2.431" /><testcase classname="tests.test_new_feature_tag.TestNewFeatureTag" name="test_admin_can_toggle_new_feature_on" time="0.103" /><testcase classname="tests.test_new_feature_tag.TestNewFeatureTag" name="test_admin_can_toggle_new_feature_off" time="0.151" /><testcase classname="tests.test_new_feature_tag.TestNewFeatureTag" name="test_post_response_includes_is_new_feature" time="0.130" /><testcase classname="tests.test_new_feature_tag.TestNewFeatureTag" name="test_feed_returns_is_new_feature" time="0.111" /><testcase classname="tests.test_new_feature_tag.TestNewFeatureTag" name="test_explore_returns_is_new_feature" time="0.173" /><testcase classname="tests.test_new_feature_tag.TestNewFeatureTag" name="test_toggle_on_nonexistent_post_returns_404" time="0.120" /><testcase classname="tests.test_new_feature_tag.TestNewFeatureTagCleanup" name="test_cleanup_test_posts" time="0.462" /></testsuite></testsuites>