<?xml version="1.0" encoding="utf-8"?><testsuites name="pytest tests"><testsuite name="pytest" errors="0" failures="0" skipped="0" tests="9" time="7.681" timestamp="2026-03-15T23:52:14.958639+00:00" hostname="agent-env-fee7e3c9-7405-42b2-92c7-81d7a18b5408"><testcase classname="backend.tests.test_notification_prefs_password.TestNotificationPreferences" name="test_get_me_includes_notification_preference" time="2.332" /><testcase classname="backend.tests.test_notification_prefs_password.TestNotificationPreferences" name="test_update_notification_preference_following" time="0.383" /><testcase classname="backend.tests.test_notification_prefs_password.TestNotificationPreferences" name="test_update_notification_preference_none" time="0.352" /><testcase classname="backend.tests.test_notification_prefs_password.TestNotificationPreferences" name="test_update_notification_preference_all" time="0.380" /><testcase classname="backend.tests.test_notification_prefs_password.TestNotificationPreferences" name="test_verify_notification_preference_persisted" time="1.066" /><testcase classname="backend.tests.test_notification_prefs_password.TestPasswordUpdate" name="test_update_password_wrong_current" time="0.960" /><testcase classname="backend.tests.test_notification_prefs_password.TestPasswordUpdate" name="test_update_password_missing_fields" time="0.120" /><testcase classname="backend.tests.test_notification_prefs_password.TestPasswordUpdate" name="test_update_password_too_short" time="0.113" /><testcase classname="backend.tests.test_notification_prefs_password.TestPasswordUpdate" name="test_update_password_success" time="1.883" /></testsuite></testsuites>