<?xml version="1.0" encoding="utf-8"?><testsuites name="pytest tests"><testsuite name="pytest" errors="0" failures="0" skipped="0" tests="13" time="6.505" timestamp="2026-03-07T19:46:47.544755+00:00" hostname="agent-env-fab3668f-548f-447c-854b-0f1409833ebb"><testcase classname="backend.tests.test_notification_navigation.TestNotificationAPI" name="test_get_notifications_returns_list" time="0.517" /><testcase classname="backend.tests.test_notification_navigation.TestNotificationAPI" name="test_notification_structure" time="0.443" /><testcase classname="backend.tests.test_notification_navigation.TestNotificationAPI" name="test_notifications_sorted_newest_first" time="0.523" /><testcase classname="backend.tests.test_notification_navigation.TestNotificationAPI" name="test_get_unread_count" time="0.491" /><testcase classname="backend.tests.test_notification_navigation.TestNotificationAPI" name="test_mark_notification_read" time="0.610" /><testcase classname="backend.tests.test_notification_navigation.TestNotificationAPI" name="test_mark_all_read" time="0.692" /><testcase classname="backend.tests.test_notification_navigation.TestNotificationAPI" name="test_notifications_require_auth" time="0.441" /><testcase classname="backend.tests.test_notification_navigation.TestNotificationDataTypes" name="test_new_follower_notification_has_follower_username" time="0.440" /><testcase classname="backend.tests.test_notification_navigation.TestNotificationDataTypes" name="test_post_liked_notification_has_post_id" time="0.490" /><testcase classname="backend.tests.test_notification_navigation.TestNotificationDataTypes" name="test_trade_proposed_notification_has_trade_id" time="0.451" /><testcase classname="backend.tests.test_notification_navigation.TestNotificationDataTypes" name="test_stripe_connected_notification_structure" time="0.453" /><testcase classname="backend.tests.test_notification_navigation.TestNotificationDataTypes" name="test_order_shipped_notification_has_order_id" time="0.438" /><testcase classname="backend.tests.test_notification_navigation.TestNotificationDataTypes" name="test_wax_report_notification_structure" time="0.451" /></testsuite></testsuites>