<?xml version="1.0" encoding="utf-8"?><testsuites name="pytest tests"><testsuite name="pytest" errors="0" failures="0" skipped="4" tests="13" time="2.456" timestamp="2026-03-07T16:21:48.581859+00:00" hostname="agent-env-5c2d4fed-99e0-4743-83c3-3cff3aa1a889"><testcase classname="backend.tests.test_onboarding_iso_page.TestNowSpinningEndpoint" name="test_now_spinning_requires_auth" time="0.227" /><testcase classname="backend.tests.test_onboarding_iso_page.TestNowSpinningEndpoint" name="test_now_spinning_requires_record_id" time="0.378"><skipped type="pytest.skip" message="Could not create or login test user: {&quot;access_token&quot;:&quot;eyJhbGciOiJIUzI1NiIsInR5cCI6IkpXVCJ9.eyJzdWIiOiIwY2RhNTBhNS0wYTNkLTQ5N2EtODI2NS02M2U2ZGZhZWI2ZGMiLCJleHAiOjE3NzM1MDUzMDksImlhdCI6MTc3MjkwMDUwOX0.okwtYFyJhMilJoaMQgklIUttbP8fLK7l29esiRhuLlo&quot;,&quot;token_type&quot;:&quot;bearer&quot;,&quot;user&quot;:{&quot;id&quot;:&quot;0cda50a5-0a3d-497a-8265-63e6dfaeb6dc&quot;,&quot;email&quot;:&quot;testuser_iter66_4ee4a0dd@test.com&quot;,&quot;username&quot;:&quot;tester66_4ee4a0dd&quot;,&quot;avatar_url&quot;:&quot;https://api.dicebear.com/7.x/miniavs/svg?seed=tester66_4ee4a0dd&quot;,&quot;bio&quot;:null,&quot;setup&quot;:null,&quot;location&quot;:null,&quot;favorite_genre&quot;:null,&quot;city&quot;:null,&quot;region&quot;:null,&quot;created_at&quot;:&quot;2026-03-07T16:21:48.991049+00:00&quot;,&quot;collection_count&quot;:0,&quot;spin_count&quot;:0,&quot;followers_count&quot;:0,&quot;following_count&quot;:0,&quot;completed_transactions&quot;:0,&quot;onboarding_completed&quot;:false,&quot;founding_member&quot;:true,&quot;is_admin&quot;:false,&quot;email_verified&quot;:true}}">/app/backend/tests/test_onboarding_iso_page.py:86: Could not create or login test user: {"access_token":"eyJhbGciOiJIUzI1NiIsInR5cCI6IkpXVCJ9.eyJzdWIiOiIwY2RhNTBhNS0wYTNkLTQ5N2EtODI2NS02M2U2ZGZhZWI2ZGMiLCJleHAiOjE3NzM1MDUzMDksImlhdCI6MTc3MjkwMDUwOX0.okwtYFyJhMilJoaMQgklIUttbP8fLK7l29esiRhuLlo","token_type":"bearer","user":{"id":"0cda50a5-0a3d-497a-8265-63e6dfaeb6dc","email":"testuser_iter66_4ee4a0dd@test.com","username":"tester66_4ee4a0dd","avatar_url":"https://api.dicebear.com/7.x/miniavs/svg?seed=tester66_4ee4a0dd","bio":null,"setup":null,"location":null,"favorite_genre":null,"city":null,"region":null,"created_at":"2026-03-07T16:21:48.991049+00:00","collection_count":0,"spin_count":0,"followers_count":0,"following_count":0,"completed_transactions":0,"onboarding_completed":false,"founding_member":true,"is_admin":false,"email_verified":true}}</skipped></testcase><testcase classname="backend.tests.test_onboarding_iso_page.TestNowSpinningEndpoint" name="test_now_spinning_invalid_record_returns_404" time="0.000"><skipped type="pytest.skip" message="Could not create or login test user: {&quot;access_token&quot;:&quot;eyJhbGciOiJIUzI1NiIsInR5cCI6IkpXVCJ9.eyJzdWIiOiIwY2RhNTBhNS0wYTNkLTQ5N2EtODI2NS02M2U2ZGZhZWI2ZGMiLCJleHAiOjE3NzM1MDUzMDksImlhdCI6MTc3MjkwMDUwOX0.okwtYFyJhMilJoaMQgklIUttbP8fLK7l29esiRhuLlo&quot;,&quot;token_type&quot;:&quot;bearer&quot;,&quot;user&quot;:{&quot;id&quot;:&quot;0cda50a5-0a3d-497a-8265-63e6dfaeb6dc&quot;,&quot;email&quot;:&quot;testuser_iter66_4ee4a0dd@test.com&quot;,&quot;username&quot;:&quot;tester66_4ee4a0dd&quot;,&quot;avatar_url&quot;:&quot;https://api.dicebear.com/7.x/miniavs/svg?seed=tester66_4ee4a0dd&quot;,&quot;bio&quot;:null,&quot;setup&quot;:null,&quot;location&quot;:null,&quot;favorite_genre&quot;:null,&quot;city&quot;:null,&quot;region&quot;:null,&quot;created_at&quot;:&quot;2026-03-07T16:21:48.991049+00:00&quot;,&quot;collection_count&quot;:0,&quot;spin_count&quot;:0,&quot;followers_count&quot;:0,&quot;following_count&quot;:0,&quot;completed_transactions&quot;:0,&quot;onboarding_completed&quot;:false,&quot;founding_member&quot;:true,&quot;is_admin&quot;:false,&quot;email_verified&quot;:true}}">/app/backend/tests/test_onboarding_iso_page.py:92: Could not create or login test user: {"access_token":"eyJhbGciOiJIUzI1NiIsInR5cCI6IkpXVCJ9.eyJzdWIiOiIwY2RhNTBhNS0wYTNkLTQ5N2EtODI2NS02M2U2ZGZhZWI2ZGMiLCJleHAiOjE3NzM1MDUzMDksImlhdCI6MTc3MjkwMDUwOX0.okwtYFyJhMilJoaMQgklIUttbP8fLK7l29esiRhuLlo","token_type":"bearer","user":{"id":"0cda50a5-0a3d-497a-8265-63e6dfaeb6dc","email":"testuser_iter66_4ee4a0dd@test.com","username":"tester66_4ee4a0dd","avatar_url":"https://api.dicebear.com/7.x/miniavs/svg?seed=tester66_4ee4a0dd","bio":null,"setup":null,"location":null,"favorite_genre":null,"city":null,"region":null,"created_at":"2026-03-07T16:21:48.991049+00:00","collection_count":0,"spin_count":0,"followers_count":0,"following_count":0,"completed_transactions":0,"onboarding_completed":false,"founding_member":true,"is_admin":false,"email_verified":true}}</skipped></testcase><testcase classname="backend.tests.test_onboarding_iso_page.TestNowSpinningEndpoint" name="test_now_spinning_with_valid_record" time="0.000"><skipped type="pytest.skip" message="Could not create or login test user: {&quot;access_token&quot;:&quot;eyJhbGciOiJIUzI1NiIsInR5cCI6IkpXVCJ9.eyJzdWIiOiIwY2RhNTBhNS0wYTNkLTQ5N2EtODI2NS02M2U2ZGZhZWI2ZGMiLCJleHAiOjE3NzM1MDUzMDksImlhdCI6MTc3MjkwMDUwOX0.okwtYFyJhMilJoaMQgklIUttbP8fLK7l29esiRhuLlo&quot;,&quot;token_type&quot;:&quot;bearer&quot;,&quot;user&quot;:{&quot;id&quot;:&quot;0cda50a5-0a3d-497a-8265-63e6dfaeb6dc&quot;,&quot;email&quot;:&quot;testuser_iter66_4ee4a0dd@test.com&quot;,&quot;username&quot;:&quot;tester66_4ee4a0dd&quot;,&quot;avatar_url&quot;:&quot;https://api.dicebear.com/7.x/miniavs/svg?seed=tester66_4ee4a0dd&quot;,&quot;bio&quot;:null,&quot;setup&quot;:null,&quot;location&quot;:null,&quot;favorite_genre&quot;:null,&quot;city&quot;:null,&quot;region&quot;:null,&quot;created_at&quot;:&quot;2026-03-07T16:21:48.991049+00:00&quot;,&quot;collection_count&quot;:0,&quot;spin_count&quot;:0,&quot;followers_count&quot;:0,&quot;following_count&quot;:0,&quot;completed_transactions&quot;:0,&quot;onboarding_completed&quot;:false,&quot;founding_member&quot;:true,&quot;is_admin&quot;:false,&quot;email_verified&quot;:true}}">/app/backend/tests/test_onboarding_iso_page.py:100: Could not create or login test user: {"access_token":"eyJhbGciOiJIUzI1NiIsInR5cCI6IkpXVCJ9.eyJzdWIiOiIwY2RhNTBhNS0wYTNkLTQ5N2EtODI2NS02M2U2ZGZhZWI2ZGMiLCJleHAiOjE3NzM1MDUzMDksImlhdCI6MTc3MjkwMDUwOX0.okwtYFyJhMilJoaMQgklIUttbP8fLK7l29esiRhuLlo","token_type":"bearer","user":{"id":"0cda50a5-0a3d-497a-8265-63e6dfaeb6dc","email":"testuser_iter66_4ee4a0dd@test.com","username":"tester66_4ee4a0dd","avatar_url":"https://api.dicebear.com/7.x/miniavs/svg?seed=tester66_4ee4a0dd","bio":null,"setup":null,"location":null,"favorite_genre":null,"city":null,"region":null,"created_at":"2026-03-07T16:21:48.991049+00:00","collection_count":0,"spin_count":0,"followers_count":0,"following_count":0,"completed_transactions":0,"onboarding_completed":false,"founding_member":true,"is_admin":false,"email_verified":true}}</skipped></testcase><testcase classname="backend.tests.test_onboarding_iso_page.TestNowSpinningEndpoint" name="test_now_spinning_without_optional_fields" time="0.000"><skipped type="pytest.skip" message="Could not create or login test user: {&quot;access_token&quot;:&quot;eyJhbGciOiJIUzI1NiIsInR5cCI6IkpXVCJ9.eyJzdWIiOiIwY2RhNTBhNS0wYTNkLTQ5N2EtODI2NS02M2U2ZGZhZWI2ZGMiLCJleHAiOjE3NzM1MDUzMDksImlhdCI6MTc3MjkwMDUwOX0.okwtYFyJhMilJoaMQgklIUttbP8fLK7l29esiRhuLlo&quot;,&quot;token_type&quot;:&quot;bearer&quot;,&quot;user&quot;:{&quot;id&quot;:&quot;0cda50a5-0a3d-497a-8265-63e6dfaeb6dc&quot;,&quot;email&quot;:&quot;testuser_iter66_4ee4a0dd@test.com&quot;,&quot;username&quot;:&quot;tester66_4ee4a0dd&quot;,&quot;avatar_url&quot;:&quot;https://api.dicebear.com/7.x/miniavs/svg?seed=tester66_4ee4a0dd&quot;,&quot;bio&quot;:null,&quot;setup&quot;:null,&quot;location&quot;:null,&quot;favorite_genre&quot;:null,&quot;city&quot;:null,&quot;region&quot;:null,&quot;created_at&quot;:&quot;2026-03-07T16:21:48.991049+00:00&quot;,&quot;collection_count&quot;:0,&quot;spin_count&quot;:0,&quot;followers_count&quot;:0,&quot;following_count&quot;:0,&quot;completed_transactions&quot;:0,&quot;onboarding_completed&quot;:false,&quot;founding_member&quot;:true,&quot;is_admin&quot;:false,&quot;email_verified&quot;:true}}">/app/backend/tests/test_onboarding_iso_page.py:122: Could not create or login test user: {"access_token":"eyJhbGciOiJIUzI1NiIsInR5cCI6IkpXVCJ9.eyJzdWIiOiIwY2RhNTBhNS0wYTNkLTQ5N2EtODI2NS02M2U2ZGZhZWI2ZGMiLCJleHAiOjE3NzM1MDUzMDksImlhdCI6MTc3MjkwMDUwOX0.okwtYFyJhMilJoaMQgklIUttbP8fLK7l29esiRhuLlo","token_type":"bearer","user":{"id":"0cda50a5-0a3d-497a-8265-63e6dfaeb6dc","email":"testuser_iter66_4ee4a0dd@test.com","username":"tester66_4ee4a0dd","avatar_url":"https://api.dicebear.com/7.x/miniavs/svg?seed=tester66_4ee4a0dd","bio":null,"setup":null,"location":null,"favorite_genre":null,"city":null,"region":null,"created_at":"2026-03-07T16:21:48.991049+00:00","collection_count":0,"spin_count":0,"followers_count":0,"following_count":0,"completed_transactions":0,"onboarding_completed":false,"founding_member":true,"is_admin":false,"email_verified":true}}</skipped></testcase><testcase classname="backend.tests.test_onboarding_iso_page.TestDiscogsSearch" name="test_discogs_search_returns_results" time="0.681" /><testcase classname="backend.tests.test_onboarding_iso_page.TestDiscogsSearch" name="test_discogs_search_empty_query" time="0.082" /><testcase classname="backend.tests.test_onboarding_iso_page.TestISOPageEndpoints" name="test_get_user_isos" time="0.388" /><testcase classname="backend.tests.test_onboarding_iso_page.TestISOPageEndpoints" name="test_get_community_isos" time="0.057" /><testcase classname="backend.tests.test_onboarding_iso_page.TestISOPageEndpoints" name="test_get_listings" time="0.052" /><testcase classname="backend.tests.test_onboarding_iso_page.TestOnboardingFlow" name="test_onboarding_flow_step1_add_record" time="0.396" /><testcase classname="backend.tests.test_onboarding_iso_page.TestOnboardingFlow" name="test_onboarding_flow_step2_now_spinning" time="0.061" /><testcase classname="backend.tests.test_onboarding_iso_page.TestOnboardingFlow" name="test_onboarding_complete_update" time="0.053" /></testsuite></testsuites>