<?xml version="1.0" encoding="utf-8"?><testsuites name="pytest tests"><testsuite name="pytest" errors="0" failures="0" skipped="0" tests="11" time="2.152" timestamp="2026-03-07T17:51:45.819268+00:00" hostname="agent-env-5c2d4fed-99e0-4743-83c3-3cff3aa1a889"><testcase classname="backend.tests.test_orders_feature.TestOrdersEndpoints" name="test_orders_purchases_requires_auth" time="0.192" /><testcase classname="backend.tests.test_orders_feature.TestOrdersEndpoints" name="test_orders_purchases_returns_array" time="0.457" /><testcase classname="backend.tests.test_orders_feature.TestOrdersEndpoints" name="test_orders_purchases_enriched_fields" time="0.142" /><testcase classname="backend.tests.test_orders_feature.TestOrdersEndpoints" name="test_orders_sales_requires_auth" time="0.141" /><testcase classname="backend.tests.test_orders_feature.TestOrdersEndpoints" name="test_orders_sales_returns_array" time="0.106" /><testcase classname="backend.tests.test_orders_feature.TestOrdersEndpoints" name="test_orders_sales_enriched_fields" time="0.114" /><testcase classname="backend.tests.test_orders_feature.TestOrdersEndpoints" name="test_shipping_update_requires_auth" time="0.118" /><testcase classname="backend.tests.test_orders_feature.TestOrdersEndpoints" name="test_shipping_update_404_for_invalid_order" time="0.112" /><testcase classname="backend.tests.test_orders_feature.TestOrdersEndpoints" name="test_shipping_update_validates_status" time="0.111" /><testcase classname="backend.tests.test_orders_feature.TestOrdersDataIntegrity" name="test_purchases_response_structure" time="0.490" /><testcase classname="backend.tests.test_orders_feature.TestOrdersDataIntegrity" name="test_sales_response_structure" time="0.105" /></testsuite></testsuites>