<?xml version="1.0" encoding="utf-8"?><testsuites name="pytest tests"><testsuite name="pytest" errors="0" failures="0" skipped="0" tests="7" time="3.376" timestamp="2026-03-07T17:58:13.804415+00:00" hostname="agent-env-5c2d4fed-99e0-4743-83c3-3cff3aa1a889"><testcase classname="backend.tests.test_order_cancel.TestOrderCancelEndpoint" name="test_cancel_requires_auth" time="0.222" /><testcase classname="backend.tests.test_order_cancel.TestOrderCancelEndpoint" name="test_cancel_404_for_nonexistent_order" time="0.465" /><testcase classname="backend.tests.test_order_cancel.TestOrderCancelEndpoint" name="test_cancel_403_for_non_seller" time="0.508" /><testcase classname="backend.tests.test_order_cancel.TestOrderCancelEndpoint" name="test_cancel_endpoint_exists" time="0.123" /><testcase classname="backend.tests.test_order_cancel.TestOrderCancelEndpoint" name="test_cancel_response_format" time="0.103" /><testcase classname="backend.tests.test_order_cancel.TestCancelWithTestData" name="test_cancel_flow_with_mock_order" time="1.401" /><testcase classname="backend.tests.test_order_cancel.TestCancelStatusValidation" name="test_cancel_validates_payment_status" time="0.495" /></testsuite></testsuites>