<?xml version="1.0" encoding="utf-8"?><testsuites name="pytest tests"><testsuite name="pytest" errors="0" failures="0" skipped="0" tests="6" time="3.018" timestamp="2026-03-08T15:26:18.499532+00:00" hostname="agent-env-12eca9e8-dc19-4db6-82f0-50a2567e6eb1"><testcase classname="tests.test_orders_expandable.TestOrdersAPI" name="test_orders_sales_endpoint_returns_200" time="0.566" /><testcase classname="tests.test_orders_expandable.TestOrdersAPI" name="test_orders_purchases_endpoint_returns_200" time="0.510" /><testcase classname="tests.test_orders_expandable.TestOrdersAPI" name="test_orders_sales_without_auth_returns_401" time="0.464" /><testcase classname="tests.test_orders_expandable.TestOrdersAPI" name="test_orders_purchases_without_auth_returns_401" time="0.483" /><testcase classname="tests.test_orders_expandable.TestOrdersAPI" name="test_orders_sales_response_structure" time="0.484" /><testcase classname="tests.test_orders_expandable.TestOrdersAPI" name="test_orders_purchases_response_structure" time="0.454" /></testsuite></testsuites>