<?xml version="1.0" encoding="utf-8"?><testsuites name="pytest tests"><testsuite name="pytest" errors="0" failures="0" skipped="0" tests="9" time="5.289" timestamp="2026-03-15T23:25:30.878376+00:00" hostname="agent-env-fee7e3c9-7405-42b2-92c7-81d7a18b5408"><testcase classname="backend.tests.test_p0_fixes_verification.TestLoginFlow" name="test_login_returns_access_token" time="1.513" /><testcase classname="backend.tests.test_p0_fixes_verification.TestLoginFlow" name="test_login_invalid_credentials" time="0.271" /><testcase classname="backend.tests.test_p0_fixes_verification.TestUploadEndpoint" name="test_upload_image_returns_url" time="0.914" /><testcase classname="backend.tests.test_p0_fixes_verification.TestHiddenGems" name="test_hidden_gems_returns_data" time="0.976" /><testcase classname="backend.tests.test_p0_fixes_verification.TestImageUrlProxy" name="test_imageurl_uses_dynamic_api" time="0.000" /><testcase classname="backend.tests.test_p0_fixes_verification.TestImageUrlProxy" name="test_files_serve_endpoint_exists" time="1.523" /><testcase classname="backend.tests.test_p0_fixes_verification.TestNoteComposerUI" name="test_composerbar_note_search_elements" time="0.001" /><testcase classname="backend.tests.test_p0_fixes_verification.TestCloudinaryUpload" name="test_cloudinary_utility_has_error_handling" time="0.000" /><testcase classname="backend.tests.test_p0_fixes_verification.TestCloudinaryUpload" name="test_collection_upload_has_fallback" time="0.000" /></testsuite></testsuites>