<?xml version="1.0" encoding="utf-8"?><testsuites name="pytest tests"><testsuite name="pytest" errors="0" failures="0" skipped="0" tests="18" time="8.137" timestamp="2026-03-15T16:33:16.486467+00:00" hostname="agent-env-3fb1cf7e-0453-458e-aba8-e214ed9fff40"><testcase classname="backend.tests.test_p0_migration_sprint.TestHealthEndpoint" name="test_health_endpoint" time="1.701" /><testcase classname="backend.tests.test_p0_migration_sprint.TestLoginFlow" name="test_login_success" time="0.607" /><testcase classname="backend.tests.test_p0_migration_sprint.TestLoginFlow" name="test_login_invalid_credentials" time="0.353" /><testcase classname="backend.tests.test_p0_migration_sprint.TestFeedEndpoint" name="test_feed_loads" time="4.350" /><testcase classname="backend.tests.test_p0_migration_sprint.TestUploadEndpoint" name="test_upload_image" time="1.036" /><testcase classname="backend.tests.test_p0_migration_sprint.TestCORSOrigins" name="test_cors_origins_no_localhost" time="0.000" /><testcase classname="backend.tests.test_p0_migration_sprint.TestCloudinaryUtility" name="test_cloudinary_utility_exists" time="0.000" /><testcase classname="backend.tests.test_p0_migration_sprint.TestCloudinaryUtility" name="test_cloudinary_fallback_logic" time="0.000" /><testcase classname="backend.tests.test_p0_migration_sprint.TestDialogComponents" name="test_dialog_component_mobile_classes" time="0.000" /><testcase classname="backend.tests.test_p0_migration_sprint.TestDialogComponents" name="test_sheet_component_scroll_fix" time="0.000" /><testcase classname="backend.tests.test_p0_migration_sprint.TestDialogComponents" name="test_alert_dialog_mobile_classes" time="0.000" /><testcase classname="backend.tests.test_p0_migration_sprint.TestSocketContext" name="test_socket_context_dedup" time="0.000" /><testcase classname="backend.tests.test_p0_migration_sprint.TestNavbarNotifications" name="test_navbar_notification_dedup" time="0.000" /><testcase classname="backend.tests.test_p0_migration_sprint.TestMigrationPlaceholder" name="test_image_url_legacy_check" time="0.000" /><testcase classname="backend.tests.test_p0_migration_sprint.TestMigrationPlaceholder" name="test_album_art_migration_placeholder" time="0.000" /><testcase classname="backend.tests.test_p0_migration_sprint.TestMigrationPlaceholder" name="test_postcards_onerror_handler" time="0.000" /><testcase classname="backend.tests.test_p0_migration_sprint.TestModalCSS" name="test_modal_mobile_scale_css" time="0.000" /><testcase classname="backend.tests.test_p0_migration_sprint.TestModalCSS" name="test_migration_placeholder_css" time="0.000" /></testsuite></testsuites>