<?xml version="1.0" encoding="utf-8"?><testsuites name="pytest tests"><testsuite name="pytest" errors="0" failures="0" skipped="0" tests="11" time="5.689" timestamp="2026-03-06T22:03:01.089754+00:00" hostname="agent-env-2b50fe44-3f13-4385-88a7-63d52fbefee6"><testcase classname="backend.tests.test_p1_genres_admin_trending.TestTrendingInCollections" name="test_trending_in_collections_returns_array" time="0.538" /><testcase classname="backend.tests.test_p1_genres_admin_trending.TestTrendingInCollections" name="test_trending_in_collections_record_structure" time="0.483" /><testcase classname="backend.tests.test_p1_genres_admin_trending.TestTrendingInCollections" name="test_trending_in_collections_caching" time="1.106" /><testcase classname="backend.tests.test_p1_genres_admin_trending.TestTrendingInCollections" name="test_fresh_pressings_endpoint_removed" time="0.462" /><testcase classname="backend.tests.test_p1_genres_admin_trending.TestAdminUserManagement" name="test_get_admin_users_returns_list" time="0.498" /><testcase classname="backend.tests.test_p1_genres_admin_trending.TestAdminUserManagement" name="test_get_admin_users_structure" time="0.502" /><testcase classname="backend.tests.test_p1_genres_admin_trending.TestAdminUserManagement" name="test_get_admin_users_filter_admin" time="0.474" /><testcase classname="backend.tests.test_p1_genres_admin_trending.TestAdminUserManagement" name="test_get_admin_users_search" time="0.504" /><testcase classname="backend.tests.test_p1_genres_admin_trending.TestAdminUserManagement" name="test_cannot_revoke_own_admin" time="0.447" /><testcase classname="backend.tests.test_p1_genres_admin_trending.TestAdminUserManagement" name="test_admin_users_requires_auth" time="0.478" /><testcase classname="backend.tests.test_p1_genres_admin_trending.TestExploreEndpointAuth" name="test_trending_in_collections_requires_auth" time="0.128" /></testsuite></testsuites>