<?xml version="1.0" encoding="utf-8"?><testsuites name="pytest tests"><testsuite name="pytest" errors="0" failures="0" skipped="0" tests="9" time="3.601" timestamp="2026-03-05T18:54:30.327993+00:00" hostname="agent-env-e4c11a12-a768-4d6d-8c65-bdeb68364fd2"><testcase classname="backend.tests.test_phase_a_enhancements.TestBingoCurrentEndpoint" name="test_bingo_current_returns_bingo_count" time="0.586" /><testcase classname="backend.tests.test_phase_a_enhancements.TestBingoCurrentEndpoint" name="test_bingo_current_returns_community_stats_when_locked" time="0.129" /><testcase classname="backend.tests.test_phase_a_enhancements.TestBingoCurrentEndpoint" name="test_bingo_current_grid_structure" time="0.133" /><testcase classname="backend.tests.test_phase_a_enhancements.TestBingoMarkEndpoint" name="test_bingo_mark_returns_bingo_count" time="0.238" /><testcase classname="backend.tests.test_phase_a_enhancements.TestExportImageDimensions" name="test_bingo_export_dimensions" time="0.425" /><testcase classname="backend.tests.test_phase_a_enhancements.TestExportImageDimensions" name="test_mood_board_export_dimensions" time="0.877" /><testcase classname="backend.tests.test_phase_a_enhancements.TestMoodBoardGenerate" name="test_mood_board_generate_still_works" time="0.730" /><testcase classname="backend.tests.test_phase_a_enhancements.TestCommunityStatsComputation" name="test_community_stats_percentages_are_valid" time="0.157" /><testcase classname="backend.tests.test_phase_a_enhancements.TestHealth" name="test_api_accessible" time="0.249" /></testsuite></testsuites>