<?xml version="1.0" encoding="utf-8"?><testsuites name="pytest tests"><testsuite name="pytest" errors="0" failures="0" skipped="0" tests="6" time="3.723" timestamp="2026-03-12T19:38:41.992702+00:00" hostname="agent-env-8b0d227e-013c-498a-8be9-6fe6e41b35a2"><testcase classname="backend.tests.test_photo_upload_features.TestPhotoUploadFeatures" name="test_upload_endpoint_requires_auth" time="0.210" /><testcase classname="backend.tests.test_photo_upload_features.TestPhotoUploadFeatures" name="test_upload_endpoint_returns_url" time="0.728" /><testcase classname="backend.tests.test_photo_upload_features.TestPhotoUploadFeatures" name="test_now_spinning_accepts_photo_url" time="0.880" /><testcase classname="backend.tests.test_photo_upload_features.TestPhotoUploadFeatures" name="test_new_haul_accepts_image_url" time="0.738" /><testcase classname="backend.tests.test_photo_upload_features.TestPhotoUploadFeatures" name="test_feed_includes_photo_url_in_posts" time="0.508" /><testcase classname="backend.tests.test_photo_upload_features.TestPhotoUploadFeatures" name="test_now_spinning_model_validation" time="0.602" /></testsuite></testsuites>