<?xml version="1.0" encoding="utf-8"?><testsuites name="pytest tests"><testsuite name="pytest" errors="0" failures="0" skipped="0" tests="11" time="51.694" timestamp="2026-03-13T06:09:52.049417+00:00" hostname="agent-env-e30be117-b393-4012-ab89-06bfa86fcfd4"><testcase classname="backend.tests.test_postcard_fallback_fix.TestPostCardFallbackFix" name="test_login_returns_access_token" time="2.772" /><testcase classname="backend.tests.test_postcard_fallback_fix.TestPostCardFallbackFix" name="test_feed_endpoint_returns_posts" time="2.777" /><testcase classname="backend.tests.test_postcard_fallback_fix.TestPostCardFallbackFix" name="test_post_response_includes_flat_fields" time="4.488" /><testcase classname="backend.tests.test_postcard_fallback_fix.TestPostCardFallbackFix" name="test_now_spinning_post_has_required_fields" time="8.004" /><testcase classname="backend.tests.test_postcard_fallback_fix.TestPostCardFallbackFix" name="test_iso_post_has_required_fields" time="7.730" /><testcase classname="backend.tests.test_postcard_fallback_fix.TestPostCardFallbackFix" name="test_new_haul_post_has_required_fields" time="8.276" /><testcase classname="backend.tests.test_postcard_fallback_fix.TestPostCardFallbackFix" name="test_explore_endpoint_works" time="2.571" /><testcase classname="backend.tests.test_postcard_fallback_fix.TestPostCardFallbackFix" name="test_single_post_endpoint_works" time="1.506" /><testcase classname="backend.tests.test_postcard_fallback_fix.TestPostCardFallbackFix" name="test_backwards_compatibility_with_hydrated_records" time="7.746" /><testcase classname="backend.tests.test_postcard_fallback_fix.TestFeedPostTypes" name="test_feed_pagination" time="3.236" /><testcase classname="backend.tests.test_postcard_fallback_fix.TestFeedPostTypes" name="test_feed_before_cursor_pagination" time="2.517" /></testsuite></testsuites>