<?xml version="1.0" encoding="utf-8"?><testsuites name="pytest tests"><testsuite name="pytest" errors="0" failures="0" skipped="0" tests="6" time="30.779" timestamp="2026-03-14T04:07:29.132908+00:00" hostname="agent-env-c961e87f-3de9-4654-82cb-12e667c5c320"><testcase classname="tests.test_pressing_polish.TestHealthAndAuth" name="test_health_check" time="1.449" /><testcase classname="tests.test_pressing_polish.TestHealthAndAuth" name="test_admin_login" time="0.643" /><testcase classname="tests.test_pressing_polish.TestFeedColorVariant" name="test_feed_returns_posts" time="9.263" /><testcase classname="tests.test_pressing_polish.TestFeedColorVariant" name="test_iso_posts_have_color_variant" time="9.209" /><testcase classname="tests.test_pressing_polish.TestFeedColorVariant" name="test_daily_prompt_posts_have_color_variant" time="9.247" /><testcase classname="tests.test_pressing_polish.TestISOBackfillComplete" name="test_iso_items_have_color_variant" time="0.907" /></testsuite></testsuites>