<?xml version="1.0" encoding="utf-8"?><testsuites name="pytest tests"><testsuite name="pytest" errors="0" failures="0" skipped="0" tests="21" time="9.122" timestamp="2026-03-09T23:42:14.563166+00:00" hostname="agent-env-6d1d3cf6-7358-4670-9111-08dfee025ca7"><testcase classname="backend.tests.test_privacy_follow_dm.TestPrivacySettings" name="test_update_is_private_setting" time="0.880" /><testcase classname="backend.tests.test_privacy_follow_dm.TestPrivacySettings" name="test_update_dm_setting_everyone" time="0.125" /><testcase classname="backend.tests.test_privacy_follow_dm.TestPrivacySettings" name="test_update_dm_setting_following" time="0.111" /><testcase classname="backend.tests.test_privacy_follow_dm.TestPrivacySettings" name="test_update_dm_setting_requests" time="0.120" /><testcase classname="backend.tests.test_privacy_follow_dm.TestPrivacySettings" name="test_get_user_profile_returns_privacy_fields" time="0.220" /><testcase classname="backend.tests.test_privacy_follow_dm.TestPrivacySettings" name="test_profile_returns_mutual_signals_when_locked" time="0.118" /><testcase classname="backend.tests.test_privacy_follow_dm.TestPrivacySettings" name="test_follow_private_user_creates_request" time="0.233" /><testcase classname="backend.tests.test_privacy_follow_dm.TestPrivacySettings" name="test_follow_check_shows_pending_request" time="0.123" /><testcase classname="backend.tests.test_privacy_follow_dm.TestPrivacySettings" name="test_get_follow_requests_shows_pending" time="0.125" /><testcase classname="backend.tests.test_privacy_follow_dm.TestPrivacySettings" name="test_profile_shows_follow_request_status_pending" time="0.122" /><testcase classname="backend.tests.test_privacy_follow_dm.TestPrivacySettings" name="test_accept_follow_request" time="0.357" /><testcase classname="backend.tests.test_privacy_follow_dm.TestPrivacySettings" name="test_unfollow_also_cleans_follow_requests" time="0.255" /><testcase classname="backend.tests.test_privacy_follow_dm.TestPrivacySettings" name="test_private_profile_records_returns_403" time="0.108" /><testcase classname="backend.tests.test_privacy_follow_dm.TestPrivacySettings" name="test_private_profile_spins_returns_403" time="0.126" /><testcase classname="backend.tests.test_privacy_follow_dm.TestPrivacySettings" name="test_private_profile_posts_returns_403" time="0.426" /><testcase classname="backend.tests.test_privacy_follow_dm.TestFollowRequestDecline" name="test_decline_follow_request" time="1.615" /><testcase classname="backend.tests.test_privacy_follow_dm.TestDMGating" name="test_dm_setting_following_blocks_non_follower" time="0.967" /><testcase classname="backend.tests.test_privacy_follow_dm.TestDMGating" name="test_dm_setting_requests_creates_pending_conversation" time="0.223" /><testcase classname="backend.tests.test_privacy_follow_dm.TestDMGating" name="test_accept_message_request" time="0.368" /><testcase classname="backend.tests.test_privacy_follow_dm.TestDMDecline" name="test_decline_message_request" time="1.283" /><testcase classname="backend.tests.test_privacy_follow_dm.TestPublicProfileFlow" name="test_follow_public_user_is_direct" time="1.154" /></testsuite></testsuites>