<?xml version="1.0" encoding="utf-8"?><testsuites name="pytest tests"><testsuite name="pytest" errors="0" failures="0" skipped="0" tests="15" time="4.794" timestamp="2026-03-05T05:08:31.550810+00:00" hostname="agent-env-2bc664b3-e43f-4c1e-beb5-f827e349d63c"><testcase classname="tests.test_honeygroove_api.TestAuthEndpoints" name="test_root_endpoint" time="0.127" /><testcase classname="tests.test_honeygroove_api.TestAuthEndpoints" name="test_login_success" time="0.351" /><testcase classname="tests.test_honeygroove_api.TestAuthEndpoints" name="test_login_invalid_credentials" time="0.106" /><testcase classname="tests.test_honeygroove_api.TestRecordsEndpoints" name="test_get_records" time="0.439" /><testcase classname="tests.test_honeygroove_api.TestRecordsEndpoints" name="test_get_user_records_public" time="0.103" /><testcase classname="tests.test_honeygroove_api.TestFeedEndpoints" name="test_get_feed" time="0.537" /><testcase classname="tests.test_honeygroove_api.TestFeedEndpoints" name="test_get_explore" time="0.146" /><testcase classname="tests.test_honeygroove_api.TestUserEndpoints" name="test_get_user_profile" time="0.116" /><testcase classname="tests.test_honeygroove_api.TestUserEndpoints" name="test_get_current_user" time="0.471" /><testcase classname="tests.test_honeygroove_api.TestSpinsEndpoints" name="test_get_spins" time="0.478" /><testcase classname="tests.test_honeygroove_api.TestInteractionsEndpoints" name="test_get_comments" time="0.580" /><testcase classname="tests.test_honeygroove_api.TestWeeklySummaryEndpoints" name="test_get_weekly_summary" time="0.448" /><testcase classname="tests.test_honeygroove_api.TestBuzzingEndpoints" name="test_get_buzzing" time="0.116" /><testcase classname="tests.test_honeygroove_api.TestStatsEndpoints" name="test_get_global_stats" time="0.139" /><testcase classname="tests.test_honeygroove_api.TestShareEndpoints" name="test_generate_weekly_share_graphic" time="0.582" /></testsuite></testsuites>