<?xml version="1.0" encoding="utf-8"?><testsuites name="pytest tests"><testsuite name="pytest" errors="0" failures="0" skipped="0" tests="9" time="1.754" timestamp="2026-03-11T22:49:28.314281+00:00" hostname="agent-env-1969033e-18df-4019-b943-a592b6d2ee8c"><testcase classname="backend.tests.test_block483_484_price_pills_relink.TestBlock483RecordValues" name="test_record_values_endpoint_exists" time="0.530" /><testcase classname="backend.tests.test_block483_484_price_pills_relink.TestBlock483RecordValues" name="test_record_values_returns_map" time="0.108" /><testcase classname="backend.tests.test_block483_484_price_pills_relink.TestBlock483RecordValues" name="test_record_values_for_user_with_records" time="0.119" /><testcase classname="backend.tests.test_block483_484_price_pills_relink.TestBlock484PriorityRelink" name="test_priority_relink_endpoint_exists" time="0.143" /><testcase classname="backend.tests.test_block483_484_price_pills_relink.TestBlock484PriorityRelink" name="test_priority_relink_returns_counts" time="0.126" /><testcase classname="backend.tests.test_block483_484_price_pills_relink.TestBlock484PriorityRelink" name="test_priority_relink_handles_no_records" time="0.130" /><testcase classname="backend.tests.test_block483_484_price_pills_relink.TestBlock484Integration" name="test_priority_relink_triggered_after_oauth" time="0.282" /><testcase classname="backend.tests.test_block483_484_price_pills_relink.TestBlock484Integration" name="test_collection_value_endpoint_still_works" time="0.138" /><testcase classname="backend.tests.test_block483_484_price_pills_relink.TestBlock483ZeroValueHandling" name="test_zero_values_not_in_map" time="0.119" /></testsuite></testsuites>