<?xml version="1.0" encoding="utf-8"?><testsuites name="pytest tests"><testsuite name="pytest" errors="0" failures="0" skipped="0" tests="7" time="11.878" timestamp="2026-03-17T15:59:44.284188+00:00" hostname="agent-env-923d62ad-f2e0-4a3a-8f66-b75bedb00f96"><testcase classname="backend.tests.test_block326_release_notes.TestReleaseNoteEndpoint" name="test_login_and_verify_admin" time="0.807" /><testcase classname="backend.tests.test_block326_release_notes.TestReleaseNoteEndpoint" name="test_get_feed_for_test_post" time="2.078" /><testcase classname="backend.tests.test_block326_release_notes.TestReleaseNoteEndpoint" name="test_promote_to_release_note" time="2.299" /><testcase classname="backend.tests.test_block326_release_notes.TestReleaseNoteEndpoint" name="test_release_note_filter" time="4.236" /><testcase classname="backend.tests.test_block326_release_notes.TestReleaseNoteEndpoint" name="test_verify_post_has_release_note_field" time="1.199" /><testcase classname="backend.tests.test_block326_release_notes.TestReleaseNoteEndpoint" name="test_non_admin_cannot_toggle_release_note" time="0.524" /><testcase classname="backend.tests.test_block326_release_notes.TestReleaseNoteCleanup" name="test_cleanup_release_notes" time="0.640" /></testsuite></testsuites>