<?xml version="1.0" encoding="utf-8"?><testsuites name="pytest tests"><testsuite name="pytest" errors="0" failures="0" skipped="0" tests="13" time="6.152" timestamp="2026-03-10T15:58:33.517997+00:00" hostname="agent-env-111eb5d6-3a99-4212-ab7b-4567a1ab3af1"><testcase classname="backend.tests.test_randomizer_feature.TestRandomizerFeature" name="test_random_record_requires_authentication" time="0.210" /><testcase classname="backend.tests.test_randomizer_feature.TestRandomizerFeature" name="test_random_record_returns_record" time="0.456" /><testcase classname="backend.tests.test_randomizer_feature.TestRandomizerFeature" name="test_random_record_excludes_wantlist" time="0.530" /><testcase classname="backend.tests.test_randomizer_feature.TestRandomizerFeature" name="test_random_record_excludes_dreamlist" time="0.531" /><testcase classname="backend.tests.test_randomizer_feature.TestRandomizerFeature" name="test_random_record_excludes_iso" time="0.492" /><testcase classname="backend.tests.test_randomizer_feature.TestRandomizerFeature" name="test_random_record_has_expected_fields" time="0.403" /><testcase classname="backend.tests.test_randomizer_feature.TestRandomizerFeature" name="test_now_spinning_post_with_record" time="0.513" /><testcase classname="backend.tests.test_randomizer_feature.TestRandomizerFeature" name="test_now_spinning_without_caption" time="0.622" /><testcase classname="backend.tests.test_randomizer_feature.TestRandomizerFeature" name="test_now_spinning_with_caption" time="0.522" /><testcase classname="backend.tests.test_randomizer_feature.TestRandomizerFeature" name="test_now_spinning_invalid_record_returns_404" time="0.408" /><testcase classname="backend.tests.test_randomizer_feature.TestRandomizerFeature" name="test_now_spinning_requires_authentication" time="0.300" /><testcase classname="backend.tests.test_randomizer_feature.TestRandomizerEdgeCases" name="test_multiple_random_calls_work" time="0.640" /><testcase classname="backend.tests.test_randomizer_feature.TestRandomizerEdgeCases" name="test_random_response_no_mongodb_id" time="0.451" /></testsuite></testsuites>