<?xml version="1.0" encoding="utf-8"?><testsuites name="pytest tests"><testsuite name="pytest" errors="0" failures="0" skipped="0" tests="15" time="1.989" timestamp="2026-03-05T21:30:47.865153+00:00" hostname="agent-env-d407b817-4ef3-4eef-8d8e-e32d5c5d5ea5"><testcase classname="backend.tests.test_record_detail.TestRecordDetailAPI" name="test_authentication_required" time="0.140" /><testcase classname="backend.tests.test_record_detail.TestRecordDetailAPI" name="test_nonexistent_record_returns_404" time="0.480" /><testcase classname="backend.tests.test_record_detail.TestRecordDetailAPI" name="test_record_detail_response_structure" time="0.211" /><testcase classname="backend.tests.test_record_detail.TestRecordDetailAPI" name="test_record_field_contents" time="0.077" /><testcase classname="backend.tests.test_record_detail.TestRecordDetailAPI" name="test_community_stats_structure" time="0.075" /><testcase classname="backend.tests.test_record_detail.TestRecordDetailAPI" name="test_owners_list_structure" time="0.058" /><testcase classname="backend.tests.test_record_detail.TestRecordDetailAPI" name="test_owner_info_populated" time="0.061" /><testcase classname="backend.tests.test_record_detail.TestRecordDetailAPI" name="test_related_posts_structure" time="0.063" /><testcase classname="backend.tests.test_record_detail.TestRecordDetailAPI" name="test_market_value_when_present" time="0.067" /><testcase classname="backend.tests.test_record_detail.TestRecordDetailSpecificRecord" name="test_known_record_detail" time="0.057" /><testcase classname="backend.tests.test_record_detail.TestSpinLogging" name="test_log_spin_for_owned_record" time="0.289" /><testcase classname="backend.tests.test_record_detail.TestSpinLogging" name="test_log_spin_creates_post" time="0.128" /><testcase classname="backend.tests.test_record_detail.TestRecordDetailEdgeCases" name="test_invalid_uuid_format" time="0.063" /><testcase classname="backend.tests.test_record_detail.TestRecordDetailEdgeCases" name="test_empty_record_id" time="0.061" /><testcase classname="backend.tests.test_record_detail.TestRecordDetailEdgeCases" name="test_sql_injection_attempt" time="0.081" /></testsuite></testsuites>