<?xml version="1.0" encoding="utf-8"?><testsuites name="pytest tests"><testsuite name="pytest" errors="0" failures="0" skipped="0" tests="9" time="40.502" timestamp="2026-03-09T14:06:39.137105+00:00" hostname="agent-env-dc20646c-35a3-4a42-b77e-4fe90787e1cc"><testcase classname="backend.tests.test_report_feedback_modal.TestReportReasons" name="test_get_bug_reasons" time="35.903" /><testcase classname="backend.tests.test_report_feedback_modal.TestReportReasons" name="test_get_feedback_reasons" time="0.158" /><testcase classname="backend.tests.test_report_feedback_modal.TestReportSubmission" name="test_submit_bug_report" time="0.458" /><testcase classname="backend.tests.test_report_feedback_modal.TestReportSubmission" name="test_submit_general_feedback" time="1.491" /><testcase classname="backend.tests.test_report_feedback_modal.TestAdminFeedbackEndpoint" name="test_get_all_feedback_entries" time="0.452" /><testcase classname="backend.tests.test_report_feedback_modal.TestAdminFeedbackEndpoint" name="test_filter_by_bug_mode" time="0.565" /><testcase classname="backend.tests.test_report_feedback_modal.TestAdminFeedbackEndpoint" name="test_filter_by_feedback_mode" time="0.469" /><testcase classname="backend.tests.test_report_feedback_modal.TestAdminFeedbackEndpoint" name="test_admin_required_for_feedback_endpoint" time="0.483" /><testcase classname="backend.tests.test_report_feedback_modal.TestEntryStructure" name="test_entry_contains_required_fields" time="0.457" /></testsuite></testsuites>