<?xml version="1.0" encoding="utf-8"?><testsuites name="pytest tests"><testsuite name="pytest" errors="0" failures="0" skipped="0" tests="24" time="1.728" timestamp="2026-03-10T16:28:39.212552+00:00" hostname="agent-env-111eb5d6-3a99-4212-ab7b-4567a1ab3af1"><testcase classname="backend.tests.test_sales_rating_flow.TestRateEndpointValidation" name="test_rate_nonexistent_order_returns_404" time="0.498" /><testcase classname="backend.tests.test_sales_rating_flow.TestRateEndpointValidation" name="test_rate_without_auth_returns_401" time="0.114" /><testcase classname="backend.tests.test_sales_rating_flow.TestRateEndpointValidation" name="test_rate_validates_stars_range_too_low" time="0.105" /><testcase classname="backend.tests.test_sales_rating_flow.TestRateEndpointValidation" name="test_rate_validates_stars_range_too_high" time="0.114" /><testcase classname="backend.tests.test_sales_rating_flow.TestRateEndpointValidation" name="test_rate_validates_stars_missing" time="0.108" /><testcase classname="backend.tests.test_sales_rating_flow.TestOrdersEnrichment" name="test_purchases_endpoint_accessible" time="0.142" /><testcase classname="backend.tests.test_sales_rating_flow.TestOrdersEnrichment" name="test_sales_endpoint_accessible" time="0.109" /><testcase classname="backend.tests.test_sales_rating_flow.TestOrdersEnrichment" name="test_purchases_response_contains_rating_fields" time="0.125" /><testcase classname="backend.tests.test_sales_rating_flow.TestOrdersEnrichment" name="test_sales_response_contains_rating_fields" time="0.112" /><testcase classname="backend.tests.test_sales_rating_flow.TestShippingDeliveredSetsRatingDeadline" name="test_shipping_endpoint_requires_auth" time="0.108" /><testcase classname="backend.tests.test_sales_rating_flow.TestShippingDeliveredSetsRatingDeadline" name="test_shipping_nonexistent_order_returns_404" time="0.109" /><testcase classname="backend.tests.test_sales_rating_flow.TestBackendCodeReview" name="test_rate_endpoint_exists_in_honeypot_routes" time="0.001" /><testcase classname="backend.tests.test_sales_rating_flow.TestBackendCodeReview" name="test_rate_validates_stars_in_code" time="0.000" /><testcase classname="backend.tests.test_sales_rating_flow.TestBackendCodeReview" name="test_rating_deadline_set_on_delivered" time="0.000" /><testcase classname="backend.tests.test_sales_rating_flow.TestBackendCodeReview" name="test_auto_complete_logic_in_enrich" time="0.000" /><testcase classname="backend.tests.test_sales_rating_flow.TestBackendCodeReview" name="test_buyer_seller_rating_fields_in_enrich" time="0.000" /><testcase classname="backend.tests.test_sales_rating_flow.TestFrontendCodeReview" name="test_rating_section_component_exists" time="0.000" /><testcase classname="backend.tests.test_sales_rating_flow.TestFrontendCodeReview" name="test_star_rating_input_testid" time="0.000" /><testcase classname="backend.tests.test_sales_rating_flow.TestFrontendCodeReview" name="test_submit_rating_btn_testid" time="0.000" /><testcase classname="backend.tests.test_sales_rating_flow.TestFrontendCodeReview" name="test_order_completed_badge_testid" time="0.000" /><testcase classname="backend.tests.test_sales_rating_flow.TestFrontendCodeReview" name="test_rating_expired_testid" time="0.000" /><testcase classname="backend.tests.test_sales_rating_flow.TestFrontendCodeReview" name="test_format_rating_countdown_helper" time="0.000" /><testcase classname="backend.tests.test_sales_rating_flow.TestFrontendCodeReview" name="test_rating_form_testid" time="0.000" /><testcase classname="backend.tests.test_sales_rating_flow.TestFrontendCodeReview" name="test_my_rating_display_testid" time="0.000" /></testsuite></testsuites>