<?xml version="1.0" encoding="utf-8"?><testsuites name="pytest tests"><testsuite name="pytest" errors="0" failures="0" skipped="0" tests="17" time="5.621" timestamp="2026-03-10T17:30:46.948263+00:00" hostname="agent-env-6bc21d44-409d-44ad-9230-1f728ba9303c"><testcase classname="backend.tests.test_sale_dispute_system.TestSaleDisputeBackend" name="test_open_sale_dispute_requires_auth" time="0.215" /><testcase classname="backend.tests.test_sale_dispute_system.TestSaleDisputeBackend" name="test_open_sale_dispute_order_not_found" time="0.429" /><testcase classname="backend.tests.test_sale_dispute_system.TestSaleDisputeBackend" name="test_open_sale_dispute_invalid_reason" time="0.430" /><testcase classname="backend.tests.test_sale_dispute_system.TestSaleDisputeBackend" name="test_open_sale_dispute_requires_photos" time="0.429" /><testcase classname="backend.tests.test_sale_dispute_system.TestSaleDisputeBackend" name="test_respond_sale_dispute_requires_auth" time="0.112" /><testcase classname="backend.tests.test_sale_dispute_system.TestSaleDisputeBackend" name="test_respond_sale_dispute_order_not_found" time="0.418" /><testcase classname="backend.tests.test_sale_dispute_system.TestSaleDisputeBackend" name="test_admin_sale_disputes_requires_admin" time="0.403" /><testcase classname="backend.tests.test_sale_dispute_system.TestSaleDisputeBackend" name="test_admin_sale_disputes_all_requires_admin" time="0.389" /><testcase classname="backend.tests.test_sale_dispute_system.TestSaleDisputeBackend" name="test_admin_resolve_sale_dispute_requires_admin" time="0.406" /><testcase classname="backend.tests.test_sale_dispute_system.TestTradeDisputeStructuredReasons" name="test_trade_dispute_requires_auth" time="0.100" /><testcase classname="backend.tests.test_sale_dispute_system.TestTradeDisputeStructuredReasons" name="test_trade_dispute_trade_not_found" time="0.479" /><testcase classname="backend.tests.test_sale_dispute_system.TestTradeDisputeStructuredReasons" name="test_valid_dispute_reasons_list" time="0.000" /><testcase classname="backend.tests.test_sale_dispute_system.TestOrdersEndpoints" name="test_get_purchases_endpoint" time="0.383" /><testcase classname="backend.tests.test_sale_dispute_system.TestOrdersEndpoints" name="test_get_sales_endpoint" time="0.413" /><testcase classname="backend.tests.test_sale_dispute_system.TestTradesEndpoints" name="test_get_trades_endpoint" time="0.381" /><testcase classname="backend.tests.test_sale_dispute_system.TestTradesEndpoints" name="test_get_admin_hold_disputes" time="0.438" /><testcase classname="backend.tests.test_sale_dispute_system.TestHealthCheck" name="test_api_health" time="0.110" /></testsuite></testsuites>