<?xml version="1.0" encoding="utf-8"?><testsuites name="pytest tests"><testsuite name="pytest" errors="0" failures="0" skipped="0" tests="12" time="2.496" timestamp="2026-03-07T05:08:49.458720+00:00" hostname="agent-env-f269cf0e-e9e5-4e49-b539-de5fd3db3c6f"><testcase classname="backend.tests.test_search_variant_debounce.TestDiscogsSearchVariants" name="test_discogs_search_returns_variant_fields" time="0.412" /><testcase classname="backend.tests.test_search_variant_debounce.TestDiscogsSearchVariants" name="test_discogs_search_format_is_string" time="0.341" /><testcase classname="backend.tests.test_search_variant_debounce.TestDiscogsSearchVariants" name="test_discogs_search_genre_field" time="0.334" /><testcase classname="backend.tests.test_search_variant_debounce.TestDiscogsSearchVariants" name="test_discogs_search_min_query_length" time="0.111" /><testcase classname="backend.tests.test_search_variant_debounce.TestDiscogsSearchVariants" name="test_discogs_search_requires_auth" time="0.168" /><testcase classname="backend.tests.test_search_variant_debounce.TestUnifiedSearchVariants" name="test_unified_search_returns_grouped_results" time="0.133" /><testcase classname="backend.tests.test_search_variant_debounce.TestUnifiedSearchVariants" name="test_unified_search_records_have_variant_fields" time="0.106" /><testcase classname="backend.tests.test_search_variant_debounce.TestUnifiedSearchVariants" name="test_unified_search_hidden_users_excluded" time="0.109" /><testcase classname="backend.tests.test_search_variant_debounce.TestUnifiedSearchVariants" name="test_unified_search_min_query_length" time="0.102" /><testcase classname="backend.tests.test_search_variant_debounce.TestSearchDiscogsEndpoint" name="test_search_discogs_returns_variant_data" time="0.339" /><testcase classname="backend.tests.test_search_variant_debounce.TestSearchDiscogsEndpoint" name="test_search_discogs_requires_auth" time="0.141" /><testcase classname="backend.tests.test_search_variant_debounce.TestSearchPerformance" name="test_unified_search_response_time" time="0.107" /></testsuite></testsuites>