<?xml version="1.0" encoding="utf-8"?><testsuites name="pytest tests"><testsuite name="pytest" errors="0" failures="0" skipped="0" tests="7" time="38.735" timestamp="2026-03-16T15:59:44.249454+00:00" hostname="agent-env-d2c8d7e9-492e-45b5-8101-1fa0e4adf3e1"><testcase classname="backend.tests.test_search_and_logic.TestSearchANDLogic" name="test_me_taylor_swift_returns_me_album_variants" time="14.034" /><testcase classname="backend.tests.test_search_and_logic.TestSearchANDLogic" name="test_taylor_swift_broad_query_still_works" time="15.765" /><testcase classname="backend.tests.test_search_and_logic.TestSearchANDLogic" name="test_radiohead_ok_computer_returns_ok_computer_only" time="2.496" /><testcase classname="backend.tests.test_search_and_logic.TestDiscogsStructuredSearch" name="test_me_taylor_swift_discogs_search" time="3.397" /><testcase classname="backend.tests.test_search_and_logic.TestDiscogsStructuredSearch" name="test_taylor_swift_broad_discogs_search" time="0.981" /><testcase classname="backend.tests.test_search_and_logic.TestSearchRecordsPaginated" name="test_search_records_with_and_logic" time="0.824" /><testcase classname="backend.tests.test_search_and_logic.TestUnifiedSearch" name="test_unified_search_with_and_logic" time="1.144" /></testsuite></testsuites>