<?xml version="1.0" encoding="utf-8"?><testsuites name="pytest tests"><testsuite name="pytest" errors="0" failures="0" skipped="0" tests="16" time="2.020" timestamp="2026-03-10T07:04:19.208447+00:00" hostname="agent-env-8d33ef68-b2a0-4669-bfc0-8ac8e8ee9896"><testcase classname="backend.tests.test_search_collector_optimization.TestCollectorSynonymExpansion" name="test_rsd_synonym_expansion" time="0.129" /><testcase classname="backend.tests.test_search_collector_optimization.TestCollectorSynonymExpansion" name="test_picture_disc_synonym" time="0.115" /><testcase classname="backend.tests.test_search_collector_optimization.TestCollectorSynonymExpansion" name="test_limited_synonym_expansion" time="0.106" /><testcase classname="backend.tests.test_search_collector_optimization.TestTaylorSwiftSearch" name="test_taylor_swift_basic_search" time="0.116" /><testcase classname="backend.tests.test_search_collector_optimization.TestTaylorSwiftSearch" name="test_taylor_swift_rsd_prioritization" time="0.112" /><testcase classname="backend.tests.test_search_collector_optimization.TestTaylorSwiftSearch" name="test_taylor_rsd_partial_match" time="0.116" /><testcase classname="backend.tests.test_search_collector_optimization.TestTaylorSwiftSearch" name="test_swift_2018_year_match" time="0.117" /><testcase classname="backend.tests.test_search_collector_optimization.TestLimitedExclusiveSearch" name="test_limited_exclusive_combo_search" time="0.114" /><testcase classname="backend.tests.test_search_collector_optimization.TestVariantResponseStructure" name="test_variant_includes_all_fields" time="0.107" /><testcase classname="backend.tests.test_search_collector_optimization.TestVariantResponseStructure" name="test_tags_is_array" time="0.113" /><testcase classname="backend.tests.test_search_collector_optimization.TestAlbumsAndArtistsInResults" name="test_albums_section_present" time="0.113" /><testcase classname="backend.tests.test_search_collector_optimization.TestAlbumsAndArtistsInResults" name="test_artists_section_present" time="0.124" /><testcase classname="backend.tests.test_search_collector_optimization.TestDiscoverySections" name="test_discover_all_sections" time="0.113" /><testcase classname="backend.tests.test_search_collector_optimization.TestCollectorScoring" name="test_rsd_score_higher_than_non_rsd" time="0.130" /><testcase classname="backend.tests.test_search_collector_optimization.TestCollectorScoring" name="test_year_matching_bonus" time="0.221" /><testcase classname="backend.tests.test_search_collector_optimization.TestDatabaseCoverage" name="test_search_returns_results_from_both_collections" time="0.114" /></testsuite></testsuites>