<?xml version="1.0" encoding="utf-8"?><testsuites name="pytest tests"><testsuite name="pytest" errors="0" failures="0" skipped="0" tests="8" time="17.467" timestamp="2026-03-16T00:18:01.476307+00:00" hostname="agent-env-fee7e3c9-7405-42b2-92c7-81d7a18b5408"><testcase classname="tests.test_smart_match_rarity.TestSmartMatchAndRarity" name="test_smart_match_real_artist_title_auto_links_discogs" time="7.834" /><testcase classname="tests.test_smart_match_rarity.TestSmartMatchAndRarity" name="test_smart_match_fake_artist_title_no_match" time="1.434" /><testcase classname="tests.test_smart_match_rarity.TestSmartMatchAndRarity" name="test_smart_match_confidence_check_artist_must_match" time="1.530" /><testcase classname="tests.test_smart_match_rarity.TestSmartMatchAndRarity" name="test_record_with_discogs_id_gets_proper_rarity" time="2.415" /><testcase classname="tests.test_smart_match_rarity.TestSmartMatchAndRarity" name="test_record_without_discogs_id_gets_unknown_rarity" time="1.449" /><testcase classname="tests.test_smart_match_rarity.TestSmartMatchAndRarity" name="test_enrich_rarity_sets_unknown_for_no_discogs" time="1.809" /><testcase classname="tests.test_smart_match_rarity.TestRarityCalculation" name="test_rarity_thresholds" time="0.001" /><testcase classname="tests.test_smart_match_rarity.TestCollectionSorting" name="test_get_records_returns_rarity_label" time="0.902" /></testsuite></testsuites>