<?xml version="1.0" encoding="utf-8"?><testsuites name="pytest tests"><testsuite name="pytest" errors="0" failures="0" skipped="0" tests="6" time="3.649" timestamp="2026-03-08T15:58:29.641401+00:00" hostname="agent-env-12eca9e8-dc19-4db6-82f0-50a2567e6eb1"><testcase classname="backend.tests.test_social_usernames.TestSocialUsernames" name="test_get_me_returns_social_fields" time="0.530" /><testcase classname="backend.tests.test_social_usernames.TestSocialUsernames" name="test_update_instagram_username" time="0.556" /><testcase classname="backend.tests.test_social_usernames.TestSocialUsernames" name="test_update_tiktok_username" time="0.661" /><testcase classname="backend.tests.test_social_usernames.TestSocialUsernames" name="test_update_both_social_usernames" time="0.568" /><testcase classname="backend.tests.test_social_usernames.TestSocialUsernames" name="test_clear_social_usernames" time="0.576" /><testcase classname="backend.tests.test_social_usernames.TestSocialUsernames" name="test_profile_endpoint_shows_social_usernames" time="0.701" /></testsuite></testsuites>