<?xml version="1.0" encoding="utf-8"?><testsuites name="pytest tests"><testsuite name="pytest" errors="0" failures="1" skipped="3" tests="9" time="1.490" timestamp="2026-03-11T00:06:38.386594+00:00" hostname="agent-env-7edab766-74c6-46d1-8a60-64a6857c5926"><testcase classname="backend.tests.test_spin_history_delete.TestSpinHistoryAndDelete" name="test_get_user_spins_returns_spins" time="0.595" /><testcase classname="backend.tests.test_spin_history_delete.TestSpinHistoryAndDelete" name="test_create_now_spinning_post" time="0.108"><skipped type="pytest.skip" message="No records in collection to spin">/app/backend/tests/test_spin_history_delete.py:77: No records in collection to spin</skipped></testcase><testcase classname="backend.tests.test_spin_history_delete.TestSpinHistoryAndDelete" name="test_delete_spin_removes_linked_post" time="0.114"><skipped type="pytest.skip" message="No records in collection to spin">/app/backend/tests/test_spin_history_delete.py:107: No records in collection to spin</skipped></testcase><testcase classname="backend.tests.test_spin_history_delete.TestSpinHistoryAndDelete" name="test_delete_post_removes_linked_spin" time="0.105"><skipped type="pytest.skip" message="No records in collection to spin">/app/backend/tests/test_spin_history_delete.py:169: No records in collection to spin</skipped></testcase><testcase classname="backend.tests.test_spin_history_delete.TestSpinHistoryAndDelete" name="test_delete_spin_not_found" time="0.129"><failure message="AssertionError: Expected 404, got 401&#10;assert 401 == 404&#10; +  where 401 = &lt;Response [401]&gt;.status_code">backend/tests/test_spin_history_delete.py:225: in test_delete_spin_not_found
    assert response.status_code == 404, f"Expected 404, got {response.status_code}"
E   AssertionError: Expected 404, got 401
E   assert 401 == 404
E    +  where 401 = &lt;Response [401]&gt;.status_code</failure></testcase><testcase classname="backend.tests.test_spin_history_delete.TestSpinHistoryAndDelete" name="test_delete_spin_forbidden_for_other_user" time="0.000" /><testcase classname="backend.tests.test_spin_history_delete.TestSpinHistoryAndDelete" name="test_cleanup_test_spins" time="0.119" /><testcase classname="backend.tests.test_spin_history_delete.TestDeleteEndpointAuth" name="test_delete_spin_requires_auth" time="0.111" /><testcase classname="backend.tests.test_spin_history_delete.TestDeleteEndpointAuth" name="test_delete_post_requires_auth" time="0.129" /></testsuite></testsuites>