<?xml version="1.0" encoding="utf-8"?><testsuites name="pytest tests"><testsuite name="pytest" errors="0" failures="0" skipped="0" tests="10" time="1.812" timestamp="2026-03-07T05:26:18.371036+00:00" hostname="agent-env-f269cf0e-e9e5-4e49-b539-de5fd3db3c6f"><testcase classname="tests.test_spin_record_search.TestDiscogsSearch" name="test_discogs_search_requires_auth" time="0.222" /><testcase classname="tests.test_spin_record_search.TestDiscogsSearch" name="test_discogs_search_min_query_length" time="0.113" /><testcase classname="tests.test_spin_record_search.TestDiscogsSearch" name="test_discogs_search_returns_variant_fields" time="0.316" /><testcase classname="tests.test_spin_record_search.TestDiscogsSearch" name="test_discogs_search_format_is_string" time="0.259" /><testcase classname="tests.test_spin_record_search.TestUnifiedSearch" name="test_unified_search_requires_auth" time="0.103" /><testcase classname="tests.test_spin_record_search.TestUnifiedSearch" name="test_unified_search_min_query_length" time="0.147" /><testcase classname="tests.test_spin_record_search.TestUnifiedSearch" name="test_unified_search_returns_grouped_results" time="0.116" /><testcase classname="tests.test_spin_record_search.TestUnifiedSearch" name="test_unified_search_records_have_variant_fields" time="0.119" /><testcase classname="tests.test_spin_record_search.TestSearchDiscogs" name="test_search_discogs_requires_auth" time="0.104" /><testcase classname="tests.test_spin_record_search.TestSearchDiscogs" name="test_search_discogs_returns_results" time="0.247" /></testsuite></testsuites>