<?xml version="1.0" encoding="utf-8"?><testsuites name="pytest tests"><testsuite name="pytest" errors="0" failures="0" skipped="0" tests="14" time="2.406" timestamp="2026-03-05T21:47:52.014213+00:00" hostname="agent-env-d407b817-4ef3-4eef-8d8e-e32d5c5d5ea5"><testcase classname="backend.tests.test_streak_sweetener.TestStreakEndpoint" name="test_streak_endpoint_returns_200_for_valid_user" time="0.509" /><testcase classname="backend.tests.test_streak_sweetener.TestStreakEndpoint" name="test_streak_endpoint_returns_streak_fields" time="0.126" /><testcase classname="backend.tests.test_streak_sweetener.TestStreakEndpoint" name="test_streak_is_integer" time="0.124" /><testcase classname="backend.tests.test_streak_sweetener.TestStreakEndpoint" name="test_streak_endpoint_404_for_nonexistent_user" time="0.105" /><testcase classname="backend.tests.test_streak_sweetener.TestStreakEndpoint" name="test_streak_endpoint_no_auth_required" time="0.112" /><testcase classname="backend.tests.test_streak_sweetener.TestSweetenerPayment" name="test_pay_sweetener_404_for_invalid_trade" time="0.112" /><testcase classname="backend.tests.test_streak_sweetener.TestSweetenerPayment" name="test_pay_sweetener_endpoint_exists" time="0.133" /><testcase classname="backend.tests.test_streak_sweetener.TestWaxReportStreak" name="test_wax_report_generate_includes_streak" time="0.119" /><testcase classname="backend.tests.test_streak_sweetener.TestWaxReportStreak" name="test_wax_report_latest_includes_streak" time="0.255" /><testcase classname="backend.tests.test_streak_sweetener.TestTradesEndpoint" name="test_trades_list_returns_200" time="0.176" /><testcase classname="backend.tests.test_streak_sweetener.TestTradesEndpoint" name="test_trade_structure_includes_boot_fields" time="0.169" /><testcase classname="backend.tests.test_streak_sweetener.TestTodayPromptStreak" name="test_todays_prompt_includes_streak" time="0.157" /><testcase classname="backend.tests.test_streak_sweetener.TestProfileStreak" name="test_user_profile_accessible" time="0.125" /><testcase classname="backend.tests.test_streak_sweetener.TestClosingLineStreak" name="test_closing_line_exists" time="0.121" /></testsuite></testsuites>