<?xml version="1.0" encoding="utf-8"?><testsuites name="pytest tests"><testsuite name="pytest" errors="0" failures="0" skipped="0" tests="6" time="5.240" timestamp="2026-03-07T17:04:05.904775+00:00" hostname="agent-env-5c2d4fed-99e0-4743-83c3-3cff3aa1a889"><testcase classname="backend.tests.test_stripe_settings.TestStripeEndpoints" name="test_stripe_status_requires_auth" time="0.241" /><testcase classname="backend.tests.test_stripe_settings.TestStripeEndpoints" name="test_stripe_connect_requires_auth" time="0.113" /><testcase classname="backend.tests.test_stripe_settings.TestStripeEndpoints" name="test_stripe_status_returns_correct_structure" time="0.417" /><testcase classname="backend.tests.test_stripe_settings.TestStripeEndpoints" name="test_stripe_status_for_new_user" time="0.428" /><testcase classname="backend.tests.test_stripe_settings.TestStripeEndpoints" name="test_stripe_connect_returns_url_structure" time="3.837" /><testcase classname="backend.tests.test_stripe_settings.TestPlatformFee" name="test_platform_fee_public_endpoint" time="0.145" /></testsuite></testsuites>