<?xml version="1.0" encoding="utf-8"?><testsuites name="pytest tests"><testsuite name="pytest" errors="0" failures="0" skipped="1" tests="9" time="2.248" timestamp="2026-03-09T21:39:08.634585+00:00" hostname="agent-env-a8524c17-662d-44e9-8f32-d99368acf505"><testcase classname="backend.tests.test_taste_match_profile.TestTasteMatchEndpoint" name="test_taste_match_requires_auth" time="0.222" /><testcase classname="backend.tests.test_taste_match_profile.TestTasteMatchEndpoint" name="test_taste_match_self_returns_100" time="0.662" /><testcase classname="backend.tests.test_taste_match_profile.TestTasteMatchEndpoint" name="test_taste_match_nonexistent_user_404" time="0.108" /><testcase classname="backend.tests.test_taste_match_profile.TestTasteMatchEndpoint" name="test_taste_match_response_structure" time="0.107"><skipped type="pytest.skip" message="No other users found to test taste match against">/app/backend/tests/test_taste_match_profile.py:73: No other users found to test taste match against</skipped></testcase><testcase classname="backend.tests.test_taste_match_profile.TestTasteMatchEndpoint" name="test_taste_match_founder_user" time="0.123" /><testcase classname="backend.tests.test_taste_match_profile.TestUserProfileEndpoints" name="test_user_profile_loads" time="0.607" /><testcase classname="backend.tests.test_taste_match_profile.TestUserProfileEndpoints" name="test_user_records_endpoint" time="0.120" /><testcase classname="backend.tests.test_taste_match_profile.TestUserProfileEndpoints" name="test_user_iso_endpoint" time="0.125" /><testcase classname="backend.tests.test_taste_match_profile.TestUserProfileEndpoints" name="test_valuation_endpoint" time="0.109" /></testsuite></testsuites>