<?xml version="1.0" encoding="utf-8"?><testsuites name="pytest tests"><testsuite name="pytest" errors="0" failures="0" skipped="0" tests="22" time="5.549" timestamp="2026-03-05T09:52:24.357646+00:00" hostname="agent-env-be988d59-df03-40f1-bb74-c6d8743383e0"><testcase classname="backend.tests.test_valuation.TestValuationAuth" name="test_collection_value_requires_auth" time="0.205" /><testcase classname="backend.tests.test_valuation.TestValuationAuth" name="test_hidden_gems_requires_auth" time="0.130" /><testcase classname="backend.tests.test_valuation.TestValuationAuth" name="test_taste_report_requires_auth" time="0.105" /><testcase classname="backend.tests.test_valuation.TestValuationAuth" name="test_taste_report_image_requires_auth" time="0.102" /><testcase classname="backend.tests.test_valuation.TestValuationAuth" name="test_record_values_requires_auth" time="0.130" /><testcase classname="backend.tests.test_valuation.TestValuationAuth" name="test_pricing_assist_requires_auth" time="0.106" /><testcase classname="backend.tests.test_valuation.TestValuationAuth" name="test_price_alert_requires_auth" time="0.116" /><testcase classname="backend.tests.test_valuation.TestValuationAuth" name="test_refresh_requires_auth" time="0.126" /><testcase classname="backend.tests.test_valuation.TestValuationPublicEndpoints" name="test_collection_value_by_username" time="0.121" /><testcase classname="backend.tests.test_valuation.TestValuationPublicEndpoints" name="test_collection_value_nonexistent_user" time="0.135" /><testcase classname="backend.tests.test_valuation.TestValuationPublicEndpoints" name="test_hidden_gems_by_username" time="0.133" /><testcase classname="backend.tests.test_valuation.TestValuationPublicEndpoints" name="test_hidden_gems_nonexistent_user" time="0.123" /><testcase classname="backend.tests.test_valuation.TestValuationAuthenticated" name="test_collection_value_authenticated" time="0.435" /><testcase classname="backend.tests.test_valuation.TestValuationAuthenticated" name="test_hidden_gems_authenticated" time="0.106" /><testcase classname="backend.tests.test_valuation.TestValuationAuthenticated" name="test_taste_report_authenticated" time="0.141" /><testcase classname="backend.tests.test_valuation.TestValuationAuthenticated" name="test_taste_report_image_returns_png" time="0.939" /><testcase classname="backend.tests.test_valuation.TestValuationAuthenticated" name="test_taste_report_image_dimensions" time="0.880" /><testcase classname="backend.tests.test_valuation.TestValuationAuthenticated" name="test_record_values_authenticated" time="0.114" /><testcase classname="backend.tests.test_valuation.TestValuationAuthenticated" name="test_pricing_assist_cached_release" time="0.110" /><testcase classname="backend.tests.test_valuation.TestValuationAuthenticated" name="test_refresh_triggers_background_task" time="0.115" /><testcase classname="backend.tests.test_valuation.TestWantlistPriceAlerts" name="test_set_price_alert_requires_valid_iso" time="0.748" /><testcase classname="backend.tests.test_valuation.TestWantlistPriceAlerts" name="test_set_price_alert_on_valid_iso" time="0.345" /></testsuite></testsuites>