<?xml version="1.0" encoding="utf-8"?><testsuites name="pytest tests"><testsuite name="pytest" errors="0" failures="0" skipped="0" tests="5" time="5.920" timestamp="2026-03-14T18:34:18.929838+00:00" hostname="agent-env-a5ea89eb-59b0-459a-9a02-f4494c57870e"><testcase classname="backend.tests.test_threaded_comments.TestBackendCommentAPIs" name="test_create_top_level_comment" time="4.547" /><testcase classname="backend.tests.test_threaded_comments.TestBackendCommentAPIs" name="test_create_reply_to_top_level" time="0.247" /><testcase classname="backend.tests.test_threaded_comments.TestBackendCommentAPIs" name="test_get_comments_tree_structure" time="0.345" /><testcase classname="backend.tests.test_threaded_comments.TestBackendCommentAPIs" name="test_reply_has_correct_structure" time="0.361" /><testcase classname="backend.tests.test_threaded_comments.TestCleanup" name="test_cleanup_test_comments" time="0.355" /></testsuite></testsuites>