<?xml version="1.0" encoding="utf-8"?><testsuites name="pytest tests"><testsuite name="pytest" errors="0" failures="0" skipped="0" tests="16" time="2.116" timestamp="2026-03-10T16:19:30.346733+00:00" hostname="agent-env-111eb5d6-3a99-4212-ab7b-4567a1ab3af1"><testcase classname="backend.tests.test_trade_deadline_enforcement.TestTradeStatusAndModels" name="test_expired_status_in_filter" time="0.481" /><testcase classname="backend.tests.test_trade_deadline_enforcement.TestTradeStatusAndModels" name="test_trades_endpoint_returns_valid_statuses" time="0.135" /><testcase classname="backend.tests.test_trade_deadline_enforcement.TestShipEndpointValidation" name="test_ship_endpoint_requires_auth" time="0.169" /><testcase classname="backend.tests.test_trade_deadline_enforcement.TestShipEndpointValidation" name="test_ship_rejects_short_tracking_number" time="0.155" /><testcase classname="backend.tests.test_trade_deadline_enforcement.TestShipEndpointValidation" name="test_ship_rejects_empty_carrier" time="0.127" /><testcase classname="backend.tests.test_trade_deadline_enforcement.TestShipEndpointValidation" name="test_ship_rejects_missing_carrier" time="0.117" /><testcase classname="backend.tests.test_trade_deadline_enforcement.TestTradeResponseStructure" name="test_trade_list_returns_expected_fields" time="0.201" /><testcase classname="backend.tests.test_trade_deadline_enforcement.TestShipValidationWithRealTrade" name="test_get_shipping_trade_if_exists" time="0.170" /><testcase classname="backend.tests.test_trade_deadline_enforcement.TestHoldAndDeadlinePaths" name="test_hold_pending_trades" time="0.114" /><testcase classname="backend.tests.test_trade_deadline_enforcement.TestHoldAndDeadlinePaths" name="test_confirming_trades_have_deadline" time="0.136" /><testcase classname="backend.tests.test_trade_deadline_enforcement.TestTradeCanInitiate" name="test_can_initiate_trade_endpoint" time="0.104" /><testcase classname="backend.tests.test_trade_deadline_enforcement.TestDisputeFreezesHolds" name="test_disputed_trades_filter" time="0.135" /><testcase classname="backend.tests.test_trade_deadline_enforcement.TestCodeReviewValidation" name="test_expired_in_trade_statuses" time="0.000" /><testcase classname="backend.tests.test_trade_deadline_enforcement.TestCodeReviewValidation" name="test_auto_expire_shipping_function_exists" time="0.000" /><testcase classname="backend.tests.test_trade_deadline_enforcement.TestCodeReviewValidation" name="test_tracking_validation_in_ship_endpoint" time="0.000" /><testcase classname="backend.tests.test_trade_deadline_enforcement.TestCodeReviewValidation" name="test_check_trade_deadlines_function_exists" time="0.000" /></testsuite></testsuites>