<?xml version="1.0" encoding="utf-8"?><testsuites name="pytest tests"><testsuite name="pytest" errors="0" failures="0" skipped="0" tests="20" time="9.542" timestamp="2026-03-05T07:21:03.747031+00:00" hostname="agent-env-bcb09e23-2bd0-4414-b34a-4226c1c92a95"><testcase classname="backend.tests.test_trade_phase23.TestPhase2ShippingFlow" name="test_accept_trade_sets_shipping_status" time="1.295" /><testcase classname="backend.tests.test_trade_phase23.TestPhase2ShippingFlow" name="test_ship_first_party_stays_shipping" time="0.103" /><testcase classname="backend.tests.test_trade_phase23.TestPhase2ShippingFlow" name="test_cannot_ship_twice" time="0.116" /><testcase classname="backend.tests.test_trade_phase23.TestPhase2ShippingFlow" name="test_both_ship_moves_to_confirming" time="0.101" /><testcase classname="backend.tests.test_trade_phase23.TestPhase2ShippingFlow" name="test_first_confirm_keeps_confirming" time="0.113" /><testcase classname="backend.tests.test_trade_phase23.TestPhase2ShippingFlow" name="test_both_confirm_completes_trade" time="0.106" /><testcase classname="backend.tests.test_trade_phase23.TestPhase2CancelShipping" name="test_cannot_cancel_before_deadline" time="0.627" /><testcase classname="backend.tests.test_trade_phase23.TestPhase2CancelShipping" name="test_cannot_cancel_if_not_shipped" time="4.676" /><testcase classname="backend.tests.test_trade_phase23.TestPhase3Disputes" name="test_open_dispute_on_confirming_trade" time="0.733" /><testcase classname="backend.tests.test_trade_phase23.TestPhase3Disputes" name="test_cannot_respond_to_own_dispute" time="0.105" /><testcase classname="backend.tests.test_trade_phase23.TestPhase3Disputes" name="test_other_party_can_respond" time="0.110" /><testcase classname="backend.tests.test_trade_phase23.TestPhase3Ratings" name="test_rate_completed_trade" time="0.275" /><testcase classname="backend.tests.test_trade_phase23.TestPhase3Ratings" name="test_cannot_rate_twice" time="0.106" /><testcase classname="backend.tests.test_trade_phase23.TestPhase3Ratings" name="test_cannot_rate_non_completed_trade" time="0.293" /><testcase classname="backend.tests.test_trade_phase23.TestPhase3Ratings" name="test_get_user_ratings" time="0.104" /><testcase classname="backend.tests.test_trade_phase23.TestCanInitiate" name="test_can_initiate_returns_blocking_trades" time="0.100" /><testcase classname="backend.tests.test_trade_phase23.TestAdminDisputes" name="test_admin_disputes_requires_admin" time="0.098" /><testcase classname="backend.tests.test_trade_phase23.TestAdminDisputes" name="test_admin_can_view_disputes" time="0.104" /><testcase classname="backend.tests.test_trade_phase23.TestAdminDisputes" name="test_admin_can_view_all_disputes" time="0.105" /><testcase classname="backend.tests.test_trade_phase23.TestAdminResolve" name="test_admin_resolve_disputed_trade" time="0.212" /></testsuite></testsuites>