<?xml version="1.0" encoding="utf-8"?><testsuites name="pytest tests"><testsuite name="pytest" errors="0" failures="0" skipped="0" tests="17" time="8.358" timestamp="2026-03-05T07:00:39.505756+00:00" hostname="agent-env-bcb09e23-2bd0-4414-b34a-4226c1c92a95"><testcase classname="backend.tests.test_trades.TestTradeSystem" name="test_01_propose_trade_requires_listing_id" time="1.262" /><testcase classname="backend.tests.test_trades.TestTradeSystem" name="test_02_propose_trade_requires_offered_record" time="0.111" /><testcase classname="backend.tests.test_trades.TestTradeSystem" name="test_03_cannot_trade_with_yourself" time="0.115" /><testcase classname="backend.tests.test_trades.TestTradeSystem" name="test_04_cannot_trade_on_non_trade_listing" time="0.217" /><testcase classname="backend.tests.test_trades.TestTradeSystem" name="test_05_propose_trade_success" time="0.297" /><testcase classname="backend.tests.test_trades.TestTradeSystem" name="test_06_cannot_have_duplicate_pending_trade" time="0.235" /><testcase classname="backend.tests.test_trades.TestTradeSystem" name="test_07_get_my_trades" time="0.302" /><testcase classname="backend.tests.test_trades.TestTradeSystem" name="test_08_get_trade_detail" time="0.113" /><testcase classname="backend.tests.test_trades.TestTradeSystem" name="test_09_counter_trade" time="0.113" /><testcase classname="backend.tests.test_trades.TestTradeSystem" name="test_10_counter_with_different_record" time="0.548" /><testcase classname="backend.tests.test_trades.TestTradeSystem" name="test_11_accept_proposed_trade" time="0.457" /><testcase classname="backend.tests.test_trades.TestTradeSystem" name="test_12_accept_countered_trade" time="0.446" /><testcase classname="backend.tests.test_trades.TestTradeSystem" name="test_13_decline_trade_by_either_party" time="0.663" /><testcase classname="backend.tests.test_trades.TestTradeSystem" name="test_14_profile_trades" time="0.132" /><testcase classname="backend.tests.test_trades.TestTradeSystem" name="test_15_add_message_to_trade" time="0.679" /><testcase classname="backend.tests.test_trades.TestTradePermissions" name="test_initiator_cannot_accept_own_proposal" time="1.255" /><testcase classname="backend.tests.test_trades.TestTradePermissions" name="test_responder_cannot_accept_own_counter" time="1.326" /></testsuite></testsuites>