<?xml version="1.0" encoding="utf-8"?><testsuites name="pytest tests"><testsuite name="pytest" errors="0" failures="0" skipped="0" tests="11" time="2.793" timestamp="2026-03-10T18:35:15.856692+00:00" hostname="agent-env-1bf61061-3c00-44c8-8354-67dbb354c978"><testcase classname="backend.tests.test_treasury_header.TestCollectionValuation" name="test_collection_valuation_returns_200" time="0.529" /><testcase classname="backend.tests.test_treasury_header.TestCollectionValuation" name="test_collection_valuation_structure" time="0.136" /><testcase classname="backend.tests.test_treasury_header.TestCollectionValuation" name="test_demouser_has_collection_value" time="0.141" /><testcase classname="backend.tests.test_treasury_header.TestDreamlistValuation" name="test_dreamlist_valuation_returns_200" time="0.121" /><testcase classname="backend.tests.test_treasury_header.TestDreamlistValuation" name="test_dreamlist_valuation_structure" time="0.112" /><testcase classname="backend.tests.test_treasury_header.TestDreamlistValuation" name="test_dreamlist_zero_for_user_with_no_dreams" time="0.128" /><testcase classname="backend.tests.test_treasury_header.TestRefreshEndpoint" name="test_refresh_returns_200" time="0.162" /><testcase classname="backend.tests.test_treasury_header.TestRefreshEndpoint" name="test_refresh_returns_message" time="0.542" /><testcase classname="backend.tests.test_treasury_header.TestUnauthorizedAccess" name="test_collection_requires_auth" time="0.536" /><testcase classname="backend.tests.test_treasury_header.TestUnauthorizedAccess" name="test_dreamlist_requires_auth" time="0.162" /><testcase classname="backend.tests.test_treasury_header.TestUnauthorizedAccess" name="test_refresh_requires_auth" time="0.153" /></testsuite></testsuites>