<?xml version="1.0" encoding="utf-8"?><testsuites name="pytest tests"><testsuite name="pytest" errors="0" failures="0" skipped="0" tests="22" time="2.248" timestamp="2026-03-06T02:28:03.817514+00:00" hostname="agent-env-f1ba16d8-110c-4303-b568-954cd4b0b990"><testcase classname="backend.tests.test_trust_security.TestBetaSignupHoneypot" name="test_beta_signup_success_clean" time="0.172" /><testcase classname="backend.tests.test_trust_security.TestBetaSignupHoneypot" name="test_beta_signup_honeypot_triggers" time="0.055" /><testcase classname="backend.tests.test_trust_security.TestBetaSignupHoneypot" name="test_beta_signup_duplicate_blocked" time="0.109" /><testcase classname="backend.tests.test_trust_security.TestRateLimiting" name="test_login_rate_limit_headers" time="0.056" /><testcase classname="backend.tests.test_trust_security.TestRateLimiting" name="test_beta_signup_rate_limit_structure" time="0.049" /><testcase classname="backend.tests.test_trust_security.TestEmailVerification" name="test_verify_email_invalid_token" time="0.065" /><testcase classname="backend.tests.test_trust_security.TestEmailVerification" name="test_verify_email_missing_token" time="0.051" /><testcase classname="backend.tests.test_trust_security.TestEmailVerification" name="test_resend_verification_requires_auth" time="0.051" /><testcase classname="backend.tests.test_trust_security.TestEmailVerification" name="test_resend_verification_authenticated" time="0.349" /><testcase classname="backend.tests.test_trust_security.TestUserResponseModel" name="test_login_returns_email_verified" time="0.280" /><testcase classname="backend.tests.test_trust_security.TestUserResponseModel" name="test_me_returns_email_verified" time="0.056" /><testcase classname="backend.tests.test_trust_security.TestRegisterInvite" name="test_register_invite_invalid_code" time="0.054" /><testcase classname="backend.tests.test_trust_security.TestRegisterInvite" name="test_register_invite_duplicate_email" time="0.052" /><testcase classname="backend.tests.test_trust_security.TestPublicRoutes" name="test_terms_page_accessible" time="0.057" /><testcase classname="backend.tests.test_trust_security.TestPublicRoutes" name="test_privacy_page_accessible" time="0.052" /><testcase classname="backend.tests.test_trust_security.TestAdminInviteCodes" name="test_list_invite_codes_requires_admin" time="0.174" /><testcase classname="backend.tests.test_trust_security.TestAdminInviteCodes" name="test_list_invite_codes_admin" time="0.053" /><testcase classname="backend.tests.test_trust_security.TestAdminInviteCodes" name="test_generate_invite_codes_admin" time="0.053" /><testcase classname="backend.tests.test_trust_security.TestPlatformFee" name="test_platform_fee_endpoint" time="0.050" /><testcase classname="backend.tests.test_trust_security.TestStripeIntegration" name="test_listings_endpoint_works" time="0.095" /><testcase classname="backend.tests.test_trust_security.TestStripeIntegration" name="test_trades_endpoint_requires_auth" time="0.111" /><testcase classname="backend.tests.test_trust_security.TestStripeIntegration" name="test_trades_endpoint_authenticated" time="0.124" /></testsuite></testsuites>