<?xml version="1.0" encoding="utf-8"?><testsuites name="pytest tests"><testsuite name="pytest" errors="0" failures="0" skipped="0" tests="14" time="2.340" timestamp="2026-03-07T04:53:47.109894+00:00" hostname="agent-env-f269cf0e-e9e5-4e49-b539-de5fd3db3c6f"><testcase classname="backend.tests.test_unified_search.TestUnifiedSearchEndpoint" name="test_search_taylor_returns_grouped_results" time="0.166" /><testcase classname="backend.tests.test_unified_search.TestUnifiedSearchEndpoint" name="test_fuzzy_search_tay_swift" time="0.124" /><testcase classname="backend.tests.test_unified_search.TestUnifiedSearchEndpoint" name="test_search_lover_album" time="0.107" /><testcase classname="backend.tests.test_unified_search.TestUnifiedSearchEndpoint" name="test_search_katie_collector" time="0.120" /><testcase classname="backend.tests.test_unified_search.TestUnifiedSearchEndpoint" name="test_search_response_time_under_300ms" time="0.492" /><testcase classname="backend.tests.test_unified_search.TestUnifiedSearchEndpoint" name="test_empty_results_for_nonexistent" time="0.114" /><testcase classname="backend.tests.test_unified_search.TestUnifiedSearchEndpoint" name="test_min_2_chars_validation" time="0.120" /><testcase classname="backend.tests.test_unified_search.TestUnifiedSearchEndpoint" name="test_hidden_users_not_in_results" time="0.125" /><testcase classname="backend.tests.test_unified_search.TestUnifiedSearchEndpoint" name="test_search_returns_correct_record_structure" time="0.116" /><testcase classname="backend.tests.test_unified_search.TestUnifiedSearchEndpoint" name="test_search_collectors_has_follow_status" time="0.114" /><testcase classname="backend.tests.test_unified_search.TestDiscogsSearchEndpoint" name="test_discogs_search_taylor_swift" time="0.296" /><testcase classname="backend.tests.test_unified_search.TestDiscogsSearchEndpoint" name="test_discogs_min_2_chars" time="0.146" /><testcase classname="backend.tests.test_unified_search.TestSearchAuth" name="test_unified_search_requires_auth" time="0.102" /><testcase classname="backend.tests.test_unified_search.TestSearchAuth" name="test_discogs_search_requires_auth" time="0.104" /></testsuite></testsuites>