<?xml version="1.0" encoding="utf-8"?><testsuites name="pytest tests"><testsuite name="pytest" errors="0" failures="0" skipped="0" tests="10" time="1.742" timestamp="2026-03-10T18:47:22.940287+00:00" hostname="agent-env-1bf61061-3c00-44c8-8354-67dbb354c978"><testcase classname="backend.tests.test_universal_price_visibility.TestUniversalPriceVisibility" name="test_user_dreaming_endpoint_returns_median_value" time="0.131" /><testcase classname="backend.tests.test_universal_price_visibility.TestUniversalPriceVisibility" name="test_user_dreaming_returns_null_for_items_without_value" time="0.120" /><testcase classname="backend.tests.test_universal_price_visibility.TestUniversalPriceVisibility" name="test_user_dreaming_returns_correct_structure" time="0.134" /><testcase classname="backend.tests.test_universal_price_visibility.TestUniversalPriceVisibility" name="test_authenticated_dreamlist_returns_median_value" time="0.458" /><testcase classname="backend.tests.test_universal_price_visibility.TestUniversalPriceVisibility" name="test_dreamlist_requires_auth" time="0.121" /><testcase classname="backend.tests.test_universal_price_visibility.TestUniversalPriceVisibility" name="test_dreamlist_valuation_endpoint" time="0.117" /><testcase classname="backend.tests.test_universal_price_visibility.TestUniversalPriceVisibility" name="test_dreamlist_valuation_for_user" time="0.131" /><testcase classname="backend.tests.test_universal_price_visibility.TestUniversalPriceVisibility" name="test_collection_valuation" time="0.166" /><testcase classname="backend.tests.test_universal_price_visibility.TestDreamItemDataIntegrity" name="test_all_dream_items_have_median_value_field" time="0.145" /><testcase classname="backend.tests.test_universal_price_visibility.TestDreamItemDataIntegrity" name="test_dream_item_discogs_id_mapping" time="0.143" /></testsuite></testsuites>