<?xml version="1.0" encoding="utf-8"?><testsuites name="pytest tests"><testsuite name="pytest" errors="0" failures="0" skipped="0" tests="5" time="1.174" timestamp="2026-03-12T04:57:22.214265+00:00" hostname="agent-env-7e4a75b1-e824-4fc8-9c8f-6699b796bd80"><testcase classname="backend.tests.test_unofficial_haul_features.TestSmartFlagDetection" name="test_unofficial_release_merry_swiftmas" time="0.313" /><testcase classname="backend.tests.test_unofficial_haul_features.TestSmartFlagDetection" name="test_official_release_pink_pony_club" time="0.274" /><testcase classname="backend.tests.test_unofficial_haul_features.TestSmartFlagDetection" name="test_release_endpoint_returns_all_fields" time="0.294" /><testcase classname="backend.tests.test_unofficial_haul_features.TestHivePostStructure" name="test_hive_feed_requires_auth" time="0.107" /><testcase classname="backend.tests.test_unofficial_haul_features.TestHivePostStructure" name="test_posts_endpoint_requires_auth" time="0.126" /></testsuite></testsuites>