<?xml version="1.0" encoding="utf-8"?><testsuites name="pytest tests"><testsuite name="pytest" errors="0" failures="0" skipped="0" tests="8" time="3.344" timestamp="2026-03-09T21:01:44.733889+00:00" hostname="agent-env-a8524c17-662d-44e9-8f32-d99368acf505"><testcase classname="backend.tests.test_upgrade_to_reality.TestISOAcquireEndpoint" name="test_acquire_with_full_condition_data" time="0.806" /><testcase classname="backend.tests.test_upgrade_to_reality.TestISOAcquireEndpoint" name="test_acquire_with_partial_data" time="0.245" /><testcase classname="backend.tests.test_upgrade_to_reality.TestISOAcquireEndpoint" name="test_acquire_with_no_condition_data" time="0.258" /><testcase classname="backend.tests.test_upgrade_to_reality.TestISOAcquireEndpoint" name="test_acquire_nonexistent_iso" time="0.060" /><testcase classname="backend.tests.test_upgrade_to_reality.TestISOAcquireEndpoint" name="test_acquire_removes_iso_from_list" time="0.345" /><testcase classname="backend.tests.test_upgrade_to_reality.TestBackwardsCompatibility" name="test_old_convert_endpoint_still_works" time="0.177" /><testcase classname="backend.tests.test_upgrade_to_reality.TestBackwardsCompatibility" name="test_old_endpoint_uses_default_notes" time="0.224" /><testcase classname="backend.tests.test_upgrade_to_reality.TestGradeOptionsInAcquire" name="test_acquire_with_all_honey_grade_options" time="1.157" /></testsuite></testsuites>