<?xml version="1.0" encoding="utf-8"?><testsuites name="pytest tests"><testsuite name="pytest" errors="0" failures="1" skipped="0" tests="5" time="78.388" timestamp="2026-03-12T04:46:01.689270+00:00" hostname="agent-env-7e4a75b1-e824-4fc8-9c8f-6699b796bd80"><testcase classname="backend.tests.test_v283_emergency_directive.TestVariantAPIIsUnofficial" name="test_merry_swiftmas_is_unofficial_true" time="0.479" /><testcase classname="backend.tests.test_v283_emergency_directive.TestVariantAPIIsUnofficial" name="test_pink_pony_club_is_unofficial_false" time="0.397" /><testcase classname="backend.tests.test_v283_emergency_directive.TestAdminScrubUnofficialMetadata" name="test_scrub_unofficial_metadata_returns_expected_counts" time="60.397"><failure message="AssertionError: Expected 200, got 502: The preview environment is not responding. It may be starting up.&#10;  &#10;assert 502 == 200&#10; +  where 502 = &lt;Response [502]&gt;.status_code">backend/tests/test_v283_emergency_directive.py:88: in test_scrub_unofficial_metadata_returns_expected_counts
    assert response.status_code == 200, f"Expected 200, got {response.status_code}: {response.text}"
E   AssertionError: Expected 200, got 502: The preview environment is not responding. It may be starting up.
E     
E   assert 502 == 200
E    +  where 502 = &lt;Response [502]&gt;.status_code</failure></testcase><testcase classname="backend.tests.test_v283_emergency_directive.TestAdminScrubUnofficialMetadata" name="test_scrub_unauthorized_without_admin" time="16.705" /><testcase classname="backend.tests.test_v283_emergency_directive.TestVariantAPIsResponse" name="test_variant_release_contains_required_fields" time="0.325" /></testsuite></testsuites>