<?xml version="1.0" encoding="utf-8"?><testsuites name="pytest tests"><testsuite name="pytest" errors="0" failures="0" skipped="0" tests="12" time="3.485" timestamp="2026-03-10T06:38:29.796084+00:00" hostname="agent-env-8d33ef68-b2a0-4669-bfc0-8ac8e8ee9896"><testcase classname="backend.tests.test_variant_tracker_interactive.TestVariantTrackerBackend" name="test_completion_endpoint_exists" time="0.132" /><testcase classname="backend.tests.test_variant_tracker_interactive.TestVariantTrackerBackend" name="test_completion_returns_required_fields" time="0.111" /><testcase classname="backend.tests.test_variant_tracker_interactive.TestVariantTrackerBackend" name="test_completion_variants_structure" time="0.098" /><testcase classname="backend.tests.test_variant_tracker_interactive.TestVariantTrackerBackend" name="test_completion_authenticated_shows_owned" time="0.500" /><testcase classname="backend.tests.test_variant_tracker_interactive.TestVariantTrackerBackend" name="test_post_records_requires_auth" time="0.101" /><testcase classname="backend.tests.test_variant_tracker_interactive.TestVariantTrackerBackend" name="test_post_records_creates_record" time="0.230" /><testcase classname="backend.tests.test_variant_tracker_interactive.TestVariantTrackerBackend" name="test_post_records_response_fields" time="0.231" /><testcase classname="backend.tests.test_variant_tracker_interactive.TestVariantTrackerBackend" name="test_post_records_creates_activity_post" time="0.316" /><testcase classname="backend.tests.test_variant_tracker_interactive.TestVariantTrackerBackend" name="test_post_records_duplicate_handling" time="0.417" /><testcase classname="backend.tests.test_variant_tracker_interactive.TestVariantCompletionFlow" name="test_variant_page_endpoint" time="0.361" /><testcase classname="backend.tests.test_variant_tracker_interactive.TestVariantCompletionFlow" name="test_completion_for_igor_variants" time="0.119" /><testcase classname="backend.tests.test_variant_tracker_interactive.TestDiscogsReleaseEndpoint" name="test_discogs_release_endpoint" time="0.804" /></testsuite></testsuites>