<?xml version="1.0" encoding="utf-8"?><testsuites name="pytest tests"><testsuite name="pytest" errors="0" failures="0" skipped="2" tests="9" time="4.851" timestamp="2026-03-10T00:08:47.414074+00:00" hostname="agent-env-939654a4-329b-435a-8ce2-416893b6de91"><testcase classname="backend.tests.test_variant_make_friends.TestMakeFriendsSharedRecords" name="test_suggested_collectors_endpoint_exists" time="1.063" /><testcase classname="backend.tests.test_variant_make_friends.TestMakeFriendsSharedRecords" name="test_suggested_collectors_excludes_already_followed" time="0.000"><skipped type="pytest.skip" message="Could not create test users">/app/backend/tests/test_variant_make_friends.py:95: Could not create test users</skipped></testcase><testcase classname="backend.tests.test_variant_make_friends.TestMakeFriendsSharedRecords" name="test_suggested_collectors_excludes_blocked_users" time="0.520" /><testcase classname="backend.tests.test_variant_make_friends.TestMakeFriendsSharedRecords" name="test_suggested_collectors_response_structure" time="0.340" /><testcase classname="backend.tests.test_variant_make_friends.TestColorVariantInRecords" name="test_create_record_with_color_variant" time="1.004" /><testcase classname="backend.tests.test_variant_make_friends.TestColorVariantInRecords" name="test_record_without_color_variant" time="0.292" /><testcase classname="backend.tests.test_variant_make_friends.TestFeedPostsWithVariant" name="test_spin_creates_post_with_record_variant" time="0.977" /><testcase classname="backend.tests.test_variant_make_friends.TestFeedPostsWithVariant" name="test_hive_feed_posts_structure" time="0.254" /><testcase classname="backend.tests.test_variant_make_friends.TestDiscogsImportColorVariant" name="test_discogs_status_endpoint" time="0.336"><skipped type="pytest.skip" message="Could not create test user for Discogs status check">/app/backend/tests/test_variant_make_friends.py:408: Could not create test user for Discogs status check</skipped></testcase></testsuite></testsuites>