<?xml version="1.0" encoding="utf-8"?><testsuites name="pytest tests"><testsuite name="pytest" errors="0" failures="0" skipped="0" tests="14" time="26.101" timestamp="2026-03-17T13:42:53.372738+00:00" hostname="agent-env-d2c8d7e9-492e-45b5-8101-1fa0e4adf3e1"><testcase classname="backend.tests.test_variant_market_data_fallback.TestHealthEndpoint" name="test_health_pool_config" time="14.141" /><testcase classname="backend.tests.test_variant_market_data_fallback.TestOpaliteChrisLakeVariant" name="test_release_has_cover_url" time="0.964" /><testcase classname="backend.tests.test_variant_market_data_fallback.TestOpaliteChrisLakeVariant" name="test_release_has_community_stats" time="0.902" /><testcase classname="backend.tests.test_variant_market_data_fallback.TestOpaliteChrisLakeVariant" name="test_release_has_market_value" time="0.875" /><testcase classname="backend.tests.test_variant_market_data_fallback.TestSpeakNowOrchidVariant" name="test_release_has_cover_url" time="0.454" /><testcase classname="backend.tests.test_variant_market_data_fallback.TestSpeakNowOrchidVariant" name="test_release_has_community_stats" time="0.526" /><testcase classname="backend.tests.test_variant_market_data_fallback.TestSpeakNowOrchidVariant" name="test_release_has_market_value" time="0.444" /><testcase classname="backend.tests.test_variant_market_data_fallback.TestHilaryDuffMatureEditionFallback" name="test_release_uses_master_fallback" time="1.212" /><testcase classname="backend.tests.test_variant_market_data_fallback.TestHilaryDuffMatureEditionFallback" name="test_release_has_cover_url" time="1.231" /><testcase classname="backend.tests.test_variant_market_data_fallback.TestHilaryDuffMatureEditionFallback" name="test_release_has_market_value" time="1.213" /><testcase classname="backend.tests.test_variant_market_data_fallback.TestSearchVariantsCoverResolution" name="test_opalite_search_has_covers" time="0.571" /><testcase classname="backend.tests.test_variant_market_data_fallback.TestSearchVariantsCoverResolution" name="test_speak_now_orchid_search_has_covers" time="2.142" /><testcase classname="backend.tests.test_variant_market_data_fallback.TestDataIntegrity" name="test_opalite_variant_data_structure" time="0.904" /><testcase classname="backend.tests.test_variant_market_data_fallback.TestDataIntegrity" name="test_speak_now_orchid_has_internal_owners" time="0.411" /></testsuite></testsuites>