<?xml version="1.0" encoding="utf-8"?><testsuites name="pytest tests"><testsuite name="pytest" errors="0" failures="0" skipped="0" tests="8" time="5.234" timestamp="2026-03-10T04:55:09.928749+00:00" hostname="agent-env-8c3e0ed9-fa9a-4538-b47d-670789d0e11c"><testcase classname="backend.tests.test_variant_actions.TestOwnershipEndpointUnauthenticated" name="test_ownership_without_auth_returns_not_owned" time="0.139" /><testcase classname="backend.tests.test_variant_actions.TestOwnershipEndpointUnauthenticated" name="test_ownership_nonexistent_id_without_auth" time="0.107" /><testcase classname="backend.tests.test_variant_actions.TestVariantActionsAuthenticated" name="test_ownership_with_auth_not_owned" time="0.683" /><testcase classname="backend.tests.test_variant_actions.TestVariantActionsAuthenticated" name="test_add_to_wishlist" time="0.974" /><testcase classname="backend.tests.test_variant_actions.TestVariantActionsAuthenticated" name="test_add_to_actively_seeking" time="0.843" /><testcase classname="backend.tests.test_variant_actions.TestVariantActionsAuthenticated" name="test_add_to_collection" time="0.924" /><testcase classname="backend.tests.test_variant_actions.TestVariantActionsAuthenticated" name="test_ownership_shows_both_record_and_iso" time="1.104" /><testcase classname="backend.tests.test_variant_actions.TestVariantPageData" name="test_variant_page_includes_discogs_id" time="0.383" /></testsuite></testsuites>