<?xml version="1.0" encoding="utf-8"?><testsuites name="pytest tests"><testsuite name="pytest" errors="0" failures="0" skipped="0" tests="11" time="4.661" timestamp="2026-03-10T04:43:48.097476+00:00" hostname="agent-env-8c3e0ed9-fa9a-4538-b47d-670789d0e11c"><testcase classname="backend.tests.test_variant_completion.TestVariantCompletionAPI" name="test_completion_charli_xcx_brat_returns_valid_structure" time="0.232" /><testcase classname="backend.tests.test_variant_completion.TestVariantCompletionAPI" name="test_completion_charli_xcx_variants_array_structure" time="0.159" /><testcase classname="backend.tests.test_variant_completion.TestVariantCompletionAPI" name="test_completion_charli_xcx_variant_grouping" time="0.145" /><testcase classname="backend.tests.test_variant_completion.TestVariantCompletionAPI" name="test_completion_chappell_roan_returns_valid_data" time="2.893" /><testcase classname="backend.tests.test_variant_completion.TestVariantCompletionAPI" name="test_completion_nonexistent_release_graceful_handling" time="0.348" /><testcase classname="backend.tests.test_variant_completion.TestVariantCompletionAPI" name="test_completion_percentage_calculation" time="0.110" /><testcase classname="backend.tests.test_variant_completion.TestVariantCompletionAPI" name="test_completion_variants_owned_boolean" time="0.101" /><testcase classname="backend.tests.test_variant_completion.TestVariantCompletionAPI" name="test_completion_release_ids_are_integers" time="0.120" /><testcase classname="backend.tests.test_variant_completion.TestVariantCompletionAPI" name="test_completion_data_types" time="0.108" /><testcase classname="backend.tests.test_variant_completion.TestVariantCompletionEdgeCases" name="test_completion_first_call_caches_data" time="0.254" /><testcase classname="backend.tests.test_variant_completion.TestVariantCompletionEdgeCases" name="test_completion_album_artist_metadata" time="0.105" /></testsuite></testsuites>