<?xml version="1.0" encoding="utf-8"?><testsuites name="pytest tests"><testsuite name="pytest" errors="0" failures="0" skipped="0" tests="16" time="4.669" timestamp="2026-03-10T04:20:18.354017+00:00" hostname="agent-env-8c3e0ed9-fa9a-4538-b47d-670789d0e11c"><testcase classname="backend.tests.test_vinyl_variant_discogs.TestVinylVariantAPIChappellRoan" name="test_chappell_roan_variant_overview" time="0.419" /><testcase classname="backend.tests.test_vinyl_variant_discogs.TestVinylVariantAPIChappellRoan" name="test_chappell_roan_data_source" time="0.267" /><testcase classname="backend.tests.test_vinyl_variant_discogs.TestVinylVariantAPIChappellRoan" name="test_chappell_roan_discogs_value" time="0.310" /><testcase classname="backend.tests.test_vinyl_variant_discogs.TestVinylVariantAPIChappellRoan" name="test_chappell_roan_seo_fields" time="0.283" /><testcase classname="backend.tests.test_vinyl_variant_discogs.TestVinylVariantAPIChappellRoan" name="test_chappell_roan_collector_owner" time="0.354" /><testcase classname="backend.tests.test_vinyl_variant_discogs.TestVinylVariantAPICharliXCX" name="test_charli_xcx_variant_overview" time="0.287" /><testcase classname="backend.tests.test_vinyl_variant_discogs.TestVinylVariantAPICharliXCX" name="test_charli_xcx_data_source" time="0.268" /><testcase classname="backend.tests.test_vinyl_variant_discogs.TestVinylVariantAPICharliXCX" name="test_charli_xcx_discogs_value" time="0.435" /><testcase classname="backend.tests.test_vinyl_variant_discogs.TestVinylVariantAPIGracefulHandling" name="test_nonexistent_variant_returns_200" time="0.144" /><testcase classname="backend.tests.test_vinyl_variant_discogs.TestVinylVariantAPIGracefulHandling" name="test_nonexistent_variant_no_discogs_data" time="0.162" /><testcase classname="backend.tests.test_vinyl_variant_discogs.TestVinylVariantAPIGracefulHandling" name="test_nonexistent_variant_empty_values" time="0.136" /><testcase classname="backend.tests.test_vinyl_variant_discogs.TestVinylSSREndpoint" name="test_ssr_returns_html" time="0.292" /><testcase classname="backend.tests.test_vinyl_variant_discogs.TestVinylSSREndpoint" name="test_ssr_og_tags" time="0.298" /><testcase classname="backend.tests.test_vinyl_variant_discogs.TestVinylSSREndpoint" name="test_ssr_twitter_card" time="0.304" /><testcase classname="backend.tests.test_vinyl_variant_discogs.TestVinylSSREndpoint" name="test_ssr_json_ld" time="0.330" /><testcase classname="backend.tests.test_vinyl_variant_discogs.TestVinylSSREndpoint" name="test_ssr_vinyl_meta_tags" time="0.282" /></testsuite></testsuites>