<?xml version="1.0" encoding="utf-8"?><testsuites name="pytest tests"><testsuite name="pytest" errors="0" failures="0" skipped="0" tests="22" time="3.714" timestamp="2026-03-05T06:42:13.104914+00:00" hostname="agent-env-bcb09e23-2bd0-4414-b34a-4226c1c92a95"><testcase classname="backend.tests.test_vinyl_mood_marketplace.TestVinylMoodFeature" name="test_create_vinyl_mood_late_night" time="0.517" /><testcase classname="backend.tests.test_vinyl_mood_marketplace.TestVinylMoodFeature" name="test_create_vinyl_mood_sunday_morning" time="0.136" /><testcase classname="backend.tests.test_vinyl_mood_marketplace.TestVinylMoodFeature" name="test_create_vinyl_mood_rainy_day" time="0.136" /><testcase classname="backend.tests.test_vinyl_mood_marketplace.TestVinylMoodFeature" name="test_create_vinyl_mood_road_trip" time="0.129" /><testcase classname="backend.tests.test_vinyl_mood_marketplace.TestVinylMoodFeature" name="test_create_vinyl_mood_golden_hour" time="0.113" /><testcase classname="backend.tests.test_vinyl_mood_marketplace.TestVinylMoodFeature" name="test_create_vinyl_mood_deep_focus" time="0.106" /><testcase classname="backend.tests.test_vinyl_mood_marketplace.TestVinylMoodFeature" name="test_create_vinyl_mood_party_mode" time="0.110" /><testcase classname="backend.tests.test_vinyl_mood_marketplace.TestVinylMoodFeature" name="test_create_vinyl_mood_lazy_afternoon" time="0.103" /><testcase classname="backend.tests.test_vinyl_mood_marketplace.TestVinylMoodFeature" name="test_create_vinyl_mood_melancholy" time="0.103" /><testcase classname="backend.tests.test_vinyl_mood_marketplace.TestVinylMoodFeature" name="test_create_vinyl_mood_upbeat_vibes" time="0.122" /><testcase classname="backend.tests.test_vinyl_mood_marketplace.TestVinylMoodFeature" name="test_create_vinyl_mood_cozy_evening" time="0.107" /><testcase classname="backend.tests.test_vinyl_mood_marketplace.TestVinylMoodFeature" name="test_create_vinyl_mood_workout" time="0.119" /><testcase classname="backend.tests.test_vinyl_mood_marketplace.TestVinylMoodFeature" name="test_feed_contains_mood_posts" time="0.221" /><testcase classname="backend.tests.test_vinyl_mood_marketplace.TestMarketplacePhotoUpload" name="test_listing_requires_photos" time="0.104" /><testcase classname="backend.tests.test_vinyl_mood_marketplace.TestMarketplacePhotoUpload" name="test_listing_requires_photo_urls_field" time="0.105" /><testcase classname="backend.tests.test_vinyl_mood_marketplace.TestMarketplacePhotoUpload" name="test_listing_with_one_photo" time="0.253" /><testcase classname="backend.tests.test_vinyl_mood_marketplace.TestMarketplacePhotoUpload" name="test_listing_with_multiple_photos" time="0.242" /><testcase classname="backend.tests.test_vinyl_mood_marketplace.TestMarketplacePhotoUpload" name="test_listing_max_10_photos" time="0.224" /><testcase classname="backend.tests.test_vinyl_mood_marketplace.TestMarketplacePhotoUpload" name="test_listing_over_max_photos_rejected" time="0.135" /><testcase classname="backend.tests.test_vinyl_mood_marketplace.TestMarketplacePhotoUpload" name="test_get_listings_includes_photo_urls" time="0.318" /><testcase classname="backend.tests.test_vinyl_mood_marketplace.TestMarketplacePhotoUpload" name="test_my_listings_includes_photo_urls" time="0.113" /><testcase classname="backend.tests.test_vinyl_mood_marketplace.TestExistingListingsPhotoCompatibility" name="test_old_listings_return_empty_photo_urls" time="0.106" /></testsuite></testsuites>