<?xml version="1.0" encoding="utf-8"?><testsuites name="pytest tests"><testsuite name="pytest" errors="0" failures="0" skipped="0" tests="16" time="2.099" timestamp="2026-03-10T04:04:09.378716+00:00" hostname="agent-env-aa5969af-1389-4f49-bb3f-078668024e68"><testcase classname="tests.test_vinyl_variant_pages.TestVinylVariantAPI" name="test_vinyl_variant_endpoint_returns_200" time="0.163" /><testcase classname="tests.test_vinyl_variant_pages.TestVinylVariantAPI" name="test_vinyl_variant_returns_variant_overview" time="0.149" /><testcase classname="tests.test_vinyl_variant_pages.TestVinylVariantAPI" name="test_vinyl_variant_returns_marketplace" time="0.116" /><testcase classname="tests.test_vinyl_variant_pages.TestVinylVariantAPI" name="test_vinyl_variant_returns_value" time="0.129" /><testcase classname="tests.test_vinyl_variant_pages.TestVinylVariantAPI" name="test_vinyl_variant_returns_demand" time="0.112" /><testcase classname="tests.test_vinyl_variant_pages.TestVinylVariantAPI" name="test_vinyl_variant_returns_activity" time="0.119" /><testcase classname="tests.test_vinyl_variant_pages.TestVinylVariantAPI" name="test_vinyl_variant_returns_seo" time="0.133" /><testcase classname="tests.test_vinyl_variant_pages.TestVinylVariantSSR" name="test_ssr_endpoint_returns_html" time="0.113" /><testcase classname="tests.test_vinyl_variant_pages.TestVinylVariantSSR" name="test_ssr_contains_og_tags" time="0.110" /><testcase classname="tests.test_vinyl_variant_pages.TestVinylVariantSSR" name="test_ssr_contains_twitter_cards" time="0.106" /><testcase classname="tests.test_vinyl_variant_pages.TestVinylVariantSSR" name="test_ssr_contains_vinyl_meta_tags" time="0.124" /><testcase classname="tests.test_vinyl_variant_pages.TestVinylVariantSSR" name="test_ssr_contains_canonical_url" time="0.117" /><testcase classname="tests.test_vinyl_variant_pages.TestVinylVariantSSR" name="test_ssr_contains_json_ld_schema" time="0.162" /><testcase classname="tests.test_vinyl_variant_pages.TestVinylBotMiddleware" name="test_twitterbot_gets_ssr_html" time="0.108" /><testcase classname="tests.test_vinyl_variant_pages.TestVinylBotMiddleware" name="test_facebookbot_gets_ssr_html" time="0.127" /><testcase classname="tests.test_vinyl_variant_pages.TestVinylBotMiddleware" name="test_normal_user_gets_react_spa" time="0.116" /></testsuite></testsuites>