<?xml version="1.0" encoding="utf-8"?><testsuites name="pytest tests"><testsuite name="pytest" errors="0" failures="0" skipped="0" tests="11" time="5.142" timestamp="2026-03-11T13:58:39.550907+00:00" hostname="agent-env-c2c4194e-1898-4ec6-b245-5f7c2a5ac35a"><testcase classname="backend.tests.test_websocket_live_feed.TestWebSocketLiveFeed" name="test_socketio_handshake" time="0.158" /><testcase classname="backend.tests.test_websocket_live_feed.TestWebSocketLiveFeed" name="test_composer_now_spinning_creates_post" time="0.650" /><testcase classname="backend.tests.test_websocket_live_feed.TestWebSocketLiveFeed" name="test_composer_note_creates_post" time="0.445" /><testcase classname="backend.tests.test_websocket_live_feed.TestWebSocketLiveFeed" name="test_composer_iso_creates_post" time="0.441" /><testcase classname="backend.tests.test_websocket_live_feed.TestWebSocketLiveFeed" name="test_composer_new_haul_creates_post" time="0.467" /><testcase classname="backend.tests.test_websocket_live_feed.TestWebSocketLiveFeed" name="test_feed_endpoint_returns_posts" time="0.470" /><testcase classname="backend.tests.test_websocket_live_feed.TestWebSocketLiveFeed" name="test_post_response_has_required_fields_for_websocket" time="0.451" /><testcase classname="backend.tests.test_websocket_live_feed.TestEmitNewPostIntegration" name="test_emit_new_post_called_on_now_spinning" time="0.591" /><testcase classname="backend.tests.test_websocket_live_feed.TestEmitNewPostIntegration" name="test_emit_new_post_called_on_note" time="0.457" /><testcase classname="backend.tests.test_websocket_live_feed.TestEmitNewPostIntegration" name="test_emit_new_post_called_on_iso" time="0.480" /><testcase classname="backend.tests.test_websocket_live_feed.TestEmitNewPostIntegration" name="test_emit_new_post_called_on_new_haul" time="0.464" /></testsuite></testsuites>