<?xml version="1.0" encoding="utf-8"?><testsuites name="pytest tests"><testsuite name="pytest" errors="0" failures="0" skipped="0" tests="15" time="2.576" timestamp="2026-03-09T04:48:54.568949+00:00" hostname="agent-env-dc20646c-35a3-4a42-b77e-4fe90787e1cc"><testcase classname="backend.tests.test_welcome_hive_dashboard.TestWelcomeHiveDashboardAPI" name="test_welcome_hive_data_endpoint_returns_200" time="0.472" /><testcase classname="backend.tests.test_welcome_hive_dashboard.TestWelcomeHiveDashboardAPI" name="test_welcome_hive_data_returns_collection_value" time="0.113" /><testcase classname="backend.tests.test_welcome_hive_dashboard.TestWelcomeHiveDashboardAPI" name="test_welcome_hive_data_returns_record_count" time="0.109" /><testcase classname="backend.tests.test_welcome_hive_dashboard.TestWelcomeHiveDashboardAPI" name="test_welcome_hive_data_returns_artist_count" time="0.120" /><testcase classname="backend.tests.test_welcome_hive_dashboard.TestWelcomeHiveDashboardAPI" name="test_welcome_hive_data_returns_top_artist" time="0.111" /><testcase classname="backend.tests.test_welcome_hive_dashboard.TestWelcomeHiveDashboardAPI" name="test_welcome_hive_data_returns_has_seen_flag" time="0.140" /><testcase classname="backend.tests.test_welcome_hive_dashboard.TestWelcomeHiveDashboardAPI" name="test_welcome_hive_data_requires_auth" time="0.103" /><testcase classname="backend.tests.test_welcome_hive_dashboard.TestWelcomeHiveDashboardAPI" name="test_mark_welcome_seen_endpoint_returns_200" time="0.106" /><testcase classname="backend.tests.test_welcome_hive_dashboard.TestWelcomeHiveDashboardAPI" name="test_mark_welcome_seen_returns_ok" time="0.104" /><testcase classname="backend.tests.test_welcome_hive_dashboard.TestWelcomeHiveDashboardAPI" name="test_mark_welcome_seen_requires_auth" time="0.105" /><testcase classname="backend.tests.test_welcome_hive_dashboard.TestWelcomeHiveDashboardAPI" name="test_mark_welcome_seen_updates_flag" time="0.223" /><testcase classname="backend.tests.test_welcome_hive_dashboard.TestWelcomeHiveDataValues" name="test_user_has_records" time="0.432" /><testcase classname="backend.tests.test_welcome_hive_dashboard.TestWelcomeHiveDataValues" name="test_user_has_artists" time="0.123" /><testcase classname="backend.tests.test_welcome_hive_dashboard.TestWelcomeHiveDataValues" name="test_user_collection_value_non_negative" time="0.099" /><testcase classname="backend.tests.test_welcome_hive_dashboard.TestWelcomeHiveDataValues" name="test_data_structure_complete" time="0.146" /></testsuite></testsuites>